2025-11-23 00:44:13 - httpx - INFO - HTTP Request: GET http://test/api/v1/admin/users "HTTP/1.1 403 Forbidden"
2025-11-23 00:44:14 - passlib.handlers.bcrypt - WARNING - (trapped) error reading bcrypt version
Traceback (most recent call last):
  File "C:\Users\User\AppData\Local\Programs\Python\Python313\Lib\site-packages\passlib\handlers\bcrypt.py", line 620, in _load_backend_mixin
    version = _bcrypt.__about__.__version__
              ^^^^^^^^^^^^^^^^^
AttributeError: module 'bcrypt' has no attribute '__about__'
2025-11-23 00:44:14 - httpx - INFO - HTTP Request: GET http://test/api/v1/admin/users "HTTP/1.1 403 Forbidden"
2025-11-23 00:44:15 - httpx - INFO - HTTP Request: GET http://test/api/v1/admin/users "HTTP/1.1 200 OK"
2025-11-23 00:44:15 - httpx - INFO - HTTP Request: GET http://test/api/v1/admin/users/2 "HTTP/1.1 200 OK"
2025-11-23 00:44:16 - httpx - INFO - HTTP Request: PUT http://test/api/v1/admin/products/1 "HTTP/1.1 200 OK"
2025-11-23 00:44:16 - httpx - INFO - HTTP Request: DELETE http://test/api/v1/admin/products/1 "HTTP/1.1 204 No Content"
2025-11-23 00:44:17 - httpx - INFO - HTTP Request: POST http://test/api/v1/admin/users/2/add-bonus "HTTP/1.1 200 OK"
2025-11-23 00:46:28 - httpx - INFO - HTTP Request: GET http://test/api/v1/admin/users "HTTP/1.1 403 Forbidden"
2025-11-23 00:46:28 - passlib.handlers.bcrypt - WARNING - (trapped) error reading bcrypt version
Traceback (most recent call last):
  File "C:\Users\User\AppData\Local\Programs\Python\Python313\Lib\site-packages\passlib\handlers\bcrypt.py", line 620, in _load_backend_mixin
    version = _bcrypt.__about__.__version__
              ^^^^^^^^^^^^^^^^^
AttributeError: module 'bcrypt' has no attribute '__about__'
2025-11-23 00:46:28 - httpx - INFO - HTTP Request: GET http://test/api/v1/admin/users "HTTP/1.1 403 Forbidden"
2025-11-23 00:46:29 - httpx - INFO - HTTP Request: GET http://test/api/v1/admin/users "HTTP/1.1 200 OK"
2025-11-23 00:46:29 - httpx - INFO - HTTP Request: GET http://test/api/v1/admin/users/2 "HTTP/1.1 200 OK"
2025-11-23 00:46:30 - httpx - INFO - HTTP Request: POST http://test/api/v1/admin/products "HTTP/1.1 201 Created"
2025-11-23 00:46:30 - httpx - INFO - HTTP Request: PUT http://test/api/v1/admin/products/1 "HTTP/1.1 200 OK"
2025-11-23 00:46:30 - httpx - INFO - HTTP Request: DELETE http://test/api/v1/admin/products/1 "HTTP/1.1 204 No Content"
2025-11-23 00:46:31 - httpx - INFO - HTTP Request: POST http://test/api/v1/admin/users/2/add-bonus "HTTP/1.1 200 OK"
2025-11-23 00:53:42 - httpx - INFO - HTTP Request: GET http://test/api/v1/admin/users "HTTP/1.1 403 Forbidden"
2025-11-23 00:53:42 - passlib.handlers.bcrypt - WARNING - (trapped) error reading bcrypt version
Traceback (most recent call last):
  File "C:\Users\User\AppData\Local\Programs\Python\Python313\Lib\site-packages\passlib\handlers\bcrypt.py", line 620, in _load_backend_mixin
    version = _bcrypt.__about__.__version__
              ^^^^^^^^^^^^^^^^^
AttributeError: module 'bcrypt' has no attribute '__about__'
2025-11-23 00:53:43 - httpx - INFO - HTTP Request: GET http://test/api/v1/admin/users "HTTP/1.1 403 Forbidden"
2025-11-23 00:53:43 - httpx - INFO - HTTP Request: GET http://test/api/v1/admin/users "HTTP/1.1 200 OK"
2025-11-23 00:53:44 - httpx - INFO - HTTP Request: GET http://test/api/v1/admin/users/2 "HTTP/1.1 200 OK"
2025-11-23 00:53:44 - httpx - INFO - HTTP Request: POST http://test/api/v1/admin/products "HTTP/1.1 201 Created"
2025-11-23 00:53:44 - httpx - INFO - HTTP Request: PUT http://test/api/v1/admin/products/1 "HTTP/1.1 200 OK"
2025-11-23 00:53:45 - httpx - INFO - HTTP Request: DELETE http://test/api/v1/admin/products/1 "HTTP/1.1 204 No Content"
2025-11-23 00:53:45 - httpx - INFO - HTTP Request: POST http://test/api/v1/admin/users/2/add-bonus "HTTP/1.1 200 OK"
2025-11-23 18:56:05 - httpx - INFO - HTTP Request: GET http://test/api/v1/admin/users "HTTP/1.1 403 Forbidden"
2025-11-23 18:56:05 - passlib.handlers.bcrypt - WARNING - (trapped) error reading bcrypt version
Traceback (most recent call last):
  File "/usr/local/lib/python3.12/site-packages/passlib/handlers/bcrypt.py", line 620, in _load_backend_mixin
    version = _bcrypt.__about__.__version__
              ^^^^^^^^^^^^^^^^^
AttributeError: module 'bcrypt' has no attribute '__about__'
2025-11-23 18:56:05 - passlib.handlers.bcrypt - WARNING - (trapped) error reading bcrypt version
Traceback (most recent call last):
  File "/usr/local/lib/python3.12/site-packages/passlib/handlers/bcrypt.py", line 620, in _load_backend_mixin
    version = _bcrypt.__about__.__version__
              ^^^^^^^^^^^^^^^^^
AttributeError: module 'bcrypt' has no attribute '__about__'
2025-11-23 18:56:05 - passlib.handlers.bcrypt - WARNING - (trapped) error reading bcrypt version
Traceback (most recent call last):
  File "/usr/local/lib/python3.12/site-packages/passlib/handlers/bcrypt.py", line 620, in _load_backend_mixin
    version = _bcrypt.__about__.__version__
              ^^^^^^^^^^^^^^^^^
AttributeError: module 'bcrypt' has no attribute '__about__'
2025-11-23 18:56:06 - passlib.handlers.bcrypt - WARNING - (trapped) error reading bcrypt version
Traceback (most recent call last):
  File "/usr/local/lib/python3.12/site-packages/passlib/handlers/bcrypt.py", line 620, in _load_backend_mixin
    version = _bcrypt.__about__.__version__
              ^^^^^^^^^^^^^^^^^
AttributeError: module 'bcrypt' has no attribute '__about__'
2025-11-23 18:56:06 - passlib.handlers.bcrypt - WARNING - (trapped) error reading bcrypt version
Traceback (most recent call last):
  File "/usr/local/lib/python3.12/site-packages/passlib/handlers/bcrypt.py", line 620, in _load_backend_mixin
    version = _bcrypt.__about__.__version__
              ^^^^^^^^^^^^^^^^^
AttributeError: module 'bcrypt' has no attribute '__about__'
2025-11-23 18:56:06 - passlib.handlers.bcrypt - WARNING - (trapped) error reading bcrypt version
Traceback (most recent call last):
  File "/usr/local/lib/python3.12/site-packages/passlib/handlers/bcrypt.py", line 620, in _load_backend_mixin
    version = _bcrypt.__about__.__version__
              ^^^^^^^^^^^^^^^^^
AttributeError: module 'bcrypt' has no attribute '__about__'
2025-11-23 18:56:06 - passlib.handlers.bcrypt - WARNING - (trapped) error reading bcrypt version
Traceback (most recent call last):
  File "/usr/local/lib/python3.12/site-packages/passlib/handlers/bcrypt.py", line 620, in _load_backend_mixin
    version = _bcrypt.__about__.__version__
              ^^^^^^^^^^^^^^^^^
AttributeError: module 'bcrypt' has no attribute '__about__'
2025-11-23 18:56:06 - httpx - INFO - HTTP Request: POST http://test/api/v1/auth/register "HTTP/1.1 400 Bad Request"
2025-11-23 18:56:06 - passlib.handlers.bcrypt - WARNING - (trapped) error reading bcrypt version
Traceback (most recent call last):
  File "/usr/local/lib/python3.12/site-packages/passlib/handlers/bcrypt.py", line 620, in _load_backend_mixin
    version = _bcrypt.__about__.__version__
              ^^^^^^^^^^^^^^^^^
AttributeError: module 'bcrypt' has no attribute '__about__'
2025-11-23 18:56:06 - passlib.handlers.bcrypt - WARNING - (trapped) error reading bcrypt version
Traceback (most recent call last):
  File "/usr/local/lib/python3.12/site-packages/passlib/handlers/bcrypt.py", line 620, in _load_backend_mixin
    version = _bcrypt.__about__.__version__
              ^^^^^^^^^^^^^^^^^
AttributeError: module 'bcrypt' has no attribute '__about__'
2025-11-23 18:56:06 - httpx - INFO - HTTP Request: POST http://test/api/v1/auth/register "HTTP/1.1 422 Unprocessable Entity"
2025-11-23 18:56:06 - httpx - INFO - HTTP Request: POST http://test/api/v1/auth/register "HTTP/1.1 422 Unprocessable Entity"
2025-11-23 18:56:06 - passlib.handlers.bcrypt - WARNING - (trapped) error reading bcrypt version
Traceback (most recent call last):
  File "/usr/local/lib/python3.12/site-packages/passlib/handlers/bcrypt.py", line 620, in _load_backend_mixin
    version = _bcrypt.__about__.__version__
              ^^^^^^^^^^^^^^^^^
AttributeError: module 'bcrypt' has no attribute '__about__'
2025-11-23 18:56:06 - passlib.handlers.bcrypt - WARNING - (trapped) error reading bcrypt version
Traceback (most recent call last):
  File "/usr/local/lib/python3.12/site-packages/passlib/handlers/bcrypt.py", line 620, in _load_backend_mixin
    version = _bcrypt.__about__.__version__
              ^^^^^^^^^^^^^^^^^
AttributeError: module 'bcrypt' has no attribute '__about__'
2025-11-23 18:56:07 - httpx - INFO - HTTP Request: POST http://test/api/v1/auth/login "HTTP/1.1 401 Unauthorized"
2025-11-23 18:56:07 - passlib.handlers.bcrypt - WARNING - (trapped) error reading bcrypt version
Traceback (most recent call last):
  File "/usr/local/lib/python3.12/site-packages/passlib/handlers/bcrypt.py", line 620, in _load_backend_mixin
    version = _bcrypt.__about__.__version__
              ^^^^^^^^^^^^^^^^^
AttributeError: module 'bcrypt' has no attribute '__about__'
2025-11-23 18:56:07 - passlib.handlers.bcrypt - WARNING - (trapped) error reading bcrypt version
Traceback (most recent call last):
  File "/usr/local/lib/python3.12/site-packages/passlib/handlers/bcrypt.py", line 620, in _load_backend_mixin
    version = _bcrypt.__about__.__version__
              ^^^^^^^^^^^^^^^^^
AttributeError: module 'bcrypt' has no attribute '__about__'
2025-11-23 18:56:07 - httpx - INFO - HTTP Request: POST http://test/api/v1/auth/refresh "HTTP/1.1 401 Unauthorized"
2025-11-23 18:56:07 - passlib.handlers.bcrypt - WARNING - (trapped) error reading bcrypt version
Traceback (most recent call last):
  File "/usr/local/lib/python3.12/site-packages/passlib/handlers/bcrypt.py", line 620, in _load_backend_mixin
    version = _bcrypt.__about__.__version__
              ^^^^^^^^^^^^^^^^^
AttributeError: module 'bcrypt' has no attribute '__about__'
2025-11-23 18:56:07 - httpx - INFO - HTTP Request: GET http://test/api/v1/users/me "HTTP/1.1 403 Forbidden"
2025-11-23 18:56:07 - passlib.handlers.bcrypt - WARNING - (trapped) error reading bcrypt version
Traceback (most recent call last):
  File "/usr/local/lib/python3.12/site-packages/passlib/handlers/bcrypt.py", line 620, in _load_backend_mixin
    version = _bcrypt.__about__.__version__
              ^^^^^^^^^^^^^^^^^
AttributeError: module 'bcrypt' has no attribute '__about__'
2025-11-23 18:56:07 - passlib.handlers.bcrypt - WARNING - (trapped) error reading bcrypt version
Traceback (most recent call last):
  File "/usr/local/lib/python3.12/site-packages/passlib/handlers/bcrypt.py", line 620, in _load_backend_mixin
    version = _bcrypt.__about__.__version__
              ^^^^^^^^^^^^^^^^^
AttributeError: module 'bcrypt' has no attribute '__about__'
2025-11-23 18:56:07 - passlib.handlers.bcrypt - WARNING - (trapped) error reading bcrypt version
Traceback (most recent call last):
  File "/usr/local/lib/python3.12/site-packages/passlib/handlers/bcrypt.py", line 620, in _load_backend_mixin
    version = _bcrypt.__about__.__version__
              ^^^^^^^^^^^^^^^^^
AttributeError: module 'bcrypt' has no attribute '__about__'
2025-11-23 18:56:07 - passlib.handlers.bcrypt - WARNING - (trapped) error reading bcrypt version
Traceback (most recent call last):
  File "/usr/local/lib/python3.12/site-packages/passlib/handlers/bcrypt.py", line 620, in _load_backend_mixin
    version = _bcrypt.__about__.__version__
              ^^^^^^^^^^^^^^^^^
AttributeError: module 'bcrypt' has no attribute '__about__'
2025-11-23 18:56:07 - passlib.handlers.bcrypt - WARNING - (trapped) error reading bcrypt version
Traceback (most recent call last):
  File "/usr/local/lib/python3.12/site-packages/passlib/handlers/bcrypt.py", line 620, in _load_backend_mixin
    version = _bcrypt.__about__.__version__
              ^^^^^^^^^^^^^^^^^
AttributeError: module 'bcrypt' has no attribute '__about__'
2025-11-23 18:56:08 - celery.backends.redis - ERROR - Connection to Redis lost: Retry (0/20) now.
2025-11-23 18:56:08 - celery.backends.redis - ERROR - Connection to Redis lost: Retry (1/20) in 1.00 second.
2025-11-23 18:56:08 - celery.backends.redis - ERROR - Connection to Redis lost: Retry (2/20) in 1.00 second.
2025-11-23 18:56:09 - celery.backends.redis - ERROR - Connection to Redis lost: Retry (3/20) in 1.00 second.
2025-11-23 18:56:10 - celery.backends.redis - ERROR - Connection to Redis lost: Retry (4/20) in 1.00 second.
2025-11-23 18:56:11 - celery.backends.redis - ERROR - Connection to Redis lost: Retry (5/20) in 1.00 second.
2025-11-23 18:56:12 - celery.backends.redis - ERROR - Connection to Redis lost: Retry (6/20) in 1.00 second.
2025-11-23 18:56:13 - celery.backends.redis - ERROR - Connection to Redis lost: Retry (7/20) in 1.00 second.
2025-11-23 18:56:14 - celery.backends.redis - ERROR - Connection to Redis lost: Retry (8/20) in 1.00 second.
2025-11-23 18:56:15 - celery.backends.redis - ERROR - Connection to Redis lost: Retry (9/20) in 1.00 second.
2025-11-23 18:56:16 - celery.backends.redis - ERROR - Connection to Redis lost: Retry (10/20) in 1.00 second.
2025-11-23 18:56:17 - celery.backends.redis - ERROR - Connection to Redis lost: Retry (11/20) in 1.00 second.
2025-11-23 18:56:18 - celery.backends.redis - ERROR - Connection to Redis lost: Retry (12/20) in 1.00 second.
2025-11-23 18:56:19 - celery.backends.redis - ERROR - Connection to Redis lost: Retry (13/20) in 1.00 second.
2025-11-23 18:56:20 - celery.backends.redis - ERROR - Connection to Redis lost: Retry (14/20) in 1.00 second.
2025-11-23 18:56:21 - celery.backends.redis - ERROR - Connection to Redis lost: Retry (15/20) in 1.00 second.
2025-11-23 18:56:22 - celery.backends.redis - ERROR - Connection to Redis lost: Retry (16/20) in 1.00 second.
2025-11-23 18:56:23 - celery.backends.redis - ERROR - Connection to Redis lost: Retry (17/20) in 1.00 second.
2025-11-23 18:56:24 - celery.backends.redis - ERROR - Connection to Redis lost: Retry (18/20) in 1.00 second.
2025-11-23 18:56:25 - celery.backends.redis - ERROR - Connection to Redis lost: Retry (19/20) in 1.00 second.
2025-11-23 18:56:26 - celery.backends.redis - CRITICAL - 
Retry limit exceeded while trying to reconnect to the Celery redis result store backend. The Celery application must be restarted.

2025-11-23 18:56:26 - httpx - INFO - HTTP Request: POST http://test/api/v1/auth/verify-sms "HTTP/1.1 401 Unauthorized"
2025-11-23 18:56:26 - passlib.handlers.bcrypt - WARNING - (trapped) error reading bcrypt version
Traceback (most recent call last):
  File "/usr/local/lib/python3.12/site-packages/passlib/handlers/bcrypt.py", line 620, in _load_backend_mixin
    version = _bcrypt.__about__.__version__
              ^^^^^^^^^^^^^^^^^
AttributeError: module 'bcrypt' has no attribute '__about__'
2025-11-23 18:56:26 - httpx - INFO - HTTP Request: POST http://test/api/v1/auth/reset-password "HTTP/1.1 404 Not Found"
2025-11-23 18:56:26 - httpx - INFO - HTTP Request: GET http://test/api/v1/categories/ "HTTP/1.1 200 OK"
2025-11-23 18:56:26 - httpx - INFO - HTTP Request: GET http://test/api/v1/categories/test-category "HTTP/1.1 200 OK"
2025-11-23 18:56:26 - httpx - INFO - HTTP Request: GET http://test/api/v1/categories/nonexistent-category-slug-12345 "HTTP/1.1 404 Not Found"
2025-11-23 18:56:26 - httpx - INFO - HTTP Request: GET http://test/api/v1/categories/ "HTTP/1.1 200 OK"
2025-11-23 18:56:27 - httpx - INFO - HTTP Request: GET http://test/api/v1/categories/test-category "HTTP/1.1 200 OK"
2025-11-23 18:56:27 - httpx - INFO - HTTP Request: GET http://test/api/v1/categories/ "HTTP/1.1 200 OK"
2025-11-23 18:56:27 - httpx - INFO - HTTP Request: GET http://test/api/v1/categories?skip=0&limit=2/ "HTTP/1.1 307 Temporary Redirect"
2025-11-23 18:56:27 - httpx - INFO - HTTP Request: GET http://test/api/v1/categories/?skip=0&limit=2/ "HTTP/1.1 422 Unprocessable Entity"
2025-11-23 18:56:27 - httpx - INFO - HTTP Request: GET http://test/api/v1/categories/category-with-image "HTTP/1.1 200 OK"
2025-11-23 18:56:27 - httpx - INFO - HTTP Request: GET http://test/api/v1/categories/test-category "HTTP/1.1 200 OK"
2025-11-23 18:56:27 - passlib.handlers.bcrypt - WARNING - (trapped) error reading bcrypt version
Traceback (most recent call last):
  File "/usr/local/lib/python3.12/site-packages/passlib/handlers/bcrypt.py", line 620, in _load_backend_mixin
    version = _bcrypt.__about__.__version__
              ^^^^^^^^^^^^^^^^^
AttributeError: module 'bcrypt' has no attribute '__about__'
2025-11-23 18:56:27 - passlib.handlers.bcrypt - WARNING - (trapped) error reading bcrypt version
Traceback (most recent call last):
  File "/usr/local/lib/python3.12/site-packages/passlib/handlers/bcrypt.py", line 620, in _load_backend_mixin
    version = _bcrypt.__about__.__version__
              ^^^^^^^^^^^^^^^^^
AttributeError: module 'bcrypt' has no attribute '__about__'
2025-11-23 18:56:27 - passlib.handlers.bcrypt - WARNING - (trapped) error reading bcrypt version
Traceback (most recent call last):
  File "/usr/local/lib/python3.12/site-packages/passlib/handlers/bcrypt.py", line 620, in _load_backend_mixin
    version = _bcrypt.__about__.__version__
              ^^^^^^^^^^^^^^^^^
AttributeError: module 'bcrypt' has no attribute '__about__'
2025-11-23 18:56:27 - passlib.handlers.bcrypt - WARNING - (trapped) error reading bcrypt version
Traceback (most recent call last):
  File "/usr/local/lib/python3.12/site-packages/passlib/handlers/bcrypt.py", line 620, in _load_backend_mixin
    version = _bcrypt.__about__.__version__
              ^^^^^^^^^^^^^^^^^
AttributeError: module 'bcrypt' has no attribute '__about__'
2025-11-23 18:56:27 - passlib.handlers.bcrypt - WARNING - (trapped) error reading bcrypt version
Traceback (most recent call last):
  File "/usr/local/lib/python3.12/site-packages/passlib/handlers/bcrypt.py", line 620, in _load_backend_mixin
    version = _bcrypt.__about__.__version__
              ^^^^^^^^^^^^^^^^^
AttributeError: module 'bcrypt' has no attribute '__about__'
2025-11-23 18:56:27 - passlib.handlers.bcrypt - WARNING - (trapped) error reading bcrypt version
Traceback (most recent call last):
  File "/usr/local/lib/python3.12/site-packages/passlib/handlers/bcrypt.py", line 620, in _load_backend_mixin
    version = _bcrypt.__about__.__version__
              ^^^^^^^^^^^^^^^^^
AttributeError: module 'bcrypt' has no attribute '__about__'
2025-11-23 18:56:27 - passlib.handlers.bcrypt - WARNING - (trapped) error reading bcrypt version
Traceback (most recent call last):
  File "/usr/local/lib/python3.12/site-packages/passlib/handlers/bcrypt.py", line 620, in _load_backend_mixin
    version = _bcrypt.__about__.__version__
              ^^^^^^^^^^^^^^^^^
AttributeError: module 'bcrypt' has no attribute '__about__'
2025-11-23 18:56:28 - passlib.handlers.bcrypt - WARNING - (trapped) error reading bcrypt version
Traceback (most recent call last):
  File "/usr/local/lib/python3.12/site-packages/passlib/handlers/bcrypt.py", line 620, in _load_backend_mixin
    version = _bcrypt.__about__.__version__
              ^^^^^^^^^^^^^^^^^
AttributeError: module 'bcrypt' has no attribute '__about__'
2025-11-23 18:56:28 - passlib.handlers.bcrypt - WARNING - (trapped) error reading bcrypt version
Traceback (most recent call last):
  File "/usr/local/lib/python3.12/site-packages/passlib/handlers/bcrypt.py", line 620, in _load_backend_mixin
    version = _bcrypt.__about__.__version__
              ^^^^^^^^^^^^^^^^^
AttributeError: module 'bcrypt' has no attribute '__about__'
2025-11-23 18:56:28 - passlib.handlers.bcrypt - WARNING - (trapped) error reading bcrypt version
Traceback (most recent call last):
  File "/usr/local/lib/python3.12/site-packages/passlib/handlers/bcrypt.py", line 620, in _load_backend_mixin
    version = _bcrypt.__about__.__version__
              ^^^^^^^^^^^^^^^^^
AttributeError: module 'bcrypt' has no attribute '__about__'
2025-11-23 18:56:28 - passlib.handlers.bcrypt - WARNING - (trapped) error reading bcrypt version
Traceback (most recent call last):
  File "/usr/local/lib/python3.12/site-packages/passlib/handlers/bcrypt.py", line 620, in _load_backend_mixin
    version = _bcrypt.__about__.__version__
              ^^^^^^^^^^^^^^^^^
AttributeError: module 'bcrypt' has no attribute '__about__'
2025-11-23 18:56:28 - passlib.handlers.bcrypt - WARNING - (trapped) error reading bcrypt version
Traceback (most recent call last):
  File "/usr/local/lib/python3.12/site-packages/passlib/handlers/bcrypt.py", line 620, in _load_backend_mixin
    version = _bcrypt.__about__.__version__
              ^^^^^^^^^^^^^^^^^
AttributeError: module 'bcrypt' has no attribute '__about__'
2025-11-23 18:56:28 - passlib.handlers.bcrypt - WARNING - (trapped) error reading bcrypt version
Traceback (most recent call last):
  File "/usr/local/lib/python3.12/site-packages/passlib/handlers/bcrypt.py", line 620, in _load_backend_mixin
    version = _bcrypt.__about__.__version__
              ^^^^^^^^^^^^^^^^^
AttributeError: module 'bcrypt' has no attribute '__about__'
2025-11-23 18:56:28 - passlib.handlers.bcrypt - WARNING - (trapped) error reading bcrypt version
Traceback (most recent call last):
  File "/usr/local/lib/python3.12/site-packages/passlib/handlers/bcrypt.py", line 620, in _load_backend_mixin
    version = _bcrypt.__about__.__version__
              ^^^^^^^^^^^^^^^^^
AttributeError: module 'bcrypt' has no attribute '__about__'
2025-11-23 18:56:28 - httpx - INFO - HTTP Request: GET http://test/api/v1/products/ "HTTP/1.1 200 OK"
2025-11-23 18:56:28 - httpx - INFO - HTTP Request: GET http://test/api/v1/products?category_id=1 "HTTP/1.1 307 Temporary Redirect"
2025-11-23 18:56:28 - httpx - INFO - HTTP Request: GET http://test/api/v1/products?search=Test%20 "HTTP/1.1 307 Temporary Redirect"
2025-11-23 18:56:28 - httpx - INFO - HTTP Request: GET http://test/api/v1/products?skip=0&limit=2/ "HTTP/1.1 307 Temporary Redirect"
2025-11-23 18:56:28 - httpx - INFO - HTTP Request: GET http://test/api/v1/products/?skip=0&limit=2/ "HTTP/1.1 422 Unprocessable Entity"
2025-11-23 18:56:29 - httpx - INFO - HTTP Request: GET http://test/api/v1/products/test-product "HTTP/1.1 200 OK"
2025-11-23 18:56:29 - httpx - INFO - HTTP Request: GET http://test/api/v1/products/nonexistent-product-slug-12345 "HTTP/1.1 404 Not Found"
2025-11-23 18:56:29 - httpx - INFO - HTTP Request: GET http://test/api/v1/products/ "HTTP/1.1 200 OK"
2025-11-23 18:56:29 - httpx - INFO - HTTP Request: GET http://test/api/v1/products/popular?limit=10 "HTTP/1.1 200 OK"
2025-11-23 18:56:29 - httpx - INFO - HTTP Request: GET http://test/api/v1/products?is_new=true/ "HTTP/1.1 307 Temporary Redirect"
2025-11-23 18:56:29 - httpx - INFO - HTTP Request: GET http://test/api/v1/products/?is_new=true/ "HTTP/1.1 422 Unprocessable Entity"
2025-11-23 18:56:29 - httpx - INFO - HTTP Request: GET http://test/api/v1/products/1/recommendations?limit=4 "HTTP/1.1 200 OK"
2025-11-23 18:56:29 - httpx - INFO - HTTP Request: GET http://test/api/v1/products/99999/recommendations?limit=4 "HTTP/1.1 404 Not Found"
2025-11-23 18:56:29 - httpx - INFO - HTTP Request: GET http://test/api/v1/products?category_id=1&is_new=true&is_popular=true "HTTP/1.1 307 Temporary Redirect"
2025-11-23 18:56:29 - httpx - INFO - HTTP Request: GET http://test/api/v1/products?limit=1000/ "HTTP/1.1 307 Temporary Redirect"
2025-11-23 18:56:29 - httpx - INFO - HTTP Request: GET http://test/api/v1/products/?limit=1000/ "HTTP/1.1 422 Unprocessable Entity"
2025-11-23 18:56:29 - httpx - INFO - HTTP Request: GET http://test/api/v1/products?skip=-1/ "HTTP/1.1 307 Temporary Redirect"
2025-11-23 18:56:29 - httpx - INFO - HTTP Request: GET http://test/api/v1/products/?skip=-1/ "HTTP/1.1 422 Unprocessable Entity"
2025-11-23 18:56:29 - httpx - INFO - HTTP Request: GET http://test/api/v1/products/test-product "HTTP/1.1 200 OK"
2025-11-23 18:56:29 - httpx - INFO - HTTP Request: GET http://test/api/v1/promotions/ "HTTP/1.1 200 OK"
2025-11-23 18:56:29 - httpx - INFO - HTTP Request: GET http://test/api/v1/promotions/special-promotion "HTTP/1.1 200 OK"
2025-11-23 18:56:30 - httpx - INFO - HTTP Request: GET http://test/api/v1/promotions/nonexistent-promotion-slug-12345 "HTTP/1.1 404 Not Found"
2025-11-23 18:56:30 - httpx - INFO - HTTP Request: GET http://test/api/v1/promotions/ "HTTP/1.1 200 OK"
2025-11-23 18:56:30 - httpx - INFO - HTTP Request: GET http://test/api/v1/promotions/ "HTTP/1.1 200 OK"
2025-11-23 18:56:30 - httpx - INFO - HTTP Request: GET http://test/api/v1/promotions/limited-promotion "HTTP/1.1 200 OK"
2025-11-23 18:56:30 - httpx - INFO - HTTP Request: GET http://test/api/v1/promotions/?category_id=1 "HTTP/1.1 200 OK"
2025-11-23 18:56:30 - httpx - INFO - HTTP Request: GET http://test/api/v1/promotions/?product_id=1 "HTTP/1.1 200 OK"
2025-11-23 18:56:30 - httpx - INFO - HTTP Request: GET http://test/api/v1/promotions/?skip=0&limit=2 "HTTP/1.1 200 OK"
2025-11-23 18:56:30 - httpx - INFO - HTTP Request: GET http://test/api/v1/promotions/ "HTTP/1.1 200 OK"
2025-11-23 18:56:30 - passlib.handlers.bcrypt - WARNING - (trapped) error reading bcrypt version
Traceback (most recent call last):
  File "/usr/local/lib/python3.12/site-packages/passlib/handlers/bcrypt.py", line 620, in _load_backend_mixin
    version = _bcrypt.__about__.__version__
              ^^^^^^^^^^^^^^^^^
AttributeError: module 'bcrypt' has no attribute '__about__'
2025-11-23 18:56:30 - passlib.handlers.bcrypt - WARNING - (trapped) error reading bcrypt version
Traceback (most recent call last):
  File "/usr/local/lib/python3.12/site-packages/passlib/handlers/bcrypt.py", line 620, in _load_backend_mixin
    version = _bcrypt.__about__.__version__
              ^^^^^^^^^^^^^^^^^
AttributeError: module 'bcrypt' has no attribute '__about__'
2025-11-23 18:56:30 - passlib.handlers.bcrypt - WARNING - (trapped) error reading bcrypt version
Traceback (most recent call last):
  File "/usr/local/lib/python3.12/site-packages/passlib/handlers/bcrypt.py", line 620, in _load_backend_mixin
    version = _bcrypt.__about__.__version__
              ^^^^^^^^^^^^^^^^^
AttributeError: module 'bcrypt' has no attribute '__about__'
2025-11-23 18:56:30 - passlib.handlers.bcrypt - WARNING - (trapped) error reading bcrypt version
Traceback (most recent call last):
  File "/usr/local/lib/python3.12/site-packages/passlib/handlers/bcrypt.py", line 620, in _load_backend_mixin
    version = _bcrypt.__about__.__version__
              ^^^^^^^^^^^^^^^^^
AttributeError: module 'bcrypt' has no attribute '__about__'
2025-11-23 18:56:31 - passlib.handlers.bcrypt - WARNING - (trapped) error reading bcrypt version
Traceback (most recent call last):
  File "/usr/local/lib/python3.12/site-packages/passlib/handlers/bcrypt.py", line 620, in _load_backend_mixin
    version = _bcrypt.__about__.__version__
              ^^^^^^^^^^^^^^^^^
AttributeError: module 'bcrypt' has no attribute '__about__'
2025-11-23 18:56:31 - passlib.handlers.bcrypt - WARNING - (trapped) error reading bcrypt version
Traceback (most recent call last):
  File "/usr/local/lib/python3.12/site-packages/passlib/handlers/bcrypt.py", line 620, in _load_backend_mixin
    version = _bcrypt.__about__.__version__
              ^^^^^^^^^^^^^^^^^
AttributeError: module 'bcrypt' has no attribute '__about__'
2025-11-23 18:56:31 - passlib.handlers.bcrypt - WARNING - (trapped) error reading bcrypt version
Traceback (most recent call last):
  File "/usr/local/lib/python3.12/site-packages/passlib/handlers/bcrypt.py", line 620, in _load_backend_mixin
    version = _bcrypt.__about__.__version__
              ^^^^^^^^^^^^^^^^^
AttributeError: module 'bcrypt' has no attribute '__about__'
2025-11-23 18:56:31 - passlib.handlers.bcrypt - WARNING - (trapped) error reading bcrypt version
Traceback (most recent call last):
  File "/usr/local/lib/python3.12/site-packages/passlib/handlers/bcrypt.py", line 620, in _load_backend_mixin
    version = _bcrypt.__about__.__version__
              ^^^^^^^^^^^^^^^^^
AttributeError: module 'bcrypt' has no attribute '__about__'
2025-11-23 18:56:31 - passlib.handlers.bcrypt - WARNING - (trapped) error reading bcrypt version
Traceback (most recent call last):
  File "/usr/local/lib/python3.12/site-packages/passlib/handlers/bcrypt.py", line 620, in _load_backend_mixin
    version = _bcrypt.__about__.__version__
              ^^^^^^^^^^^^^^^^^
AttributeError: module 'bcrypt' has no attribute '__about__'
2025-11-23 18:56:31 - passlib.handlers.bcrypt - WARNING - (trapped) error reading bcrypt version
Traceback (most recent call last):
  File "/usr/local/lib/python3.12/site-packages/passlib/handlers/bcrypt.py", line 620, in _load_backend_mixin
    version = _bcrypt.__about__.__version__
              ^^^^^^^^^^^^^^^^^
AttributeError: module 'bcrypt' has no attribute '__about__'
2025-11-23 18:56:31 - passlib.handlers.bcrypt - WARNING - (trapped) error reading bcrypt version
Traceback (most recent call last):
  File "/usr/local/lib/python3.12/site-packages/passlib/handlers/bcrypt.py", line 620, in _load_backend_mixin
    version = _bcrypt.__about__.__version__
              ^^^^^^^^^^^^^^^^^
AttributeError: module 'bcrypt' has no attribute '__about__'
2025-11-23 18:56:31 - passlib.handlers.bcrypt - WARNING - (trapped) error reading bcrypt version
Traceback (most recent call last):
  File "/usr/local/lib/python3.12/site-packages/passlib/handlers/bcrypt.py", line 620, in _load_backend_mixin
    version = _bcrypt.__about__.__version__
              ^^^^^^^^^^^^^^^^^
AttributeError: module 'bcrypt' has no attribute '__about__'
2025-11-23 18:56:31 - passlib.handlers.bcrypt - WARNING - (trapped) error reading bcrypt version
Traceback (most recent call last):
  File "/usr/local/lib/python3.12/site-packages/passlib/handlers/bcrypt.py", line 620, in _load_backend_mixin
    version = _bcrypt.__about__.__version__
              ^^^^^^^^^^^^^^^^^
AttributeError: module 'bcrypt' has no attribute '__about__'
2025-11-23 18:58:26 - httpx - INFO - HTTP Request: POST http://test/api/v1/auth/register "HTTP/1.1 400 Bad Request"
2025-11-23 18:58:42 - httpx - INFO - HTTP Request: POST http://test/api/v1/auth/register "HTTP/1.1 400 Bad Request"
2025-11-23 19:01:25 - httpx - INFO - HTTP Request: GET http://test/api/v1/admin/users "HTTP/1.1 403 Forbidden"
2025-11-23 19:01:25 - passlib.handlers.bcrypt - WARNING - (trapped) error reading bcrypt version
Traceback (most recent call last):
  File "/usr/local/lib/python3.12/site-packages/passlib/handlers/bcrypt.py", line 620, in _load_backend_mixin
    version = _bcrypt.__about__.__version__
              ^^^^^^^^^^^^^^^^^
AttributeError: module 'bcrypt' has no attribute '__about__'
2025-11-23 19:02:53 - httpx - INFO - HTTP Request: GET http://test/api/v1/admin/users "HTTP/1.1 403 Forbidden"
2025-11-23 19:02:53 - passlib.handlers.bcrypt - WARNING - (trapped) error reading bcrypt version
Traceback (most recent call last):
  File "/usr/local/lib/python3.12/site-packages/passlib/handlers/bcrypt.py", line 620, in _load_backend_mixin
    version = _bcrypt.__about__.__version__
              ^^^^^^^^^^^^^^^^^
AttributeError: module 'bcrypt' has no attribute '__about__'
2025-11-23 19:02:54 - passlib.handlers.bcrypt - WARNING - (trapped) error reading bcrypt version
Traceback (most recent call last):
  File "/usr/local/lib/python3.12/site-packages/passlib/handlers/bcrypt.py", line 620, in _load_backend_mixin
    version = _bcrypt.__about__.__version__
              ^^^^^^^^^^^^^^^^^
AttributeError: module 'bcrypt' has no attribute '__about__'
2025-11-23 19:02:54 - passlib.handlers.bcrypt - WARNING - (trapped) error reading bcrypt version
Traceback (most recent call last):
  File "/usr/local/lib/python3.12/site-packages/passlib/handlers/bcrypt.py", line 620, in _load_backend_mixin
    version = _bcrypt.__about__.__version__
              ^^^^^^^^^^^^^^^^^
AttributeError: module 'bcrypt' has no attribute '__about__'
2025-11-23 19:02:54 - passlib.handlers.bcrypt - WARNING - (trapped) error reading bcrypt version
Traceback (most recent call last):
  File "/usr/local/lib/python3.12/site-packages/passlib/handlers/bcrypt.py", line 620, in _load_backend_mixin
    version = _bcrypt.__about__.__version__
              ^^^^^^^^^^^^^^^^^
AttributeError: module 'bcrypt' has no attribute '__about__'
2025-11-23 19:02:54 - passlib.handlers.bcrypt - WARNING - (trapped) error reading bcrypt version
Traceback (most recent call last):
  File "/usr/local/lib/python3.12/site-packages/passlib/handlers/bcrypt.py", line 620, in _load_backend_mixin
    version = _bcrypt.__about__.__version__
              ^^^^^^^^^^^^^^^^^
AttributeError: module 'bcrypt' has no attribute '__about__'
2025-11-23 19:02:54 - passlib.handlers.bcrypt - WARNING - (trapped) error reading bcrypt version
Traceback (most recent call last):
  File "/usr/local/lib/python3.12/site-packages/passlib/handlers/bcrypt.py", line 620, in _load_backend_mixin
    version = _bcrypt.__about__.__version__
              ^^^^^^^^^^^^^^^^^
AttributeError: module 'bcrypt' has no attribute '__about__'
2025-11-23 19:02:54 - passlib.handlers.bcrypt - WARNING - (trapped) error reading bcrypt version
Traceback (most recent call last):
  File "/usr/local/lib/python3.12/site-packages/passlib/handlers/bcrypt.py", line 620, in _load_backend_mixin
    version = _bcrypt.__about__.__version__
              ^^^^^^^^^^^^^^^^^
AttributeError: module 'bcrypt' has no attribute '__about__'
2025-11-23 19:02:54 - httpx - INFO - HTTP Request: POST http://test/api/v1/auth/register "HTTP/1.1 400 Bad Request"
2025-11-23 19:02:54 - passlib.handlers.bcrypt - WARNING - (trapped) error reading bcrypt version
Traceback (most recent call last):
  File "/usr/local/lib/python3.12/site-packages/passlib/handlers/bcrypt.py", line 620, in _load_backend_mixin
    version = _bcrypt.__about__.__version__
              ^^^^^^^^^^^^^^^^^
AttributeError: module 'bcrypt' has no attribute '__about__'
2025-11-23 19:02:54 - passlib.handlers.bcrypt - WARNING - (trapped) error reading bcrypt version
Traceback (most recent call last):
  File "/usr/local/lib/python3.12/site-packages/passlib/handlers/bcrypt.py", line 620, in _load_backend_mixin
    version = _bcrypt.__about__.__version__
              ^^^^^^^^^^^^^^^^^
AttributeError: module 'bcrypt' has no attribute '__about__'
2025-11-23 19:02:54 - httpx - INFO - HTTP Request: POST http://test/api/v1/auth/register "HTTP/1.1 422 Unprocessable Entity"
2025-11-23 19:02:54 - httpx - INFO - HTTP Request: POST http://test/api/v1/auth/register "HTTP/1.1 422 Unprocessable Entity"
2025-11-23 19:02:54 - passlib.handlers.bcrypt - WARNING - (trapped) error reading bcrypt version
Traceback (most recent call last):
  File "/usr/local/lib/python3.12/site-packages/passlib/handlers/bcrypt.py", line 620, in _load_backend_mixin
    version = _bcrypt.__about__.__version__
              ^^^^^^^^^^^^^^^^^
AttributeError: module 'bcrypt' has no attribute '__about__'
2025-11-23 19:02:55 - passlib.handlers.bcrypt - WARNING - (trapped) error reading bcrypt version
Traceback (most recent call last):
  File "/usr/local/lib/python3.12/site-packages/passlib/handlers/bcrypt.py", line 620, in _load_backend_mixin
    version = _bcrypt.__about__.__version__
              ^^^^^^^^^^^^^^^^^
AttributeError: module 'bcrypt' has no attribute '__about__'
2025-11-23 19:02:55 - httpx - INFO - HTTP Request: POST http://test/api/v1/auth/login "HTTP/1.1 401 Unauthorized"
2025-11-23 19:02:55 - passlib.handlers.bcrypt - WARNING - (trapped) error reading bcrypt version
Traceback (most recent call last):
  File "/usr/local/lib/python3.12/site-packages/passlib/handlers/bcrypt.py", line 620, in _load_backend_mixin
    version = _bcrypt.__about__.__version__
              ^^^^^^^^^^^^^^^^^
AttributeError: module 'bcrypt' has no attribute '__about__'
2025-11-23 19:02:55 - passlib.handlers.bcrypt - WARNING - (trapped) error reading bcrypt version
Traceback (most recent call last):
  File "/usr/local/lib/python3.12/site-packages/passlib/handlers/bcrypt.py", line 620, in _load_backend_mixin
    version = _bcrypt.__about__.__version__
              ^^^^^^^^^^^^^^^^^
AttributeError: module 'bcrypt' has no attribute '__about__'
2025-11-23 19:02:55 - httpx - INFO - HTTP Request: POST http://test/api/v1/auth/refresh "HTTP/1.1 401 Unauthorized"
2025-11-23 19:02:55 - passlib.handlers.bcrypt - WARNING - (trapped) error reading bcrypt version
Traceback (most recent call last):
  File "/usr/local/lib/python3.12/site-packages/passlib/handlers/bcrypt.py", line 620, in _load_backend_mixin
    version = _bcrypt.__about__.__version__
              ^^^^^^^^^^^^^^^^^
AttributeError: module 'bcrypt' has no attribute '__about__'
2025-11-23 19:02:55 - httpx - INFO - HTTP Request: GET http://test/api/v1/users/me "HTTP/1.1 403 Forbidden"
2025-11-23 19:02:55 - passlib.handlers.bcrypt - WARNING - (trapped) error reading bcrypt version
Traceback (most recent call last):
  File "/usr/local/lib/python3.12/site-packages/passlib/handlers/bcrypt.py", line 620, in _load_backend_mixin
    version = _bcrypt.__about__.__version__
              ^^^^^^^^^^^^^^^^^
AttributeError: module 'bcrypt' has no attribute '__about__'
2025-11-23 19:02:55 - passlib.handlers.bcrypt - WARNING - (trapped) error reading bcrypt version
Traceback (most recent call last):
  File "/usr/local/lib/python3.12/site-packages/passlib/handlers/bcrypt.py", line 620, in _load_backend_mixin
    version = _bcrypt.__about__.__version__
              ^^^^^^^^^^^^^^^^^
AttributeError: module 'bcrypt' has no attribute '__about__'
2025-11-23 19:02:55 - passlib.handlers.bcrypt - WARNING - (trapped) error reading bcrypt version
Traceback (most recent call last):
  File "/usr/local/lib/python3.12/site-packages/passlib/handlers/bcrypt.py", line 620, in _load_backend_mixin
    version = _bcrypt.__about__.__version__
              ^^^^^^^^^^^^^^^^^
AttributeError: module 'bcrypt' has no attribute '__about__'
2025-11-23 19:02:55 - passlib.handlers.bcrypt - WARNING - (trapped) error reading bcrypt version
Traceback (most recent call last):
  File "/usr/local/lib/python3.12/site-packages/passlib/handlers/bcrypt.py", line 620, in _load_backend_mixin
    version = _bcrypt.__about__.__version__
              ^^^^^^^^^^^^^^^^^
AttributeError: module 'bcrypt' has no attribute '__about__'
2025-11-23 19:02:55 - passlib.handlers.bcrypt - WARNING - (trapped) error reading bcrypt version
Traceback (most recent call last):
  File "/usr/local/lib/python3.12/site-packages/passlib/handlers/bcrypt.py", line 620, in _load_backend_mixin
    version = _bcrypt.__about__.__version__
              ^^^^^^^^^^^^^^^^^
AttributeError: module 'bcrypt' has no attribute '__about__'
2025-11-23 19:02:55 - celery.backends.redis - ERROR - Connection to Redis lost: Retry (0/20) now.
2025-11-23 19:02:55 - celery.backends.redis - ERROR - Connection to Redis lost: Retry (1/20) in 1.00 second.
2025-11-23 19:02:56 - celery.backends.redis - ERROR - Connection to Redis lost: Retry (2/20) in 1.00 second.
2025-11-23 19:02:57 - celery.backends.redis - ERROR - Connection to Redis lost: Retry (3/20) in 1.00 second.
2025-11-23 19:02:58 - celery.backends.redis - ERROR - Connection to Redis lost: Retry (4/20) in 1.00 second.
2025-11-23 19:02:59 - celery.backends.redis - ERROR - Connection to Redis lost: Retry (5/20) in 1.00 second.
2025-11-23 19:03:00 - celery.backends.redis - ERROR - Connection to Redis lost: Retry (6/20) in 1.00 second.
2025-11-23 19:03:01 - celery.backends.redis - ERROR - Connection to Redis lost: Retry (7/20) in 1.00 second.
2025-11-23 19:03:02 - celery.backends.redis - ERROR - Connection to Redis lost: Retry (8/20) in 1.00 second.
2025-11-23 19:03:03 - celery.backends.redis - ERROR - Connection to Redis lost: Retry (9/20) in 1.00 second.
2025-11-23 19:03:04 - celery.backends.redis - ERROR - Connection to Redis lost: Retry (10/20) in 1.00 second.
2025-11-23 19:03:05 - celery.backends.redis - ERROR - Connection to Redis lost: Retry (11/20) in 1.00 second.
2025-11-23 19:03:06 - celery.backends.redis - ERROR - Connection to Redis lost: Retry (12/20) in 1.00 second.
2025-11-23 19:03:07 - celery.backends.redis - ERROR - Connection to Redis lost: Retry (13/20) in 1.00 second.
2025-11-23 19:03:08 - celery.backends.redis - ERROR - Connection to Redis lost: Retry (14/20) in 1.00 second.
2025-11-23 19:03:09 - celery.backends.redis - ERROR - Connection to Redis lost: Retry (15/20) in 1.00 second.
2025-11-23 19:03:10 - celery.backends.redis - ERROR - Connection to Redis lost: Retry (16/20) in 1.00 second.
2025-11-23 19:03:11 - celery.backends.redis - ERROR - Connection to Redis lost: Retry (17/20) in 1.00 second.
2025-11-23 19:03:12 - celery.backends.redis - ERROR - Connection to Redis lost: Retry (18/20) in 1.00 second.
2025-11-23 19:03:13 - celery.backends.redis - ERROR - Connection to Redis lost: Retry (19/20) in 1.00 second.
2025-11-23 19:03:14 - celery.backends.redis - CRITICAL - 
Retry limit exceeded while trying to reconnect to the Celery redis result store backend. The Celery application must be restarted.

2025-11-23 19:03:14 - httpx - INFO - HTTP Request: POST http://test/api/v1/auth/verify-sms "HTTP/1.1 401 Unauthorized"
2025-11-23 19:03:15 - passlib.handlers.bcrypt - WARNING - (trapped) error reading bcrypt version
Traceback (most recent call last):
  File "/usr/local/lib/python3.12/site-packages/passlib/handlers/bcrypt.py", line 620, in _load_backend_mixin
    version = _bcrypt.__about__.__version__
              ^^^^^^^^^^^^^^^^^
AttributeError: module 'bcrypt' has no attribute '__about__'
2025-11-23 19:03:15 - httpx - INFO - HTTP Request: POST http://test/api/v1/auth/reset-password "HTTP/1.1 404 Not Found"
2025-11-23 19:03:15 - httpx - INFO - HTTP Request: GET http://test/api/v1/categories/ "HTTP/1.1 200 OK"
2025-11-23 19:03:15 - httpx - INFO - HTTP Request: GET http://test/api/v1/categories/test-category "HTTP/1.1 200 OK"
2025-11-23 19:03:15 - httpx - INFO - HTTP Request: GET http://test/api/v1/categories/nonexistent-category-slug-12345 "HTTP/1.1 404 Not Found"
2025-11-23 19:03:15 - httpx - INFO - HTTP Request: GET http://test/api/v1/categories/ "HTTP/1.1 200 OK"
2025-11-23 19:03:15 - httpx - INFO - HTTP Request: GET http://test/api/v1/categories/test-category "HTTP/1.1 200 OK"
2025-11-23 19:03:15 - httpx - INFO - HTTP Request: GET http://test/api/v1/categories/ "HTTP/1.1 200 OK"
2025-11-23 19:03:15 - httpx - INFO - HTTP Request: GET http://test/api/v1/categories?skip=0&limit=2 "HTTP/1.1 307 Temporary Redirect"
2025-11-23 19:03:15 - httpx - INFO - HTTP Request: GET http://test/api/v1/categories/?skip=0&limit=2 "HTTP/1.1 200 OK"
2025-11-23 19:03:15 - httpx - INFO - HTTP Request: GET http://test/api/v1/categories/category-with-image "HTTP/1.1 200 OK"
2025-11-23 19:03:15 - httpx - INFO - HTTP Request: GET http://test/api/v1/categories/test-category "HTTP/1.1 200 OK"
2025-11-23 19:03:15 - passlib.handlers.bcrypt - WARNING - (trapped) error reading bcrypt version
Traceback (most recent call last):
  File "/usr/local/lib/python3.12/site-packages/passlib/handlers/bcrypt.py", line 620, in _load_backend_mixin
    version = _bcrypt.__about__.__version__
              ^^^^^^^^^^^^^^^^^
AttributeError: module 'bcrypt' has no attribute '__about__'
2025-11-23 19:03:15 - passlib.handlers.bcrypt - WARNING - (trapped) error reading bcrypt version
Traceback (most recent call last):
  File "/usr/local/lib/python3.12/site-packages/passlib/handlers/bcrypt.py", line 620, in _load_backend_mixin
    version = _bcrypt.__about__.__version__
              ^^^^^^^^^^^^^^^^^
AttributeError: module 'bcrypt' has no attribute '__about__'
2025-11-23 19:03:16 - passlib.handlers.bcrypt - WARNING - (trapped) error reading bcrypt version
Traceback (most recent call last):
  File "/usr/local/lib/python3.12/site-packages/passlib/handlers/bcrypt.py", line 620, in _load_backend_mixin
    version = _bcrypt.__about__.__version__
              ^^^^^^^^^^^^^^^^^
AttributeError: module 'bcrypt' has no attribute '__about__'
2025-11-23 19:03:16 - passlib.handlers.bcrypt - WARNING - (trapped) error reading bcrypt version
Traceback (most recent call last):
  File "/usr/local/lib/python3.12/site-packages/passlib/handlers/bcrypt.py", line 620, in _load_backend_mixin
    version = _bcrypt.__about__.__version__
              ^^^^^^^^^^^^^^^^^
AttributeError: module 'bcrypt' has no attribute '__about__'
2025-11-23 19:03:16 - passlib.handlers.bcrypt - WARNING - (trapped) error reading bcrypt version
Traceback (most recent call last):
  File "/usr/local/lib/python3.12/site-packages/passlib/handlers/bcrypt.py", line 620, in _load_backend_mixin
    version = _bcrypt.__about__.__version__
              ^^^^^^^^^^^^^^^^^
AttributeError: module 'bcrypt' has no attribute '__about__'
2025-11-23 19:03:16 - passlib.handlers.bcrypt - WARNING - (trapped) error reading bcrypt version
Traceback (most recent call last):
  File "/usr/local/lib/python3.12/site-packages/passlib/handlers/bcrypt.py", line 620, in _load_backend_mixin
    version = _bcrypt.__about__.__version__
              ^^^^^^^^^^^^^^^^^
AttributeError: module 'bcrypt' has no attribute '__about__'
2025-11-23 19:03:16 - passlib.handlers.bcrypt - WARNING - (trapped) error reading bcrypt version
Traceback (most recent call last):
  File "/usr/local/lib/python3.12/site-packages/passlib/handlers/bcrypt.py", line 620, in _load_backend_mixin
    version = _bcrypt.__about__.__version__
              ^^^^^^^^^^^^^^^^^
AttributeError: module 'bcrypt' has no attribute '__about__'
2025-11-23 19:03:16 - passlib.handlers.bcrypt - WARNING - (trapped) error reading bcrypt version
Traceback (most recent call last):
  File "/usr/local/lib/python3.12/site-packages/passlib/handlers/bcrypt.py", line 620, in _load_backend_mixin
    version = _bcrypt.__about__.__version__
              ^^^^^^^^^^^^^^^^^
AttributeError: module 'bcrypt' has no attribute '__about__'
2025-11-23 19:03:16 - passlib.handlers.bcrypt - WARNING - (trapped) error reading bcrypt version
Traceback (most recent call last):
  File "/usr/local/lib/python3.12/site-packages/passlib/handlers/bcrypt.py", line 620, in _load_backend_mixin
    version = _bcrypt.__about__.__version__
              ^^^^^^^^^^^^^^^^^
AttributeError: module 'bcrypt' has no attribute '__about__'
2025-11-23 19:03:16 - passlib.handlers.bcrypt - WARNING - (trapped) error reading bcrypt version
Traceback (most recent call last):
  File "/usr/local/lib/python3.12/site-packages/passlib/handlers/bcrypt.py", line 620, in _load_backend_mixin
    version = _bcrypt.__about__.__version__
              ^^^^^^^^^^^^^^^^^
AttributeError: module 'bcrypt' has no attribute '__about__'
2025-11-23 19:03:16 - passlib.handlers.bcrypt - WARNING - (trapped) error reading bcrypt version
Traceback (most recent call last):
  File "/usr/local/lib/python3.12/site-packages/passlib/handlers/bcrypt.py", line 620, in _load_backend_mixin
    version = _bcrypt.__about__.__version__
              ^^^^^^^^^^^^^^^^^
AttributeError: module 'bcrypt' has no attribute '__about__'
2025-11-23 19:03:16 - passlib.handlers.bcrypt - WARNING - (trapped) error reading bcrypt version
Traceback (most recent call last):
  File "/usr/local/lib/python3.12/site-packages/passlib/handlers/bcrypt.py", line 620, in _load_backend_mixin
    version = _bcrypt.__about__.__version__
              ^^^^^^^^^^^^^^^^^
AttributeError: module 'bcrypt' has no attribute '__about__'
2025-11-23 19:03:16 - passlib.handlers.bcrypt - WARNING - (trapped) error reading bcrypt version
Traceback (most recent call last):
  File "/usr/local/lib/python3.12/site-packages/passlib/handlers/bcrypt.py", line 620, in _load_backend_mixin
    version = _bcrypt.__about__.__version__
              ^^^^^^^^^^^^^^^^^
AttributeError: module 'bcrypt' has no attribute '__about__'
2025-11-23 19:03:17 - passlib.handlers.bcrypt - WARNING - (trapped) error reading bcrypt version
Traceback (most recent call last):
  File "/usr/local/lib/python3.12/site-packages/passlib/handlers/bcrypt.py", line 620, in _load_backend_mixin
    version = _bcrypt.__about__.__version__
              ^^^^^^^^^^^^^^^^^
AttributeError: module 'bcrypt' has no attribute '__about__'
2025-11-23 19:03:17 - httpx - INFO - HTTP Request: GET http://test/api/v1/products/ "HTTP/1.1 200 OK"
2025-11-23 19:03:17 - httpx - INFO - HTTP Request: GET http://test/api/v1/products?category_id=1 "HTTP/1.1 307 Temporary Redirect"
2025-11-23 19:03:17 - httpx - INFO - HTTP Request: GET http://test/api/v1/products?search=Test%20 "HTTP/1.1 307 Temporary Redirect"
2025-11-23 19:03:17 - httpx - INFO - HTTP Request: GET http://test/api/v1/products?skip=0&limit=2 "HTTP/1.1 307 Temporary Redirect"
2025-11-23 19:03:17 - httpx - INFO - HTTP Request: GET http://test/api/v1/products/?skip=0&limit=2 "HTTP/1.1 200 OK"
2025-11-23 19:03:17 - httpx - INFO - HTTP Request: GET http://test/api/v1/products?skip=2&limit=2 "HTTP/1.1 307 Temporary Redirect"
2025-11-23 19:03:17 - httpx - INFO - HTTP Request: GET http://test/api/v1/products/?skip=2&limit=2 "HTTP/1.1 200 OK"
2025-11-23 19:03:17 - httpx - INFO - HTTP Request: GET http://test/api/v1/products/test-product "HTTP/1.1 200 OK"
2025-11-23 19:03:17 - httpx - INFO - HTTP Request: GET http://test/api/v1/products/nonexistent-product-slug-12345 "HTTP/1.1 404 Not Found"
2025-11-23 19:03:17 - httpx - INFO - HTTP Request: GET http://test/api/v1/products/ "HTTP/1.1 200 OK"
2025-11-23 19:03:17 - httpx - INFO - HTTP Request: GET http://test/api/v1/products/popular?limit=10 "HTTP/1.1 200 OK"
2025-11-23 19:03:17 - httpx - INFO - HTTP Request: GET http://test/api/v1/products?is_new=true "HTTP/1.1 307 Temporary Redirect"
2025-11-23 19:03:17 - httpx - INFO - HTTP Request: GET http://test/api/v1/products/?is_new=true "HTTP/1.1 200 OK"
2025-11-23 19:03:17 - httpx - INFO - HTTP Request: GET http://test/api/v1/products/1/recommendations?limit=4 "HTTP/1.1 200 OK"
2025-11-23 19:03:17 - httpx - INFO - HTTP Request: GET http://test/api/v1/products/99999/recommendations?limit=4 "HTTP/1.1 404 Not Found"
2025-11-23 19:03:17 - httpx - INFO - HTTP Request: GET http://test/api/v1/products?category_id=1&is_new=true&is_popular=true "HTTP/1.1 307 Temporary Redirect"
2025-11-23 19:03:18 - httpx - INFO - HTTP Request: GET http://test/api/v1/products?limit=1000/ "HTTP/1.1 307 Temporary Redirect"
2025-11-23 19:03:18 - httpx - INFO - HTTP Request: GET http://test/api/v1/products/?limit=1000/ "HTTP/1.1 422 Unprocessable Entity"
2025-11-23 19:03:18 - httpx - INFO - HTTP Request: GET http://test/api/v1/products?skip=-1/ "HTTP/1.1 307 Temporary Redirect"
2025-11-23 19:03:18 - httpx - INFO - HTTP Request: GET http://test/api/v1/products/?skip=-1/ "HTTP/1.1 422 Unprocessable Entity"
2025-11-23 19:03:18 - httpx - INFO - HTTP Request: GET http://test/api/v1/products/test-product "HTTP/1.1 200 OK"
2025-11-23 19:03:18 - httpx - INFO - HTTP Request: GET http://test/api/v1/promotions/ "HTTP/1.1 200 OK"
2025-11-23 19:03:18 - httpx - INFO - HTTP Request: GET http://test/api/v1/promotions/special-promotion "HTTP/1.1 200 OK"
2025-11-23 19:03:18 - httpx - INFO - HTTP Request: GET http://test/api/v1/promotions/nonexistent-promotion-slug-12345 "HTTP/1.1 404 Not Found"
2025-11-23 19:03:18 - httpx - INFO - HTTP Request: GET http://test/api/v1/promotions/ "HTTP/1.1 200 OK"
2025-11-23 19:03:18 - httpx - INFO - HTTP Request: GET http://test/api/v1/promotions/ "HTTP/1.1 200 OK"
2025-11-23 19:03:18 - httpx - INFO - HTTP Request: GET http://test/api/v1/promotions/limited-promotion "HTTP/1.1 200 OK"
2025-11-23 19:03:18 - httpx - INFO - HTTP Request: GET http://test/api/v1/promotions/?category_id=1 "HTTP/1.1 200 OK"
2025-11-23 19:03:18 - httpx - INFO - HTTP Request: GET http://test/api/v1/promotions/?product_id=1 "HTTP/1.1 200 OK"
2025-11-23 19:03:18 - httpx - INFO - HTTP Request: GET http://test/api/v1/promotions/?skip=0&limit=2 "HTTP/1.1 200 OK"
2025-11-23 19:03:19 - httpx - INFO - HTTP Request: GET http://test/api/v1/promotions/ "HTTP/1.1 200 OK"
2025-11-23 19:03:19 - passlib.handlers.bcrypt - WARNING - (trapped) error reading bcrypt version
Traceback (most recent call last):
  File "/usr/local/lib/python3.12/site-packages/passlib/handlers/bcrypt.py", line 620, in _load_backend_mixin
    version = _bcrypt.__about__.__version__
              ^^^^^^^^^^^^^^^^^
AttributeError: module 'bcrypt' has no attribute '__about__'
2025-11-23 19:03:19 - passlib.handlers.bcrypt - WARNING - (trapped) error reading bcrypt version
Traceback (most recent call last):
  File "/usr/local/lib/python3.12/site-packages/passlib/handlers/bcrypt.py", line 620, in _load_backend_mixin
    version = _bcrypt.__about__.__version__
              ^^^^^^^^^^^^^^^^^
AttributeError: module 'bcrypt' has no attribute '__about__'
2025-11-23 19:03:19 - passlib.handlers.bcrypt - WARNING - (trapped) error reading bcrypt version
Traceback (most recent call last):
  File "/usr/local/lib/python3.12/site-packages/passlib/handlers/bcrypt.py", line 620, in _load_backend_mixin
    version = _bcrypt.__about__.__version__
              ^^^^^^^^^^^^^^^^^
AttributeError: module 'bcrypt' has no attribute '__about__'
2025-11-23 19:03:19 - passlib.handlers.bcrypt - WARNING - (trapped) error reading bcrypt version
Traceback (most recent call last):
  File "/usr/local/lib/python3.12/site-packages/passlib/handlers/bcrypt.py", line 620, in _load_backend_mixin
    version = _bcrypt.__about__.__version__
              ^^^^^^^^^^^^^^^^^
AttributeError: module 'bcrypt' has no attribute '__about__'
2025-11-23 19:03:19 - passlib.handlers.bcrypt - WARNING - (trapped) error reading bcrypt version
Traceback (most recent call last):
  File "/usr/local/lib/python3.12/site-packages/passlib/handlers/bcrypt.py", line 620, in _load_backend_mixin
    version = _bcrypt.__about__.__version__
              ^^^^^^^^^^^^^^^^^
AttributeError: module 'bcrypt' has no attribute '__about__'
2025-11-23 19:03:19 - passlib.handlers.bcrypt - WARNING - (trapped) error reading bcrypt version
Traceback (most recent call last):
  File "/usr/local/lib/python3.12/site-packages/passlib/handlers/bcrypt.py", line 620, in _load_backend_mixin
    version = _bcrypt.__about__.__version__
              ^^^^^^^^^^^^^^^^^
AttributeError: module 'bcrypt' has no attribute '__about__'
2025-11-23 19:03:19 - passlib.handlers.bcrypt - WARNING - (trapped) error reading bcrypt version
Traceback (most recent call last):
  File "/usr/local/lib/python3.12/site-packages/passlib/handlers/bcrypt.py", line 620, in _load_backend_mixin
    version = _bcrypt.__about__.__version__
              ^^^^^^^^^^^^^^^^^
AttributeError: module 'bcrypt' has no attribute '__about__'
2025-11-23 19:03:19 - passlib.handlers.bcrypt - WARNING - (trapped) error reading bcrypt version
Traceback (most recent call last):
  File "/usr/local/lib/python3.12/site-packages/passlib/handlers/bcrypt.py", line 620, in _load_backend_mixin
    version = _bcrypt.__about__.__version__
              ^^^^^^^^^^^^^^^^^
AttributeError: module 'bcrypt' has no attribute '__about__'
2025-11-23 19:03:19 - passlib.handlers.bcrypt - WARNING - (trapped) error reading bcrypt version
Traceback (most recent call last):
  File "/usr/local/lib/python3.12/site-packages/passlib/handlers/bcrypt.py", line 620, in _load_backend_mixin
    version = _bcrypt.__about__.__version__
              ^^^^^^^^^^^^^^^^^
AttributeError: module 'bcrypt' has no attribute '__about__'
2025-11-23 19:03:19 - passlib.handlers.bcrypt - WARNING - (trapped) error reading bcrypt version
Traceback (most recent call last):
  File "/usr/local/lib/python3.12/site-packages/passlib/handlers/bcrypt.py", line 620, in _load_backend_mixin
    version = _bcrypt.__about__.__version__
              ^^^^^^^^^^^^^^^^^
AttributeError: module 'bcrypt' has no attribute '__about__'
2025-11-23 19:03:19 - passlib.handlers.bcrypt - WARNING - (trapped) error reading bcrypt version
Traceback (most recent call last):
  File "/usr/local/lib/python3.12/site-packages/passlib/handlers/bcrypt.py", line 620, in _load_backend_mixin
    version = _bcrypt.__about__.__version__
              ^^^^^^^^^^^^^^^^^
AttributeError: module 'bcrypt' has no attribute '__about__'
2025-11-23 19:03:20 - passlib.handlers.bcrypt - WARNING - (trapped) error reading bcrypt version
Traceback (most recent call last):
  File "/usr/local/lib/python3.12/site-packages/passlib/handlers/bcrypt.py", line 620, in _load_backend_mixin
    version = _bcrypt.__about__.__version__
              ^^^^^^^^^^^^^^^^^
AttributeError: module 'bcrypt' has no attribute '__about__'
2025-11-23 19:03:20 - passlib.handlers.bcrypt - WARNING - (trapped) error reading bcrypt version
Traceback (most recent call last):
  File "/usr/local/lib/python3.12/site-packages/passlib/handlers/bcrypt.py", line 620, in _load_backend_mixin
    version = _bcrypt.__about__.__version__
              ^^^^^^^^^^^^^^^^^
AttributeError: module 'bcrypt' has no attribute '__about__'
2025-11-23 19:07:15 - httpx - INFO - HTTP Request: POST http://test/api/v1/auth/register "HTTP/1.1 400 Bad Request"
2025-11-23 19:07:16 - celery.backends.redis - ERROR - Connection to Redis lost: Retry (0/20) now.
2025-11-23 19:07:16 - celery.backends.redis - ERROR - Connection to Redis lost: Retry (1/20) in 1.00 second.
2025-11-23 19:07:17 - celery.backends.redis - ERROR - Connection to Redis lost: Retry (2/20) in 1.00 second.
2025-11-23 19:07:18 - celery.backends.redis - ERROR - Connection to Redis lost: Retry (3/20) in 1.00 second.
2025-11-23 19:07:19 - celery.backends.redis - ERROR - Connection to Redis lost: Retry (4/20) in 1.00 second.
2025-11-23 19:07:20 - celery.backends.redis - ERROR - Connection to Redis lost: Retry (5/20) in 1.00 second.
2025-11-23 19:07:21 - celery.backends.redis - ERROR - Connection to Redis lost: Retry (6/20) in 1.00 second.
2025-11-23 19:07:21 - celery.backends.redis - ERROR - Connection to Redis lost: Retry (7/20) in 1.00 second.
2025-11-23 19:07:22 - celery.backends.redis - ERROR - Connection to Redis lost: Retry (8/20) in 1.00 second.
2025-11-23 19:07:23 - celery.backends.redis - ERROR - Connection to Redis lost: Retry (9/20) in 1.00 second.
2025-11-23 19:07:24 - celery.backends.redis - ERROR - Connection to Redis lost: Retry (10/20) in 1.00 second.
2025-11-23 19:07:25 - celery.backends.redis - ERROR - Connection to Redis lost: Retry (11/20) in 1.00 second.
2025-11-23 19:07:26 - celery.backends.redis - ERROR - Connection to Redis lost: Retry (12/20) in 1.00 second.
2025-11-23 19:07:27 - celery.backends.redis - ERROR - Connection to Redis lost: Retry (13/20) in 1.00 second.
2025-11-23 19:07:28 - celery.backends.redis - ERROR - Connection to Redis lost: Retry (14/20) in 1.00 second.
2025-11-23 19:07:29 - celery.backends.redis - ERROR - Connection to Redis lost: Retry (15/20) in 1.00 second.
2025-11-23 19:07:30 - celery.backends.redis - ERROR - Connection to Redis lost: Retry (16/20) in 1.00 second.
2025-11-23 19:07:31 - celery.backends.redis - ERROR - Connection to Redis lost: Retry (17/20) in 1.00 second.
2025-11-23 19:07:32 - celery.backends.redis - ERROR - Connection to Redis lost: Retry (18/20) in 1.00 second.
2025-11-23 19:07:33 - celery.backends.redis - ERROR - Connection to Redis lost: Retry (19/20) in 1.00 second.
2025-11-23 19:07:34 - celery.backends.redis - CRITICAL - 
Retry limit exceeded while trying to reconnect to the Celery redis result store backend. The Celery application must be restarted.

2025-11-23 19:13:46 - httpx - INFO - HTTP Request: GET http://test/api/v1/admin/users "HTTP/1.1 403 Forbidden"
2025-11-23 19:13:46 - passlib.handlers.bcrypt - WARNING - (trapped) error reading bcrypt version
Traceback (most recent call last):
  File "/usr/local/lib/python3.12/site-packages/passlib/handlers/bcrypt.py", line 620, in _load_backend_mixin
    version = _bcrypt.__about__.__version__
              ^^^^^^^^^^^^^^^^^
AttributeError: module 'bcrypt' has no attribute '__about__'
2025-11-23 19:13:46 - passlib.handlers.bcrypt - WARNING - (trapped) error reading bcrypt version
Traceback (most recent call last):
  File "/usr/local/lib/python3.12/site-packages/passlib/handlers/bcrypt.py", line 620, in _load_backend_mixin
    version = _bcrypt.__about__.__version__
              ^^^^^^^^^^^^^^^^^
AttributeError: module 'bcrypt' has no attribute '__about__'
2025-11-23 19:13:46 - passlib.handlers.bcrypt - WARNING - (trapped) error reading bcrypt version
Traceback (most recent call last):
  File "/usr/local/lib/python3.12/site-packages/passlib/handlers/bcrypt.py", line 620, in _load_backend_mixin
    version = _bcrypt.__about__.__version__
              ^^^^^^^^^^^^^^^^^
AttributeError: module 'bcrypt' has no attribute '__about__'
2025-11-23 19:13:46 - passlib.handlers.bcrypt - WARNING - (trapped) error reading bcrypt version
Traceback (most recent call last):
  File "/usr/local/lib/python3.12/site-packages/passlib/handlers/bcrypt.py", line 620, in _load_backend_mixin
    version = _bcrypt.__about__.__version__
              ^^^^^^^^^^^^^^^^^
AttributeError: module 'bcrypt' has no attribute '__about__'
2025-11-23 19:13:46 - passlib.handlers.bcrypt - WARNING - (trapped) error reading bcrypt version
Traceback (most recent call last):
  File "/usr/local/lib/python3.12/site-packages/passlib/handlers/bcrypt.py", line 620, in _load_backend_mixin
    version = _bcrypt.__about__.__version__
              ^^^^^^^^^^^^^^^^^
AttributeError: module 'bcrypt' has no attribute '__about__'
2025-11-23 19:13:47 - passlib.handlers.bcrypt - WARNING - (trapped) error reading bcrypt version
Traceback (most recent call last):
  File "/usr/local/lib/python3.12/site-packages/passlib/handlers/bcrypt.py", line 620, in _load_backend_mixin
    version = _bcrypt.__about__.__version__
              ^^^^^^^^^^^^^^^^^
AttributeError: module 'bcrypt' has no attribute '__about__'
2025-11-23 19:13:47 - passlib.handlers.bcrypt - WARNING - (trapped) error reading bcrypt version
Traceback (most recent call last):
  File "/usr/local/lib/python3.12/site-packages/passlib/handlers/bcrypt.py", line 620, in _load_backend_mixin
    version = _bcrypt.__about__.__version__
              ^^^^^^^^^^^^^^^^^
AttributeError: module 'bcrypt' has no attribute '__about__'
2025-11-23 19:13:47 - passlib.handlers.bcrypt - WARNING - (trapped) error reading bcrypt version
Traceback (most recent call last):
  File "/usr/local/lib/python3.12/site-packages/passlib/handlers/bcrypt.py", line 620, in _load_backend_mixin
    version = _bcrypt.__about__.__version__
              ^^^^^^^^^^^^^^^^^
AttributeError: module 'bcrypt' has no attribute '__about__'
2025-11-23 19:13:47 - passlib.handlers.bcrypt - WARNING - (trapped) error reading bcrypt version
Traceback (most recent call last):
  File "/usr/local/lib/python3.12/site-packages/passlib/handlers/bcrypt.py", line 620, in _load_backend_mixin
    version = _bcrypt.__about__.__version__
              ^^^^^^^^^^^^^^^^^
AttributeError: module 'bcrypt' has no attribute '__about__'
2025-11-23 19:13:47 - passlib.handlers.bcrypt - WARNING - (trapped) error reading bcrypt version
Traceback (most recent call last):
  File "/usr/local/lib/python3.12/site-packages/passlib/handlers/bcrypt.py", line 620, in _load_backend_mixin
    version = _bcrypt.__about__.__version__
              ^^^^^^^^^^^^^^^^^
AttributeError: module 'bcrypt' has no attribute '__about__'
2025-11-23 19:13:47 - httpx - INFO - HTTP Request: POST http://test/api/v1/auth/register "HTTP/1.1 422 Unprocessable Entity"
2025-11-23 19:13:47 - httpx - INFO - HTTP Request: POST http://test/api/v1/auth/register "HTTP/1.1 422 Unprocessable Entity"
2025-11-23 19:13:47 - passlib.handlers.bcrypt - WARNING - (trapped) error reading bcrypt version
Traceback (most recent call last):
  File "/usr/local/lib/python3.12/site-packages/passlib/handlers/bcrypt.py", line 620, in _load_backend_mixin
    version = _bcrypt.__about__.__version__
              ^^^^^^^^^^^^^^^^^
AttributeError: module 'bcrypt' has no attribute '__about__'
2025-11-23 19:13:47 - passlib.handlers.bcrypt - WARNING - (trapped) error reading bcrypt version
Traceback (most recent call last):
  File "/usr/local/lib/python3.12/site-packages/passlib/handlers/bcrypt.py", line 620, in _load_backend_mixin
    version = _bcrypt.__about__.__version__
              ^^^^^^^^^^^^^^^^^
AttributeError: module 'bcrypt' has no attribute '__about__'
2025-11-23 19:13:47 - httpx - INFO - HTTP Request: POST http://test/api/v1/auth/login "HTTP/1.1 401 Unauthorized"
2025-11-23 19:13:47 - passlib.handlers.bcrypt - WARNING - (trapped) error reading bcrypt version
Traceback (most recent call last):
  File "/usr/local/lib/python3.12/site-packages/passlib/handlers/bcrypt.py", line 620, in _load_backend_mixin
    version = _bcrypt.__about__.__version__
              ^^^^^^^^^^^^^^^^^
AttributeError: module 'bcrypt' has no attribute '__about__'
2025-11-23 19:13:47 - passlib.handlers.bcrypt - WARNING - (trapped) error reading bcrypt version
Traceback (most recent call last):
  File "/usr/local/lib/python3.12/site-packages/passlib/handlers/bcrypt.py", line 620, in _load_backend_mixin
    version = _bcrypt.__about__.__version__
              ^^^^^^^^^^^^^^^^^
AttributeError: module 'bcrypt' has no attribute '__about__'
2025-11-23 19:13:47 - httpx - INFO - HTTP Request: POST http://test/api/v1/auth/refresh "HTTP/1.1 401 Unauthorized"
2025-11-23 19:13:47 - passlib.handlers.bcrypt - WARNING - (trapped) error reading bcrypt version
Traceback (most recent call last):
  File "/usr/local/lib/python3.12/site-packages/passlib/handlers/bcrypt.py", line 620, in _load_backend_mixin
    version = _bcrypt.__about__.__version__
              ^^^^^^^^^^^^^^^^^
AttributeError: module 'bcrypt' has no attribute '__about__'
2025-11-23 19:13:47 - httpx - INFO - HTTP Request: GET http://test/api/v1/users/me "HTTP/1.1 403 Forbidden"
2025-11-23 19:13:47 - passlib.handlers.bcrypt - WARNING - (trapped) error reading bcrypt version
Traceback (most recent call last):
  File "/usr/local/lib/python3.12/site-packages/passlib/handlers/bcrypt.py", line 620, in _load_backend_mixin
    version = _bcrypt.__about__.__version__
              ^^^^^^^^^^^^^^^^^
AttributeError: module 'bcrypt' has no attribute '__about__'
2025-11-23 19:13:47 - passlib.handlers.bcrypt - WARNING - (trapped) error reading bcrypt version
Traceback (most recent call last):
  File "/usr/local/lib/python3.12/site-packages/passlib/handlers/bcrypt.py", line 620, in _load_backend_mixin
    version = _bcrypt.__about__.__version__
              ^^^^^^^^^^^^^^^^^
AttributeError: module 'bcrypt' has no attribute '__about__'
2025-11-23 19:13:48 - passlib.handlers.bcrypt - WARNING - (trapped) error reading bcrypt version
Traceback (most recent call last):
  File "/usr/local/lib/python3.12/site-packages/passlib/handlers/bcrypt.py", line 620, in _load_backend_mixin
    version = _bcrypt.__about__.__version__
              ^^^^^^^^^^^^^^^^^
AttributeError: module 'bcrypt' has no attribute '__about__'
2025-11-23 19:13:48 - passlib.handlers.bcrypt - WARNING - (trapped) error reading bcrypt version
Traceback (most recent call last):
  File "/usr/local/lib/python3.12/site-packages/passlib/handlers/bcrypt.py", line 620, in _load_backend_mixin
    version = _bcrypt.__about__.__version__
              ^^^^^^^^^^^^^^^^^
AttributeError: module 'bcrypt' has no attribute '__about__'
2025-11-23 19:13:48 - passlib.handlers.bcrypt - WARNING - (trapped) error reading bcrypt version
Traceback (most recent call last):
  File "/usr/local/lib/python3.12/site-packages/passlib/handlers/bcrypt.py", line 620, in _load_backend_mixin
    version = _bcrypt.__about__.__version__
              ^^^^^^^^^^^^^^^^^
AttributeError: module 'bcrypt' has no attribute '__about__'
2025-11-23 19:13:48 - celery.backends.redis - ERROR - Connection to Redis lost: Retry (0/20) now.
2025-11-23 19:13:48 - celery.backends.redis - ERROR - Connection to Redis lost: Retry (1/20) in 1.00 second.
2025-11-23 19:13:49 - celery.backends.redis - ERROR - Connection to Redis lost: Retry (2/20) in 1.00 second.
2025-11-23 19:13:50 - celery.backends.redis - ERROR - Connection to Redis lost: Retry (3/20) in 1.00 second.
2025-11-23 19:13:51 - celery.backends.redis - ERROR - Connection to Redis lost: Retry (4/20) in 1.00 second.
2025-11-23 19:13:52 - celery.backends.redis - ERROR - Connection to Redis lost: Retry (5/20) in 1.00 second.
2025-11-23 19:13:53 - celery.backends.redis - ERROR - Connection to Redis lost: Retry (6/20) in 1.00 second.
2025-11-23 19:13:54 - celery.backends.redis - ERROR - Connection to Redis lost: Retry (7/20) in 1.00 second.
2025-11-23 19:13:55 - celery.backends.redis - ERROR - Connection to Redis lost: Retry (8/20) in 1.00 second.
2025-11-23 19:13:56 - celery.backends.redis - ERROR - Connection to Redis lost: Retry (9/20) in 1.00 second.
2025-11-23 19:13:57 - celery.backends.redis - ERROR - Connection to Redis lost: Retry (10/20) in 1.00 second.
2025-11-23 19:13:58 - celery.backends.redis - ERROR - Connection to Redis lost: Retry (11/20) in 1.00 second.
2025-11-23 19:13:59 - celery.backends.redis - ERROR - Connection to Redis lost: Retry (12/20) in 1.00 second.
2025-11-23 19:14:00 - celery.backends.redis - ERROR - Connection to Redis lost: Retry (13/20) in 1.00 second.
2025-11-23 19:14:01 - celery.backends.redis - ERROR - Connection to Redis lost: Retry (14/20) in 1.00 second.
2025-11-23 19:14:02 - celery.backends.redis - ERROR - Connection to Redis lost: Retry (15/20) in 1.00 second.
2025-11-23 19:14:03 - celery.backends.redis - ERROR - Connection to Redis lost: Retry (16/20) in 1.00 second.
2025-11-23 19:14:04 - celery.backends.redis - ERROR - Connection to Redis lost: Retry (17/20) in 1.00 second.
2025-11-23 19:14:05 - celery.backends.redis - ERROR - Connection to Redis lost: Retry (18/20) in 1.00 second.
2025-11-23 19:14:06 - celery.backends.redis - ERROR - Connection to Redis lost: Retry (19/20) in 1.00 second.
2025-11-23 19:14:07 - celery.backends.redis - CRITICAL - 
Retry limit exceeded while trying to reconnect to the Celery redis result store backend. The Celery application must be restarted.

2025-11-23 19:14:07 - httpx - INFO - HTTP Request: POST http://test/api/v1/auth/verify-sms "HTTP/1.1 401 Unauthorized"
2025-11-23 19:14:07 - passlib.handlers.bcrypt - WARNING - (trapped) error reading bcrypt version
Traceback (most recent call last):
  File "/usr/local/lib/python3.12/site-packages/passlib/handlers/bcrypt.py", line 620, in _load_backend_mixin
    version = _bcrypt.__about__.__version__
              ^^^^^^^^^^^^^^^^^
AttributeError: module 'bcrypt' has no attribute '__about__'
2025-11-23 19:14:07 - httpx - INFO - HTTP Request: POST http://test/api/v1/auth/reset-password "HTTP/1.1 404 Not Found"
2025-11-23 19:14:07 - httpx - INFO - HTTP Request: GET http://test/api/v1/categories/ "HTTP/1.1 200 OK"
2025-11-23 19:14:07 - httpx - INFO - HTTP Request: GET http://test/api/v1/categories/test-category "HTTP/1.1 200 OK"
2025-11-23 19:14:08 - httpx - INFO - HTTP Request: GET http://test/api/v1/categories/nonexistent-category-slug-12345 "HTTP/1.1 404 Not Found"
2025-11-23 19:14:08 - httpx - INFO - HTTP Request: GET http://test/api/v1/categories/ "HTTP/1.1 200 OK"
2025-11-23 19:14:08 - httpx - INFO - HTTP Request: GET http://test/api/v1/categories/test-category "HTTP/1.1 200 OK"
2025-11-23 19:14:08 - httpx - INFO - HTTP Request: GET http://test/api/v1/categories/ "HTTP/1.1 200 OK"
2025-11-23 19:14:08 - httpx - INFO - HTTP Request: GET http://test/api/v1/categories?skip=0&limit=2 "HTTP/1.1 307 Temporary Redirect"
2025-11-23 19:14:08 - httpx - INFO - HTTP Request: GET http://test/api/v1/categories/?skip=0&limit=2 "HTTP/1.1 200 OK"
2025-11-23 19:14:08 - httpx - INFO - HTTP Request: GET http://test/api/v1/categories/category-with-image "HTTP/1.1 200 OK"
2025-11-23 19:14:08 - httpx - INFO - HTTP Request: GET http://test/api/v1/categories/test-category "HTTP/1.1 200 OK"
2025-11-23 19:14:08 - passlib.handlers.bcrypt - WARNING - (trapped) error reading bcrypt version
Traceback (most recent call last):
  File "/usr/local/lib/python3.12/site-packages/passlib/handlers/bcrypt.py", line 620, in _load_backend_mixin
    version = _bcrypt.__about__.__version__
              ^^^^^^^^^^^^^^^^^
AttributeError: module 'bcrypt' has no attribute '__about__'
2025-11-23 19:14:08 - passlib.handlers.bcrypt - WARNING - (trapped) error reading bcrypt version
Traceback (most recent call last):
  File "/usr/local/lib/python3.12/site-packages/passlib/handlers/bcrypt.py", line 620, in _load_backend_mixin
    version = _bcrypt.__about__.__version__
              ^^^^^^^^^^^^^^^^^
AttributeError: module 'bcrypt' has no attribute '__about__'
2025-11-23 19:14:08 - passlib.handlers.bcrypt - WARNING - (trapped) error reading bcrypt version
Traceback (most recent call last):
  File "/usr/local/lib/python3.12/site-packages/passlib/handlers/bcrypt.py", line 620, in _load_backend_mixin
    version = _bcrypt.__about__.__version__
              ^^^^^^^^^^^^^^^^^
AttributeError: module 'bcrypt' has no attribute '__about__'
2025-11-23 19:14:08 - passlib.handlers.bcrypt - WARNING - (trapped) error reading bcrypt version
Traceback (most recent call last):
  File "/usr/local/lib/python3.12/site-packages/passlib/handlers/bcrypt.py", line 620, in _load_backend_mixin
    version = _bcrypt.__about__.__version__
              ^^^^^^^^^^^^^^^^^
AttributeError: module 'bcrypt' has no attribute '__about__'
2025-11-23 19:14:08 - passlib.handlers.bcrypt - WARNING - (trapped) error reading bcrypt version
Traceback (most recent call last):
  File "/usr/local/lib/python3.12/site-packages/passlib/handlers/bcrypt.py", line 620, in _load_backend_mixin
    version = _bcrypt.__about__.__version__
              ^^^^^^^^^^^^^^^^^
AttributeError: module 'bcrypt' has no attribute '__about__'
2025-11-23 19:14:09 - passlib.handlers.bcrypt - WARNING - (trapped) error reading bcrypt version
Traceback (most recent call last):
  File "/usr/local/lib/python3.12/site-packages/passlib/handlers/bcrypt.py", line 620, in _load_backend_mixin
    version = _bcrypt.__about__.__version__
              ^^^^^^^^^^^^^^^^^
AttributeError: module 'bcrypt' has no attribute '__about__'
2025-11-23 19:14:09 - passlib.handlers.bcrypt - WARNING - (trapped) error reading bcrypt version
Traceback (most recent call last):
  File "/usr/local/lib/python3.12/site-packages/passlib/handlers/bcrypt.py", line 620, in _load_backend_mixin
    version = _bcrypt.__about__.__version__
              ^^^^^^^^^^^^^^^^^
AttributeError: module 'bcrypt' has no attribute '__about__'
2025-11-23 19:14:09 - passlib.handlers.bcrypt - WARNING - (trapped) error reading bcrypt version
Traceback (most recent call last):
  File "/usr/local/lib/python3.12/site-packages/passlib/handlers/bcrypt.py", line 620, in _load_backend_mixin
    version = _bcrypt.__about__.__version__
              ^^^^^^^^^^^^^^^^^
AttributeError: module 'bcrypt' has no attribute '__about__'
2025-11-23 19:14:09 - passlib.handlers.bcrypt - WARNING - (trapped) error reading bcrypt version
Traceback (most recent call last):
  File "/usr/local/lib/python3.12/site-packages/passlib/handlers/bcrypt.py", line 620, in _load_backend_mixin
    version = _bcrypt.__about__.__version__
              ^^^^^^^^^^^^^^^^^
AttributeError: module 'bcrypt' has no attribute '__about__'
2025-11-23 19:14:09 - passlib.handlers.bcrypt - WARNING - (trapped) error reading bcrypt version
Traceback (most recent call last):
  File "/usr/local/lib/python3.12/site-packages/passlib/handlers/bcrypt.py", line 620, in _load_backend_mixin
    version = _bcrypt.__about__.__version__
              ^^^^^^^^^^^^^^^^^
AttributeError: module 'bcrypt' has no attribute '__about__'
2025-11-23 19:14:09 - passlib.handlers.bcrypt - WARNING - (trapped) error reading bcrypt version
Traceback (most recent call last):
  File "/usr/local/lib/python3.12/site-packages/passlib/handlers/bcrypt.py", line 620, in _load_backend_mixin
    version = _bcrypt.__about__.__version__
              ^^^^^^^^^^^^^^^^^
AttributeError: module 'bcrypt' has no attribute '__about__'
2025-11-23 19:14:09 - passlib.handlers.bcrypt - WARNING - (trapped) error reading bcrypt version
Traceback (most recent call last):
  File "/usr/local/lib/python3.12/site-packages/passlib/handlers/bcrypt.py", line 620, in _load_backend_mixin
    version = _bcrypt.__about__.__version__
              ^^^^^^^^^^^^^^^^^
AttributeError: module 'bcrypt' has no attribute '__about__'
2025-11-23 19:14:09 - passlib.handlers.bcrypt - WARNING - (trapped) error reading bcrypt version
Traceback (most recent call last):
  File "/usr/local/lib/python3.12/site-packages/passlib/handlers/bcrypt.py", line 620, in _load_backend_mixin
    version = _bcrypt.__about__.__version__
              ^^^^^^^^^^^^^^^^^
AttributeError: module 'bcrypt' has no attribute '__about__'
2025-11-23 19:14:09 - passlib.handlers.bcrypt - WARNING - (trapped) error reading bcrypt version
Traceback (most recent call last):
  File "/usr/local/lib/python3.12/site-packages/passlib/handlers/bcrypt.py", line 620, in _load_backend_mixin
    version = _bcrypt.__about__.__version__
              ^^^^^^^^^^^^^^^^^
AttributeError: module 'bcrypt' has no attribute '__about__'
2025-11-23 19:14:09 - httpx - INFO - HTTP Request: GET http://test/api/v1/products/ "HTTP/1.1 200 OK"
2025-11-23 19:14:09 - httpx - INFO - HTTP Request: GET http://test/api/v1/products?category_id=1 "HTTP/1.1 307 Temporary Redirect"
2025-11-23 19:14:09 - httpx - INFO - HTTP Request: GET http://test/api/v1/products/?category_id=1 "HTTP/1.1 200 OK"
2025-11-23 19:14:09 - httpx - INFO - HTTP Request: GET http://test/api/v1/products?search=Test%20 "HTTP/1.1 307 Temporary Redirect"
2025-11-23 19:14:09 - httpx - INFO - HTTP Request: GET http://test/api/v1/products/?search=Test%20 "HTTP/1.1 200 OK"
2025-11-23 19:14:10 - httpx - INFO - HTTP Request: GET http://test/api/v1/products?skip=0&limit=2 "HTTP/1.1 307 Temporary Redirect"
2025-11-23 19:14:10 - httpx - INFO - HTTP Request: GET http://test/api/v1/products/?skip=0&limit=2 "HTTP/1.1 200 OK"
2025-11-23 19:14:10 - httpx - INFO - HTTP Request: GET http://test/api/v1/products?skip=2&limit=2 "HTTP/1.1 307 Temporary Redirect"
2025-11-23 19:14:10 - httpx - INFO - HTTP Request: GET http://test/api/v1/products/?skip=2&limit=2 "HTTP/1.1 200 OK"
2025-11-23 19:14:10 - httpx - INFO - HTTP Request: GET http://test/api/v1/products/test-product "HTTP/1.1 200 OK"
2025-11-23 19:14:10 - httpx - INFO - HTTP Request: GET http://test/api/v1/products/nonexistent-product-slug-12345 "HTTP/1.1 404 Not Found"
2025-11-23 19:14:10 - httpx - INFO - HTTP Request: GET http://test/api/v1/products/ "HTTP/1.1 200 OK"
2025-11-23 19:14:10 - httpx - INFO - HTTP Request: GET http://test/api/v1/products/popular?limit=10 "HTTP/1.1 200 OK"
2025-11-23 19:14:10 - httpx - INFO - HTTP Request: GET http://test/api/v1/products?is_new=true "HTTP/1.1 307 Temporary Redirect"
2025-11-23 19:14:10 - httpx - INFO - HTTP Request: GET http://test/api/v1/products/?is_new=true "HTTP/1.1 200 OK"
2025-11-23 19:14:10 - httpx - INFO - HTTP Request: GET http://test/api/v1/products/1/recommendations?limit=4 "HTTP/1.1 200 OK"
2025-11-23 19:14:10 - httpx - INFO - HTTP Request: GET http://test/api/v1/products/99999/recommendations?limit=4 "HTTP/1.1 404 Not Found"
2025-11-23 19:14:10 - httpx - INFO - HTTP Request: GET http://test/api/v1/products?category_id=1&is_new=true&is_popular=true "HTTP/1.1 307 Temporary Redirect"
2025-11-23 19:14:10 - httpx - INFO - HTTP Request: GET http://test/api/v1/products/?category_id=1&is_new=true&is_popular=true "HTTP/1.1 200 OK"
2025-11-23 19:14:10 - httpx - INFO - HTTP Request: GET http://test/api/v1/products?limit=1000/ "HTTP/1.1 307 Temporary Redirect"
2025-11-23 19:14:10 - httpx - INFO - HTTP Request: GET http://test/api/v1/products/?limit=1000/ "HTTP/1.1 422 Unprocessable Entity"
2025-11-23 19:14:10 - httpx - INFO - HTTP Request: GET http://test/api/v1/products?skip=-1/ "HTTP/1.1 307 Temporary Redirect"
2025-11-23 19:14:10 - httpx - INFO - HTTP Request: GET http://test/api/v1/products/?skip=-1/ "HTTP/1.1 422 Unprocessable Entity"
2025-11-23 19:14:10 - httpx - INFO - HTTP Request: GET http://test/api/v1/products/test-product "HTTP/1.1 200 OK"
2025-11-23 19:14:10 - httpx - INFO - HTTP Request: GET http://test/api/v1/promotions/ "HTTP/1.1 200 OK"
2025-11-23 19:14:11 - httpx - INFO - HTTP Request: GET http://test/api/v1/promotions/special-promotion "HTTP/1.1 200 OK"
2025-11-23 19:14:11 - httpx - INFO - HTTP Request: GET http://test/api/v1/promotions/nonexistent-promotion-slug-12345 "HTTP/1.1 404 Not Found"
2025-11-23 19:14:11 - httpx - INFO - HTTP Request: GET http://test/api/v1/promotions/ "HTTP/1.1 200 OK"
2025-11-23 19:14:11 - httpx - INFO - HTTP Request: GET http://test/api/v1/promotions/ "HTTP/1.1 200 OK"
2025-11-23 19:14:11 - httpx - INFO - HTTP Request: GET http://test/api/v1/promotions/limited-promotion "HTTP/1.1 200 OK"
2025-11-23 19:14:11 - httpx - INFO - HTTP Request: GET http://test/api/v1/promotions/?category_id=1 "HTTP/1.1 200 OK"
2025-11-23 19:14:11 - httpx - INFO - HTTP Request: GET http://test/api/v1/promotions/?product_id=1 "HTTP/1.1 200 OK"
2025-11-23 19:14:11 - httpx - INFO - HTTP Request: GET http://test/api/v1/promotions/?skip=0&limit=2 "HTTP/1.1 200 OK"
2025-11-23 19:14:11 - httpx - INFO - HTTP Request: GET http://test/api/v1/promotions/ "HTTP/1.1 200 OK"
2025-11-23 19:14:11 - passlib.handlers.bcrypt - WARNING - (trapped) error reading bcrypt version
Traceback (most recent call last):
  File "/usr/local/lib/python3.12/site-packages/passlib/handlers/bcrypt.py", line 620, in _load_backend_mixin
    version = _bcrypt.__about__.__version__
              ^^^^^^^^^^^^^^^^^
AttributeError: module 'bcrypt' has no attribute '__about__'
2025-11-23 19:14:11 - passlib.handlers.bcrypt - WARNING - (trapped) error reading bcrypt version
Traceback (most recent call last):
  File "/usr/local/lib/python3.12/site-packages/passlib/handlers/bcrypt.py", line 620, in _load_backend_mixin
    version = _bcrypt.__about__.__version__
              ^^^^^^^^^^^^^^^^^
AttributeError: module 'bcrypt' has no attribute '__about__'
2025-11-23 19:14:11 - passlib.handlers.bcrypt - WARNING - (trapped) error reading bcrypt version
Traceback (most recent call last):
  File "/usr/local/lib/python3.12/site-packages/passlib/handlers/bcrypt.py", line 620, in _load_backend_mixin
    version = _bcrypt.__about__.__version__
              ^^^^^^^^^^^^^^^^^
AttributeError: module 'bcrypt' has no attribute '__about__'
2025-11-23 19:14:11 - passlib.handlers.bcrypt - WARNING - (trapped) error reading bcrypt version
Traceback (most recent call last):
  File "/usr/local/lib/python3.12/site-packages/passlib/handlers/bcrypt.py", line 620, in _load_backend_mixin
    version = _bcrypt.__about__.__version__
              ^^^^^^^^^^^^^^^^^
AttributeError: module 'bcrypt' has no attribute '__about__'
2025-11-23 19:14:11 - passlib.handlers.bcrypt - WARNING - (trapped) error reading bcrypt version
Traceback (most recent call last):
  File "/usr/local/lib/python3.12/site-packages/passlib/handlers/bcrypt.py", line 620, in _load_backend_mixin
    version = _bcrypt.__about__.__version__
              ^^^^^^^^^^^^^^^^^
AttributeError: module 'bcrypt' has no attribute '__about__'
2025-11-23 19:14:12 - passlib.handlers.bcrypt - WARNING - (trapped) error reading bcrypt version
Traceback (most recent call last):
  File "/usr/local/lib/python3.12/site-packages/passlib/handlers/bcrypt.py", line 620, in _load_backend_mixin
    version = _bcrypt.__about__.__version__
              ^^^^^^^^^^^^^^^^^
AttributeError: module 'bcrypt' has no attribute '__about__'
2025-11-23 19:14:12 - passlib.handlers.bcrypt - WARNING - (trapped) error reading bcrypt version
Traceback (most recent call last):
  File "/usr/local/lib/python3.12/site-packages/passlib/handlers/bcrypt.py", line 620, in _load_backend_mixin
    version = _bcrypt.__about__.__version__
              ^^^^^^^^^^^^^^^^^
AttributeError: module 'bcrypt' has no attribute '__about__'
2025-11-23 19:14:12 - passlib.handlers.bcrypt - WARNING - (trapped) error reading bcrypt version
Traceback (most recent call last):
  File "/usr/local/lib/python3.12/site-packages/passlib/handlers/bcrypt.py", line 620, in _load_backend_mixin
    version = _bcrypt.__about__.__version__
              ^^^^^^^^^^^^^^^^^
AttributeError: module 'bcrypt' has no attribute '__about__'
2025-11-23 19:14:12 - passlib.handlers.bcrypt - WARNING - (trapped) error reading bcrypt version
Traceback (most recent call last):
  File "/usr/local/lib/python3.12/site-packages/passlib/handlers/bcrypt.py", line 620, in _load_backend_mixin
    version = _bcrypt.__about__.__version__
              ^^^^^^^^^^^^^^^^^
AttributeError: module 'bcrypt' has no attribute '__about__'
2025-11-23 19:14:12 - passlib.handlers.bcrypt - WARNING - (trapped) error reading bcrypt version
Traceback (most recent call last):
  File "/usr/local/lib/python3.12/site-packages/passlib/handlers/bcrypt.py", line 620, in _load_backend_mixin
    version = _bcrypt.__about__.__version__
              ^^^^^^^^^^^^^^^^^
AttributeError: module 'bcrypt' has no attribute '__about__'
2025-11-23 19:14:12 - passlib.handlers.bcrypt - WARNING - (trapped) error reading bcrypt version
Traceback (most recent call last):
  File "/usr/local/lib/python3.12/site-packages/passlib/handlers/bcrypt.py", line 620, in _load_backend_mixin
    version = _bcrypt.__about__.__version__
              ^^^^^^^^^^^^^^^^^
AttributeError: module 'bcrypt' has no attribute '__about__'
2025-11-23 19:14:12 - passlib.handlers.bcrypt - WARNING - (trapped) error reading bcrypt version
Traceback (most recent call last):
  File "/usr/local/lib/python3.12/site-packages/passlib/handlers/bcrypt.py", line 620, in _load_backend_mixin
    version = _bcrypt.__about__.__version__
              ^^^^^^^^^^^^^^^^^
AttributeError: module 'bcrypt' has no attribute '__about__'
2025-11-23 19:14:12 - passlib.handlers.bcrypt - WARNING - (trapped) error reading bcrypt version
Traceback (most recent call last):
  File "/usr/local/lib/python3.12/site-packages/passlib/handlers/bcrypt.py", line 620, in _load_backend_mixin
    version = _bcrypt.__about__.__version__
              ^^^^^^^^^^^^^^^^^
AttributeError: module 'bcrypt' has no attribute '__about__'
2025-11-23 19:17:33 - httpx - INFO - HTTP Request: GET http://test/api/v1/admin/users "HTTP/1.1 403 Forbidden"
2025-11-23 19:17:33 - passlib.handlers.bcrypt - WARNING - (trapped) error reading bcrypt version
Traceback (most recent call last):
  File "/usr/local/lib/python3.12/site-packages/passlib/handlers/bcrypt.py", line 620, in _load_backend_mixin
    version = _bcrypt.__about__.__version__
              ^^^^^^^^^^^^^^^^^
AttributeError: module 'bcrypt' has no attribute '__about__'
2025-11-23 19:17:33 - passlib.handlers.bcrypt - WARNING - (trapped) error reading bcrypt version
Traceback (most recent call last):
  File "/usr/local/lib/python3.12/site-packages/passlib/handlers/bcrypt.py", line 620, in _load_backend_mixin
    version = _bcrypt.__about__.__version__
              ^^^^^^^^^^^^^^^^^
AttributeError: module 'bcrypt' has no attribute '__about__'
2025-11-23 19:17:33 - passlib.handlers.bcrypt - WARNING - (trapped) error reading bcrypt version
Traceback (most recent call last):
  File "/usr/local/lib/python3.12/site-packages/passlib/handlers/bcrypt.py", line 620, in _load_backend_mixin
    version = _bcrypt.__about__.__version__
              ^^^^^^^^^^^^^^^^^
AttributeError: module 'bcrypt' has no attribute '__about__'
2025-11-23 19:17:34 - passlib.handlers.bcrypt - WARNING - (trapped) error reading bcrypt version
Traceback (most recent call last):
  File "/usr/local/lib/python3.12/site-packages/passlib/handlers/bcrypt.py", line 620, in _load_backend_mixin
    version = _bcrypt.__about__.__version__
              ^^^^^^^^^^^^^^^^^
AttributeError: module 'bcrypt' has no attribute '__about__'
2025-11-23 19:17:34 - passlib.handlers.bcrypt - WARNING - (trapped) error reading bcrypt version
Traceback (most recent call last):
  File "/usr/local/lib/python3.12/site-packages/passlib/handlers/bcrypt.py", line 620, in _load_backend_mixin
    version = _bcrypt.__about__.__version__
              ^^^^^^^^^^^^^^^^^
AttributeError: module 'bcrypt' has no attribute '__about__'
2025-11-23 19:17:34 - passlib.handlers.bcrypt - WARNING - (trapped) error reading bcrypt version
Traceback (most recent call last):
  File "/usr/local/lib/python3.12/site-packages/passlib/handlers/bcrypt.py", line 620, in _load_backend_mixin
    version = _bcrypt.__about__.__version__
              ^^^^^^^^^^^^^^^^^
AttributeError: module 'bcrypt' has no attribute '__about__'
2025-11-23 19:17:34 - passlib.handlers.bcrypt - WARNING - (trapped) error reading bcrypt version
Traceback (most recent call last):
  File "/usr/local/lib/python3.12/site-packages/passlib/handlers/bcrypt.py", line 620, in _load_backend_mixin
    version = _bcrypt.__about__.__version__
              ^^^^^^^^^^^^^^^^^
AttributeError: module 'bcrypt' has no attribute '__about__'
2025-11-23 19:17:34 - passlib.handlers.bcrypt - WARNING - (trapped) error reading bcrypt version
Traceback (most recent call last):
  File "/usr/local/lib/python3.12/site-packages/passlib/handlers/bcrypt.py", line 620, in _load_backend_mixin
    version = _bcrypt.__about__.__version__
              ^^^^^^^^^^^^^^^^^
AttributeError: module 'bcrypt' has no attribute '__about__'
2025-11-23 19:17:34 - passlib.handlers.bcrypt - WARNING - (trapped) error reading bcrypt version
Traceback (most recent call last):
  File "/usr/local/lib/python3.12/site-packages/passlib/handlers/bcrypt.py", line 620, in _load_backend_mixin
    version = _bcrypt.__about__.__version__
              ^^^^^^^^^^^^^^^^^
AttributeError: module 'bcrypt' has no attribute '__about__'
2025-11-23 19:17:34 - passlib.handlers.bcrypt - WARNING - (trapped) error reading bcrypt version
Traceback (most recent call last):
  File "/usr/local/lib/python3.12/site-packages/passlib/handlers/bcrypt.py", line 620, in _load_backend_mixin
    version = _bcrypt.__about__.__version__
              ^^^^^^^^^^^^^^^^^
AttributeError: module 'bcrypt' has no attribute '__about__'
2025-11-23 19:17:34 - httpx - INFO - HTTP Request: POST http://test/api/v1/auth/register "HTTP/1.1 422 Unprocessable Entity"
2025-11-23 19:17:34 - httpx - INFO - HTTP Request: POST http://test/api/v1/auth/register "HTTP/1.1 422 Unprocessable Entity"
2025-11-23 19:17:34 - passlib.handlers.bcrypt - WARNING - (trapped) error reading bcrypt version
Traceback (most recent call last):
  File "/usr/local/lib/python3.12/site-packages/passlib/handlers/bcrypt.py", line 620, in _load_backend_mixin
    version = _bcrypt.__about__.__version__
              ^^^^^^^^^^^^^^^^^
AttributeError: module 'bcrypt' has no attribute '__about__'
2025-11-23 19:17:34 - passlib.handlers.bcrypt - WARNING - (trapped) error reading bcrypt version
Traceback (most recent call last):
  File "/usr/local/lib/python3.12/site-packages/passlib/handlers/bcrypt.py", line 620, in _load_backend_mixin
    version = _bcrypt.__about__.__version__
              ^^^^^^^^^^^^^^^^^
AttributeError: module 'bcrypt' has no attribute '__about__'
2025-11-23 19:17:34 - httpx - INFO - HTTP Request: POST http://test/api/v1/auth/login "HTTP/1.1 401 Unauthorized"
2025-11-23 19:17:35 - passlib.handlers.bcrypt - WARNING - (trapped) error reading bcrypt version
Traceback (most recent call last):
  File "/usr/local/lib/python3.12/site-packages/passlib/handlers/bcrypt.py", line 620, in _load_backend_mixin
    version = _bcrypt.__about__.__version__
              ^^^^^^^^^^^^^^^^^
AttributeError: module 'bcrypt' has no attribute '__about__'
2025-11-23 19:17:35 - passlib.handlers.bcrypt - WARNING - (trapped) error reading bcrypt version
Traceback (most recent call last):
  File "/usr/local/lib/python3.12/site-packages/passlib/handlers/bcrypt.py", line 620, in _load_backend_mixin
    version = _bcrypt.__about__.__version__
              ^^^^^^^^^^^^^^^^^
AttributeError: module 'bcrypt' has no attribute '__about__'
2025-11-23 19:17:35 - httpx - INFO - HTTP Request: POST http://test/api/v1/auth/refresh "HTTP/1.1 401 Unauthorized"
2025-11-23 19:17:35 - passlib.handlers.bcrypt - WARNING - (trapped) error reading bcrypt version
Traceback (most recent call last):
  File "/usr/local/lib/python3.12/site-packages/passlib/handlers/bcrypt.py", line 620, in _load_backend_mixin
    version = _bcrypt.__about__.__version__
              ^^^^^^^^^^^^^^^^^
AttributeError: module 'bcrypt' has no attribute '__about__'
2025-11-23 19:17:35 - httpx - INFO - HTTP Request: GET http://test/api/v1/users/me "HTTP/1.1 403 Forbidden"
2025-11-23 19:17:35 - passlib.handlers.bcrypt - WARNING - (trapped) error reading bcrypt version
Traceback (most recent call last):
  File "/usr/local/lib/python3.12/site-packages/passlib/handlers/bcrypt.py", line 620, in _load_backend_mixin
    version = _bcrypt.__about__.__version__
              ^^^^^^^^^^^^^^^^^
AttributeError: module 'bcrypt' has no attribute '__about__'
2025-11-23 19:17:35 - passlib.handlers.bcrypt - WARNING - (trapped) error reading bcrypt version
Traceback (most recent call last):
  File "/usr/local/lib/python3.12/site-packages/passlib/handlers/bcrypt.py", line 620, in _load_backend_mixin
    version = _bcrypt.__about__.__version__
              ^^^^^^^^^^^^^^^^^
AttributeError: module 'bcrypt' has no attribute '__about__'
2025-11-23 19:17:35 - passlib.handlers.bcrypt - WARNING - (trapped) error reading bcrypt version
Traceback (most recent call last):
  File "/usr/local/lib/python3.12/site-packages/passlib/handlers/bcrypt.py", line 620, in _load_backend_mixin
    version = _bcrypt.__about__.__version__
              ^^^^^^^^^^^^^^^^^
AttributeError: module 'bcrypt' has no attribute '__about__'
2025-11-23 19:17:35 - passlib.handlers.bcrypt - WARNING - (trapped) error reading bcrypt version
Traceback (most recent call last):
  File "/usr/local/lib/python3.12/site-packages/passlib/handlers/bcrypt.py", line 620, in _load_backend_mixin
    version = _bcrypt.__about__.__version__
              ^^^^^^^^^^^^^^^^^
AttributeError: module 'bcrypt' has no attribute '__about__'
2025-11-23 19:17:35 - passlib.handlers.bcrypt - WARNING - (trapped) error reading bcrypt version
Traceback (most recent call last):
  File "/usr/local/lib/python3.12/site-packages/passlib/handlers/bcrypt.py", line 620, in _load_backend_mixin
    version = _bcrypt.__about__.__version__
              ^^^^^^^^^^^^^^^^^
AttributeError: module 'bcrypt' has no attribute '__about__'
2025-11-23 19:17:36 - kombu.connection - WARNING - No hostname was supplied. Reverting to default 'localhost'
2025-11-23 19:17:36 - app.tasks.sms - INFO - SMS : 380501111114
2025-11-23 19:17:36 - celery.app.trace - INFO - Task app.tasks.sms.send_sms[5d10d3d5-550e-4924-a6bd-7e863f8fce18] succeeded in 0.008236175999627449s: True
2025-11-23 19:17:36 - celery.app.trace - INFO - Task app.tasks.sms.send_verification_code[7c5ba494-6b9a-46bc-ab37-49369fc75f07] succeeded in 0.009172080999633181s: True
2025-11-23 19:17:36 - httpx - INFO - HTTP Request: POST http://test/api/v1/auth/send-sms "HTTP/1.1 200 OK"
2025-11-23 19:17:36 - httpx - INFO - HTTP Request: POST http://test/api/v1/auth/verify-sms "HTTP/1.1 401 Unauthorized"
2025-11-23 19:17:36 - passlib.handlers.bcrypt - WARNING - (trapped) error reading bcrypt version
Traceback (most recent call last):
  File "/usr/local/lib/python3.12/site-packages/passlib/handlers/bcrypt.py", line 620, in _load_backend_mixin
    version = _bcrypt.__about__.__version__
              ^^^^^^^^^^^^^^^^^
AttributeError: module 'bcrypt' has no attribute '__about__'
2025-11-23 19:17:36 - httpx - INFO - HTTP Request: POST http://test/api/v1/auth/reset-password "HTTP/1.1 404 Not Found"
2025-11-23 19:17:36 - httpx - INFO - HTTP Request: GET http://test/api/v1/categories/ "HTTP/1.1 200 OK"
2025-11-23 19:17:36 - httpx - INFO - HTTP Request: GET http://test/api/v1/categories/test-category "HTTP/1.1 200 OK"
2025-11-23 19:17:36 - httpx - INFO - HTTP Request: GET http://test/api/v1/categories/nonexistent-category-slug-12345 "HTTP/1.1 404 Not Found"
2025-11-23 19:17:36 - httpx - INFO - HTTP Request: GET http://test/api/v1/categories/ "HTTP/1.1 200 OK"
2025-11-23 19:17:36 - httpx - INFO - HTTP Request: GET http://test/api/v1/categories/test-category "HTTP/1.1 200 OK"
2025-11-23 19:17:36 - httpx - INFO - HTTP Request: GET http://test/api/v1/categories/ "HTTP/1.1 200 OK"
2025-11-23 19:17:36 - httpx - INFO - HTTP Request: GET http://test/api/v1/categories?skip=0&limit=2 "HTTP/1.1 307 Temporary Redirect"
2025-11-23 19:17:36 - httpx - INFO - HTTP Request: GET http://test/api/v1/categories/?skip=0&limit=2 "HTTP/1.1 200 OK"
2025-11-23 19:17:36 - httpx - INFO - HTTP Request: GET http://test/api/v1/categories/category-with-image "HTTP/1.1 200 OK"
2025-11-23 19:17:36 - httpx - INFO - HTTP Request: GET http://test/api/v1/categories/test-category "HTTP/1.1 200 OK"
2025-11-23 19:17:37 - passlib.handlers.bcrypt - WARNING - (trapped) error reading bcrypt version
Traceback (most recent call last):
  File "/usr/local/lib/python3.12/site-packages/passlib/handlers/bcrypt.py", line 620, in _load_backend_mixin
    version = _bcrypt.__about__.__version__
              ^^^^^^^^^^^^^^^^^
AttributeError: module 'bcrypt' has no attribute '__about__'
2025-11-23 19:17:37 - passlib.handlers.bcrypt - WARNING - (trapped) error reading bcrypt version
Traceback (most recent call last):
  File "/usr/local/lib/python3.12/site-packages/passlib/handlers/bcrypt.py", line 620, in _load_backend_mixin
    version = _bcrypt.__about__.__version__
              ^^^^^^^^^^^^^^^^^
AttributeError: module 'bcrypt' has no attribute '__about__'
2025-11-23 19:17:37 - passlib.handlers.bcrypt - WARNING - (trapped) error reading bcrypt version
Traceback (most recent call last):
  File "/usr/local/lib/python3.12/site-packages/passlib/handlers/bcrypt.py", line 620, in _load_backend_mixin
    version = _bcrypt.__about__.__version__
              ^^^^^^^^^^^^^^^^^
AttributeError: module 'bcrypt' has no attribute '__about__'
2025-11-23 19:17:37 - passlib.handlers.bcrypt - WARNING - (trapped) error reading bcrypt version
Traceback (most recent call last):
  File "/usr/local/lib/python3.12/site-packages/passlib/handlers/bcrypt.py", line 620, in _load_backend_mixin
    version = _bcrypt.__about__.__version__
              ^^^^^^^^^^^^^^^^^
AttributeError: module 'bcrypt' has no attribute '__about__'
2025-11-23 19:17:37 - passlib.handlers.bcrypt - WARNING - (trapped) error reading bcrypt version
Traceback (most recent call last):
  File "/usr/local/lib/python3.12/site-packages/passlib/handlers/bcrypt.py", line 620, in _load_backend_mixin
    version = _bcrypt.__about__.__version__
              ^^^^^^^^^^^^^^^^^
AttributeError: module 'bcrypt' has no attribute '__about__'
2025-11-23 19:17:37 - passlib.handlers.bcrypt - WARNING - (trapped) error reading bcrypt version
Traceback (most recent call last):
  File "/usr/local/lib/python3.12/site-packages/passlib/handlers/bcrypt.py", line 620, in _load_backend_mixin
    version = _bcrypt.__about__.__version__
              ^^^^^^^^^^^^^^^^^
AttributeError: module 'bcrypt' has no attribute '__about__'
2025-11-23 19:17:37 - passlib.handlers.bcrypt - WARNING - (trapped) error reading bcrypt version
Traceback (most recent call last):
  File "/usr/local/lib/python3.12/site-packages/passlib/handlers/bcrypt.py", line 620, in _load_backend_mixin
    version = _bcrypt.__about__.__version__
              ^^^^^^^^^^^^^^^^^
AttributeError: module 'bcrypt' has no attribute '__about__'
2025-11-23 19:17:37 - passlib.handlers.bcrypt - WARNING - (trapped) error reading bcrypt version
Traceback (most recent call last):
  File "/usr/local/lib/python3.12/site-packages/passlib/handlers/bcrypt.py", line 620, in _load_backend_mixin
    version = _bcrypt.__about__.__version__
              ^^^^^^^^^^^^^^^^^
AttributeError: module 'bcrypt' has no attribute '__about__'
2025-11-23 19:17:37 - passlib.handlers.bcrypt - WARNING - (trapped) error reading bcrypt version
Traceback (most recent call last):
  File "/usr/local/lib/python3.12/site-packages/passlib/handlers/bcrypt.py", line 620, in _load_backend_mixin
    version = _bcrypt.__about__.__version__
              ^^^^^^^^^^^^^^^^^
AttributeError: module 'bcrypt' has no attribute '__about__'
2025-11-23 19:17:37 - passlib.handlers.bcrypt - WARNING - (trapped) error reading bcrypt version
Traceback (most recent call last):
  File "/usr/local/lib/python3.12/site-packages/passlib/handlers/bcrypt.py", line 620, in _load_backend_mixin
    version = _bcrypt.__about__.__version__
              ^^^^^^^^^^^^^^^^^
AttributeError: module 'bcrypt' has no attribute '__about__'
2025-11-23 19:17:37 - passlib.handlers.bcrypt - WARNING - (trapped) error reading bcrypt version
Traceback (most recent call last):
  File "/usr/local/lib/python3.12/site-packages/passlib/handlers/bcrypt.py", line 620, in _load_backend_mixin
    version = _bcrypt.__about__.__version__
              ^^^^^^^^^^^^^^^^^
AttributeError: module 'bcrypt' has no attribute '__about__'
2025-11-23 19:17:38 - passlib.handlers.bcrypt - WARNING - (trapped) error reading bcrypt version
Traceback (most recent call last):
  File "/usr/local/lib/python3.12/site-packages/passlib/handlers/bcrypt.py", line 620, in _load_backend_mixin
    version = _bcrypt.__about__.__version__
              ^^^^^^^^^^^^^^^^^
AttributeError: module 'bcrypt' has no attribute '__about__'
2025-11-23 19:17:38 - passlib.handlers.bcrypt - WARNING - (trapped) error reading bcrypt version
Traceback (most recent call last):
  File "/usr/local/lib/python3.12/site-packages/passlib/handlers/bcrypt.py", line 620, in _load_backend_mixin
    version = _bcrypt.__about__.__version__
              ^^^^^^^^^^^^^^^^^
AttributeError: module 'bcrypt' has no attribute '__about__'
2025-11-23 19:17:38 - passlib.handlers.bcrypt - WARNING - (trapped) error reading bcrypt version
Traceback (most recent call last):
  File "/usr/local/lib/python3.12/site-packages/passlib/handlers/bcrypt.py", line 620, in _load_backend_mixin
    version = _bcrypt.__about__.__version__
              ^^^^^^^^^^^^^^^^^
AttributeError: module 'bcrypt' has no attribute '__about__'
2025-11-23 19:17:38 - httpx - INFO - HTTP Request: GET http://test/api/v1/products/ "HTTP/1.1 200 OK"
2025-11-23 19:17:38 - httpx - INFO - HTTP Request: GET http://test/api/v1/products?category_id=1 "HTTP/1.1 307 Temporary Redirect"
2025-11-23 19:17:38 - httpx - INFO - HTTP Request: GET http://test/api/v1/products/?category_id=1 "HTTP/1.1 200 OK"
2025-11-23 19:17:38 - httpx - INFO - HTTP Request: GET http://test/api/v1/products?search=Test%20 "HTTP/1.1 307 Temporary Redirect"
2025-11-23 19:17:38 - httpx - INFO - HTTP Request: GET http://test/api/v1/products/?search=Test%20 "HTTP/1.1 200 OK"
2025-11-23 19:17:38 - httpx - INFO - HTTP Request: GET http://test/api/v1/products?skip=0&limit=2 "HTTP/1.1 307 Temporary Redirect"
2025-11-23 19:17:38 - httpx - INFO - HTTP Request: GET http://test/api/v1/products/?skip=0&limit=2 "HTTP/1.1 200 OK"
2025-11-23 19:17:38 - httpx - INFO - HTTP Request: GET http://test/api/v1/products?skip=2&limit=2 "HTTP/1.1 307 Temporary Redirect"
2025-11-23 19:17:38 - httpx - INFO - HTTP Request: GET http://test/api/v1/products/?skip=2&limit=2 "HTTP/1.1 200 OK"
2025-11-23 19:17:38 - httpx - INFO - HTTP Request: GET http://test/api/v1/products/test-product "HTTP/1.1 200 OK"
2025-11-23 19:17:38 - httpx - INFO - HTTP Request: GET http://test/api/v1/products/nonexistent-product-slug-12345 "HTTP/1.1 404 Not Found"
2025-11-23 19:17:38 - httpx - INFO - HTTP Request: GET http://test/api/v1/products/ "HTTP/1.1 200 OK"
2025-11-23 19:17:38 - httpx - INFO - HTTP Request: GET http://test/api/v1/products/popular?limit=10 "HTTP/1.1 200 OK"
2025-11-23 19:17:38 - httpx - INFO - HTTP Request: GET http://test/api/v1/products?is_new=true "HTTP/1.1 307 Temporary Redirect"
2025-11-23 19:17:38 - httpx - INFO - HTTP Request: GET http://test/api/v1/products/?is_new=true "HTTP/1.1 200 OK"
2025-11-23 19:17:39 - httpx - INFO - HTTP Request: GET http://test/api/v1/products/1/recommendations?limit=4 "HTTP/1.1 200 OK"
2025-11-23 19:17:39 - httpx - INFO - HTTP Request: GET http://test/api/v1/products/99999/recommendations?limit=4 "HTTP/1.1 404 Not Found"
2025-11-23 19:17:39 - httpx - INFO - HTTP Request: GET http://test/api/v1/products?category_id=1&is_new=true&is_popular=true "HTTP/1.1 307 Temporary Redirect"
2025-11-23 19:17:39 - httpx - INFO - HTTP Request: GET http://test/api/v1/products/?category_id=1&is_new=true&is_popular=true "HTTP/1.1 200 OK"
2025-11-23 19:17:39 - httpx - INFO - HTTP Request: GET http://test/api/v1/products?limit=1000/ "HTTP/1.1 307 Temporary Redirect"
2025-11-23 19:17:39 - httpx - INFO - HTTP Request: GET http://test/api/v1/products/?limit=1000/ "HTTP/1.1 422 Unprocessable Entity"
2025-11-23 19:17:39 - httpx - INFO - HTTP Request: GET http://test/api/v1/products?skip=-1/ "HTTP/1.1 307 Temporary Redirect"
2025-11-23 19:17:39 - httpx - INFO - HTTP Request: GET http://test/api/v1/products/?skip=-1/ "HTTP/1.1 422 Unprocessable Entity"
2025-11-23 19:17:39 - httpx - INFO - HTTP Request: GET http://test/api/v1/products/test-product "HTTP/1.1 200 OK"
2025-11-23 19:17:39 - httpx - INFO - HTTP Request: GET http://test/api/v1/promotions/ "HTTP/1.1 200 OK"
2025-11-23 19:17:39 - httpx - INFO - HTTP Request: GET http://test/api/v1/promotions/special-promotion "HTTP/1.1 200 OK"
2025-11-23 19:17:39 - httpx - INFO - HTTP Request: GET http://test/api/v1/promotions/nonexistent-promotion-slug-12345 "HTTP/1.1 404 Not Found"
2025-11-23 19:17:39 - httpx - INFO - HTTP Request: GET http://test/api/v1/promotions/ "HTTP/1.1 200 OK"
2025-11-23 19:17:39 - httpx - INFO - HTTP Request: GET http://test/api/v1/promotions/ "HTTP/1.1 200 OK"
2025-11-23 19:17:39 - httpx - INFO - HTTP Request: GET http://test/api/v1/promotions/limited-promotion "HTTP/1.1 200 OK"
2025-11-23 19:17:39 - httpx - INFO - HTTP Request: GET http://test/api/v1/promotions/?category_id=1 "HTTP/1.1 200 OK"
2025-11-23 19:17:39 - httpx - INFO - HTTP Request: GET http://test/api/v1/promotions/?product_id=1 "HTTP/1.1 200 OK"
2025-11-23 19:17:39 - httpx - INFO - HTTP Request: GET http://test/api/v1/promotions/?skip=0&limit=2 "HTTP/1.1 200 OK"
2025-11-23 19:17:40 - httpx - INFO - HTTP Request: GET http://test/api/v1/promotions/ "HTTP/1.1 200 OK"
2025-11-23 19:17:40 - passlib.handlers.bcrypt - WARNING - (trapped) error reading bcrypt version
Traceback (most recent call last):
  File "/usr/local/lib/python3.12/site-packages/passlib/handlers/bcrypt.py", line 620, in _load_backend_mixin
    version = _bcrypt.__about__.__version__
              ^^^^^^^^^^^^^^^^^
AttributeError: module 'bcrypt' has no attribute '__about__'
2025-11-23 19:17:40 - passlib.handlers.bcrypt - WARNING - (trapped) error reading bcrypt version
Traceback (most recent call last):
  File "/usr/local/lib/python3.12/site-packages/passlib/handlers/bcrypt.py", line 620, in _load_backend_mixin
    version = _bcrypt.__about__.__version__
              ^^^^^^^^^^^^^^^^^
AttributeError: module 'bcrypt' has no attribute '__about__'
2025-11-23 19:17:40 - passlib.handlers.bcrypt - WARNING - (trapped) error reading bcrypt version
Traceback (most recent call last):
  File "/usr/local/lib/python3.12/site-packages/passlib/handlers/bcrypt.py", line 620, in _load_backend_mixin
    version = _bcrypt.__about__.__version__
              ^^^^^^^^^^^^^^^^^
AttributeError: module 'bcrypt' has no attribute '__about__'
2025-11-23 19:17:40 - passlib.handlers.bcrypt - WARNING - (trapped) error reading bcrypt version
Traceback (most recent call last):
  File "/usr/local/lib/python3.12/site-packages/passlib/handlers/bcrypt.py", line 620, in _load_backend_mixin
    version = _bcrypt.__about__.__version__
              ^^^^^^^^^^^^^^^^^
AttributeError: module 'bcrypt' has no attribute '__about__'
2025-11-23 19:17:40 - passlib.handlers.bcrypt - WARNING - (trapped) error reading bcrypt version
Traceback (most recent call last):
  File "/usr/local/lib/python3.12/site-packages/passlib/handlers/bcrypt.py", line 620, in _load_backend_mixin
    version = _bcrypt.__about__.__version__
              ^^^^^^^^^^^^^^^^^
AttributeError: module 'bcrypt' has no attribute '__about__'
2025-11-23 19:17:40 - passlib.handlers.bcrypt - WARNING - (trapped) error reading bcrypt version
Traceback (most recent call last):
  File "/usr/local/lib/python3.12/site-packages/passlib/handlers/bcrypt.py", line 620, in _load_backend_mixin
    version = _bcrypt.__about__.__version__
              ^^^^^^^^^^^^^^^^^
AttributeError: module 'bcrypt' has no attribute '__about__'
2025-11-23 19:17:40 - passlib.handlers.bcrypt - WARNING - (trapped) error reading bcrypt version
Traceback (most recent call last):
  File "/usr/local/lib/python3.12/site-packages/passlib/handlers/bcrypt.py", line 620, in _load_backend_mixin
    version = _bcrypt.__about__.__version__
              ^^^^^^^^^^^^^^^^^
AttributeError: module 'bcrypt' has no attribute '__about__'
2025-11-23 19:17:40 - passlib.handlers.bcrypt - WARNING - (trapped) error reading bcrypt version
Traceback (most recent call last):
  File "/usr/local/lib/python3.12/site-packages/passlib/handlers/bcrypt.py", line 620, in _load_backend_mixin
    version = _bcrypt.__about__.__version__
              ^^^^^^^^^^^^^^^^^
AttributeError: module 'bcrypt' has no attribute '__about__'
2025-11-23 19:17:40 - passlib.handlers.bcrypt - WARNING - (trapped) error reading bcrypt version
Traceback (most recent call last):
  File "/usr/local/lib/python3.12/site-packages/passlib/handlers/bcrypt.py", line 620, in _load_backend_mixin
    version = _bcrypt.__about__.__version__
              ^^^^^^^^^^^^^^^^^
AttributeError: module 'bcrypt' has no attribute '__about__'
2025-11-23 19:17:40 - passlib.handlers.bcrypt - WARNING - (trapped) error reading bcrypt version
Traceback (most recent call last):
  File "/usr/local/lib/python3.12/site-packages/passlib/handlers/bcrypt.py", line 620, in _load_backend_mixin
    version = _bcrypt.__about__.__version__
              ^^^^^^^^^^^^^^^^^
AttributeError: module 'bcrypt' has no attribute '__about__'
2025-11-23 19:17:40 - passlib.handlers.bcrypt - WARNING - (trapped) error reading bcrypt version
Traceback (most recent call last):
  File "/usr/local/lib/python3.12/site-packages/passlib/handlers/bcrypt.py", line 620, in _load_backend_mixin
    version = _bcrypt.__about__.__version__
              ^^^^^^^^^^^^^^^^^
AttributeError: module 'bcrypt' has no attribute '__about__'
2025-11-23 19:17:40 - passlib.handlers.bcrypt - WARNING - (trapped) error reading bcrypt version
Traceback (most recent call last):
  File "/usr/local/lib/python3.12/site-packages/passlib/handlers/bcrypt.py", line 620, in _load_backend_mixin
    version = _bcrypt.__about__.__version__
              ^^^^^^^^^^^^^^^^^
AttributeError: module 'bcrypt' has no attribute '__about__'
2025-11-23 19:17:41 - passlib.handlers.bcrypt - WARNING - (trapped) error reading bcrypt version
Traceback (most recent call last):
  File "/usr/local/lib/python3.12/site-packages/passlib/handlers/bcrypt.py", line 620, in _load_backend_mixin
    version = _bcrypt.__about__.__version__
              ^^^^^^^^^^^^^^^^^
AttributeError: module 'bcrypt' has no attribute '__about__'
2025-11-23 19:22:09 - httpx - INFO - HTTP Request: GET http://test/api/v1/admin/users "HTTP/1.1 403 Forbidden"
2025-11-23 19:22:09 - passlib.handlers.bcrypt - WARNING - (trapped) error reading bcrypt version
Traceback (most recent call last):
  File "/usr/local/lib/python3.12/site-packages/passlib/handlers/bcrypt.py", line 620, in _load_backend_mixin
    version = _bcrypt.__about__.__version__
              ^^^^^^^^^^^^^^^^^
AttributeError: module 'bcrypt' has no attribute '__about__'
2025-11-23 19:22:09 - passlib.handlers.bcrypt - WARNING - (trapped) error reading bcrypt version
Traceback (most recent call last):
  File "/usr/local/lib/python3.12/site-packages/passlib/handlers/bcrypt.py", line 620, in _load_backend_mixin
    version = _bcrypt.__about__.__version__
              ^^^^^^^^^^^^^^^^^
AttributeError: module 'bcrypt' has no attribute '__about__'
2025-11-23 19:22:10 - passlib.handlers.bcrypt - WARNING - (trapped) error reading bcrypt version
Traceback (most recent call last):
  File "/usr/local/lib/python3.12/site-packages/passlib/handlers/bcrypt.py", line 620, in _load_backend_mixin
    version = _bcrypt.__about__.__version__
              ^^^^^^^^^^^^^^^^^
AttributeError: module 'bcrypt' has no attribute '__about__'
2025-11-23 19:22:10 - passlib.handlers.bcrypt - WARNING - (trapped) error reading bcrypt version
Traceback (most recent call last):
  File "/usr/local/lib/python3.12/site-packages/passlib/handlers/bcrypt.py", line 620, in _load_backend_mixin
    version = _bcrypt.__about__.__version__
              ^^^^^^^^^^^^^^^^^
AttributeError: module 'bcrypt' has no attribute '__about__'
2025-11-23 19:22:10 - passlib.handlers.bcrypt - WARNING - (trapped) error reading bcrypt version
Traceback (most recent call last):
  File "/usr/local/lib/python3.12/site-packages/passlib/handlers/bcrypt.py", line 620, in _load_backend_mixin
    version = _bcrypt.__about__.__version__
              ^^^^^^^^^^^^^^^^^
AttributeError: module 'bcrypt' has no attribute '__about__'
2025-11-23 19:22:10 - passlib.handlers.bcrypt - WARNING - (trapped) error reading bcrypt version
Traceback (most recent call last):
  File "/usr/local/lib/python3.12/site-packages/passlib/handlers/bcrypt.py", line 620, in _load_backend_mixin
    version = _bcrypt.__about__.__version__
              ^^^^^^^^^^^^^^^^^
AttributeError: module 'bcrypt' has no attribute '__about__'
2025-11-23 19:22:10 - passlib.handlers.bcrypt - WARNING - (trapped) error reading bcrypt version
Traceback (most recent call last):
  File "/usr/local/lib/python3.12/site-packages/passlib/handlers/bcrypt.py", line 620, in _load_backend_mixin
    version = _bcrypt.__about__.__version__
              ^^^^^^^^^^^^^^^^^
AttributeError: module 'bcrypt' has no attribute '__about__'
2025-11-23 19:22:10 - passlib.handlers.bcrypt - WARNING - (trapped) error reading bcrypt version
Traceback (most recent call last):
  File "/usr/local/lib/python3.12/site-packages/passlib/handlers/bcrypt.py", line 620, in _load_backend_mixin
    version = _bcrypt.__about__.__version__
              ^^^^^^^^^^^^^^^^^
AttributeError: module 'bcrypt' has no attribute '__about__'
2025-11-23 19:22:10 - passlib.handlers.bcrypt - WARNING - (trapped) error reading bcrypt version
Traceback (most recent call last):
  File "/usr/local/lib/python3.12/site-packages/passlib/handlers/bcrypt.py", line 620, in _load_backend_mixin
    version = _bcrypt.__about__.__version__
              ^^^^^^^^^^^^^^^^^
AttributeError: module 'bcrypt' has no attribute '__about__'
2025-11-23 19:22:10 - passlib.handlers.bcrypt - WARNING - (trapped) error reading bcrypt version
Traceback (most recent call last):
  File "/usr/local/lib/python3.12/site-packages/passlib/handlers/bcrypt.py", line 620, in _load_backend_mixin
    version = _bcrypt.__about__.__version__
              ^^^^^^^^^^^^^^^^^
AttributeError: module 'bcrypt' has no attribute '__about__'
2025-11-23 19:22:10 - httpx - INFO - HTTP Request: POST http://test/api/v1/auth/register "HTTP/1.1 422 Unprocessable Entity"
2025-11-23 19:22:10 - httpx - INFO - HTTP Request: POST http://test/api/v1/auth/register "HTTP/1.1 422 Unprocessable Entity"
2025-11-23 19:22:10 - passlib.handlers.bcrypt - WARNING - (trapped) error reading bcrypt version
Traceback (most recent call last):
  File "/usr/local/lib/python3.12/site-packages/passlib/handlers/bcrypt.py", line 620, in _load_backend_mixin
    version = _bcrypt.__about__.__version__
              ^^^^^^^^^^^^^^^^^
AttributeError: module 'bcrypt' has no attribute '__about__'
2025-11-23 19:22:10 - passlib.handlers.bcrypt - WARNING - (trapped) error reading bcrypt version
Traceback (most recent call last):
  File "/usr/local/lib/python3.12/site-packages/passlib/handlers/bcrypt.py", line 620, in _load_backend_mixin
    version = _bcrypt.__about__.__version__
              ^^^^^^^^^^^^^^^^^
AttributeError: module 'bcrypt' has no attribute '__about__'
2025-11-23 19:22:11 - httpx - INFO - HTTP Request: POST http://test/api/v1/auth/login "HTTP/1.1 401 Unauthorized"
2025-11-23 19:22:11 - passlib.handlers.bcrypt - WARNING - (trapped) error reading bcrypt version
Traceback (most recent call last):
  File "/usr/local/lib/python3.12/site-packages/passlib/handlers/bcrypt.py", line 620, in _load_backend_mixin
    version = _bcrypt.__about__.__version__
              ^^^^^^^^^^^^^^^^^
AttributeError: module 'bcrypt' has no attribute '__about__'
2025-11-23 19:22:11 - passlib.handlers.bcrypt - WARNING - (trapped) error reading bcrypt version
Traceback (most recent call last):
  File "/usr/local/lib/python3.12/site-packages/passlib/handlers/bcrypt.py", line 620, in _load_backend_mixin
    version = _bcrypt.__about__.__version__
              ^^^^^^^^^^^^^^^^^
AttributeError: module 'bcrypt' has no attribute '__about__'
2025-11-23 19:22:11 - httpx - INFO - HTTP Request: POST http://test/api/v1/auth/refresh "HTTP/1.1 401 Unauthorized"
2025-11-23 19:22:11 - passlib.handlers.bcrypt - WARNING - (trapped) error reading bcrypt version
Traceback (most recent call last):
  File "/usr/local/lib/python3.12/site-packages/passlib/handlers/bcrypt.py", line 620, in _load_backend_mixin
    version = _bcrypt.__about__.__version__
              ^^^^^^^^^^^^^^^^^
AttributeError: module 'bcrypt' has no attribute '__about__'
2025-11-23 19:22:11 - httpx - INFO - HTTP Request: GET http://test/api/v1/users/me "HTTP/1.1 403 Forbidden"
2025-11-23 19:22:11 - passlib.handlers.bcrypt - WARNING - (trapped) error reading bcrypt version
Traceback (most recent call last):
  File "/usr/local/lib/python3.12/site-packages/passlib/handlers/bcrypt.py", line 620, in _load_backend_mixin
    version = _bcrypt.__about__.__version__
              ^^^^^^^^^^^^^^^^^
AttributeError: module 'bcrypt' has no attribute '__about__'
2025-11-23 19:22:11 - passlib.handlers.bcrypt - WARNING - (trapped) error reading bcrypt version
Traceback (most recent call last):
  File "/usr/local/lib/python3.12/site-packages/passlib/handlers/bcrypt.py", line 620, in _load_backend_mixin
    version = _bcrypt.__about__.__version__
              ^^^^^^^^^^^^^^^^^
AttributeError: module 'bcrypt' has no attribute '__about__'
2025-11-23 19:22:11 - passlib.handlers.bcrypt - WARNING - (trapped) error reading bcrypt version
Traceback (most recent call last):
  File "/usr/local/lib/python3.12/site-packages/passlib/handlers/bcrypt.py", line 620, in _load_backend_mixin
    version = _bcrypt.__about__.__version__
              ^^^^^^^^^^^^^^^^^
AttributeError: module 'bcrypt' has no attribute '__about__'
2025-11-23 19:22:11 - passlib.handlers.bcrypt - WARNING - (trapped) error reading bcrypt version
Traceback (most recent call last):
  File "/usr/local/lib/python3.12/site-packages/passlib/handlers/bcrypt.py", line 620, in _load_backend_mixin
    version = _bcrypt.__about__.__version__
              ^^^^^^^^^^^^^^^^^
AttributeError: module 'bcrypt' has no attribute '__about__'
2025-11-23 19:22:11 - passlib.handlers.bcrypt - WARNING - (trapped) error reading bcrypt version
Traceback (most recent call last):
  File "/usr/local/lib/python3.12/site-packages/passlib/handlers/bcrypt.py", line 620, in _load_backend_mixin
    version = _bcrypt.__about__.__version__
              ^^^^^^^^^^^^^^^^^
AttributeError: module 'bcrypt' has no attribute '__about__'
2025-11-23 19:22:12 - kombu.connection - WARNING - No hostname was supplied. Reverting to default 'localhost'
2025-11-23 19:22:12 - app.tasks.sms - INFO - SMS : 380501111114
2025-11-23 19:22:12 - celery.app.trace - INFO - Task app.tasks.sms.send_sms[49812357-6206-4712-bbb5-5c6390d6e0fd] succeeded in 0.008352147000550758s: True
2025-11-23 19:22:12 - celery.app.trace - INFO - Task app.tasks.sms.send_verification_code[8e038f56-f007-4008-a4d5-fdb49d9846bf] succeeded in 0.009356360998935997s: True
2025-11-23 19:22:12 - httpx - INFO - HTTP Request: POST http://test/api/v1/auth/send-sms "HTTP/1.1 200 OK"
2025-11-23 19:22:12 - httpx - INFO - HTTP Request: POST http://test/api/v1/auth/verify-sms "HTTP/1.1 401 Unauthorized"
2025-11-23 19:22:12 - passlib.handlers.bcrypt - WARNING - (trapped) error reading bcrypt version
Traceback (most recent call last):
  File "/usr/local/lib/python3.12/site-packages/passlib/handlers/bcrypt.py", line 620, in _load_backend_mixin
    version = _bcrypt.__about__.__version__
              ^^^^^^^^^^^^^^^^^
AttributeError: module 'bcrypt' has no attribute '__about__'
2025-11-23 19:22:12 - httpx - INFO - HTTP Request: POST http://test/api/v1/auth/reset-password "HTTP/1.1 404 Not Found"
2025-11-23 19:22:12 - httpx - INFO - HTTP Request: GET http://test/api/v1/categories/ "HTTP/1.1 200 OK"
2025-11-23 19:22:12 - httpx - INFO - HTTP Request: GET http://test/api/v1/categories/test-category "HTTP/1.1 200 OK"
2025-11-23 19:22:12 - httpx - INFO - HTTP Request: GET http://test/api/v1/categories/nonexistent-category-slug-12345 "HTTP/1.1 404 Not Found"
2025-11-23 19:22:12 - httpx - INFO - HTTP Request: GET http://test/api/v1/categories/ "HTTP/1.1 200 OK"
2025-11-23 19:22:12 - httpx - INFO - HTTP Request: GET http://test/api/v1/categories/test-category "HTTP/1.1 200 OK"
2025-11-23 19:22:12 - httpx - INFO - HTTP Request: GET http://test/api/v1/categories/ "HTTP/1.1 200 OK"
2025-11-23 19:22:12 - httpx - INFO - HTTP Request: GET http://test/api/v1/categories?skip=0&limit=2 "HTTP/1.1 307 Temporary Redirect"
2025-11-23 19:22:12 - httpx - INFO - HTTP Request: GET http://test/api/v1/categories/?skip=0&limit=2 "HTTP/1.1 200 OK"
2025-11-23 19:22:12 - httpx - INFO - HTTP Request: GET http://test/api/v1/categories/category-with-image "HTTP/1.1 200 OK"
2025-11-23 19:22:12 - httpx - INFO - HTTP Request: GET http://test/api/v1/categories/test-category "HTTP/1.1 200 OK"
2025-11-23 19:22:12 - passlib.handlers.bcrypt - WARNING - (trapped) error reading bcrypt version
Traceback (most recent call last):
  File "/usr/local/lib/python3.12/site-packages/passlib/handlers/bcrypt.py", line 620, in _load_backend_mixin
    version = _bcrypt.__about__.__version__
              ^^^^^^^^^^^^^^^^^
AttributeError: module 'bcrypt' has no attribute '__about__'
2025-11-23 19:22:12 - passlib.handlers.bcrypt - WARNING - (trapped) error reading bcrypt version
Traceback (most recent call last):
  File "/usr/local/lib/python3.12/site-packages/passlib/handlers/bcrypt.py", line 620, in _load_backend_mixin
    version = _bcrypt.__about__.__version__
              ^^^^^^^^^^^^^^^^^
AttributeError: module 'bcrypt' has no attribute '__about__'
2025-11-23 19:22:12 - passlib.handlers.bcrypt - WARNING - (trapped) error reading bcrypt version
Traceback (most recent call last):
  File "/usr/local/lib/python3.12/site-packages/passlib/handlers/bcrypt.py", line 620, in _load_backend_mixin
    version = _bcrypt.__about__.__version__
              ^^^^^^^^^^^^^^^^^
AttributeError: module 'bcrypt' has no attribute '__about__'
2025-11-23 19:22:13 - passlib.handlers.bcrypt - WARNING - (trapped) error reading bcrypt version
Traceback (most recent call last):
  File "/usr/local/lib/python3.12/site-packages/passlib/handlers/bcrypt.py", line 620, in _load_backend_mixin
    version = _bcrypt.__about__.__version__
              ^^^^^^^^^^^^^^^^^
AttributeError: module 'bcrypt' has no attribute '__about__'
2025-11-23 19:22:13 - passlib.handlers.bcrypt - WARNING - (trapped) error reading bcrypt version
Traceback (most recent call last):
  File "/usr/local/lib/python3.12/site-packages/passlib/handlers/bcrypt.py", line 620, in _load_backend_mixin
    version = _bcrypt.__about__.__version__
              ^^^^^^^^^^^^^^^^^
AttributeError: module 'bcrypt' has no attribute '__about__'
2025-11-23 19:22:13 - passlib.handlers.bcrypt - WARNING - (trapped) error reading bcrypt version
Traceback (most recent call last):
  File "/usr/local/lib/python3.12/site-packages/passlib/handlers/bcrypt.py", line 620, in _load_backend_mixin
    version = _bcrypt.__about__.__version__
              ^^^^^^^^^^^^^^^^^
AttributeError: module 'bcrypt' has no attribute '__about__'
2025-11-23 19:22:13 - passlib.handlers.bcrypt - WARNING - (trapped) error reading bcrypt version
Traceback (most recent call last):
  File "/usr/local/lib/python3.12/site-packages/passlib/handlers/bcrypt.py", line 620, in _load_backend_mixin
    version = _bcrypt.__about__.__version__
              ^^^^^^^^^^^^^^^^^
AttributeError: module 'bcrypt' has no attribute '__about__'
2025-11-23 19:22:13 - passlib.handlers.bcrypt - WARNING - (trapped) error reading bcrypt version
Traceback (most recent call last):
  File "/usr/local/lib/python3.12/site-packages/passlib/handlers/bcrypt.py", line 620, in _load_backend_mixin
    version = _bcrypt.__about__.__version__
              ^^^^^^^^^^^^^^^^^
AttributeError: module 'bcrypt' has no attribute '__about__'
2025-11-23 19:22:13 - passlib.handlers.bcrypt - WARNING - (trapped) error reading bcrypt version
Traceback (most recent call last):
  File "/usr/local/lib/python3.12/site-packages/passlib/handlers/bcrypt.py", line 620, in _load_backend_mixin
    version = _bcrypt.__about__.__version__
              ^^^^^^^^^^^^^^^^^
AttributeError: module 'bcrypt' has no attribute '__about__'
2025-11-23 19:22:13 - passlib.handlers.bcrypt - WARNING - (trapped) error reading bcrypt version
Traceback (most recent call last):
  File "/usr/local/lib/python3.12/site-packages/passlib/handlers/bcrypt.py", line 620, in _load_backend_mixin
    version = _bcrypt.__about__.__version__
              ^^^^^^^^^^^^^^^^^
AttributeError: module 'bcrypt' has no attribute '__about__'
2025-11-23 19:22:13 - passlib.handlers.bcrypt - WARNING - (trapped) error reading bcrypt version
Traceback (most recent call last):
  File "/usr/local/lib/python3.12/site-packages/passlib/handlers/bcrypt.py", line 620, in _load_backend_mixin
    version = _bcrypt.__about__.__version__
              ^^^^^^^^^^^^^^^^^
AttributeError: module 'bcrypt' has no attribute '__about__'
2025-11-23 19:22:13 - passlib.handlers.bcrypt - WARNING - (trapped) error reading bcrypt version
Traceback (most recent call last):
  File "/usr/local/lib/python3.12/site-packages/passlib/handlers/bcrypt.py", line 620, in _load_backend_mixin
    version = _bcrypt.__about__.__version__
              ^^^^^^^^^^^^^^^^^
AttributeError: module 'bcrypt' has no attribute '__about__'
2025-11-23 19:22:13 - passlib.handlers.bcrypt - WARNING - (trapped) error reading bcrypt version
Traceback (most recent call last):
  File "/usr/local/lib/python3.12/site-packages/passlib/handlers/bcrypt.py", line 620, in _load_backend_mixin
    version = _bcrypt.__about__.__version__
              ^^^^^^^^^^^^^^^^^
AttributeError: module 'bcrypt' has no attribute '__about__'
2025-11-23 19:22:13 - passlib.handlers.bcrypt - WARNING - (trapped) error reading bcrypt version
Traceback (most recent call last):
  File "/usr/local/lib/python3.12/site-packages/passlib/handlers/bcrypt.py", line 620, in _load_backend_mixin
    version = _bcrypt.__about__.__version__
              ^^^^^^^^^^^^^^^^^
AttributeError: module 'bcrypt' has no attribute '__about__'
2025-11-23 19:22:13 - httpx - INFO - HTTP Request: GET http://test/api/v1/products/ "HTTP/1.1 200 OK"
2025-11-23 19:22:13 - httpx - INFO - HTTP Request: GET http://test/api/v1/products?category_id=1 "HTTP/1.1 307 Temporary Redirect"
2025-11-23 19:22:13 - httpx - INFO - HTTP Request: GET http://test/api/v1/products/?category_id=1 "HTTP/1.1 200 OK"
2025-11-23 19:22:14 - httpx - INFO - HTTP Request: GET http://test/api/v1/products?search=Test%20 "HTTP/1.1 307 Temporary Redirect"
2025-11-23 19:22:14 - httpx - INFO - HTTP Request: GET http://test/api/v1/products/?search=Test%20 "HTTP/1.1 200 OK"
2025-11-23 19:22:14 - httpx - INFO - HTTP Request: GET http://test/api/v1/products?skip=0&limit=2 "HTTP/1.1 307 Temporary Redirect"
2025-11-23 19:22:14 - httpx - INFO - HTTP Request: GET http://test/api/v1/products/?skip=0&limit=2 "HTTP/1.1 200 OK"
2025-11-23 19:22:14 - httpx - INFO - HTTP Request: GET http://test/api/v1/products?skip=2&limit=2 "HTTP/1.1 307 Temporary Redirect"
2025-11-23 19:22:14 - httpx - INFO - HTTP Request: GET http://test/api/v1/products/?skip=2&limit=2 "HTTP/1.1 200 OK"
2025-11-23 19:22:14 - httpx - INFO - HTTP Request: GET http://test/api/v1/products/test-product "HTTP/1.1 200 OK"
2025-11-23 19:22:14 - httpx - INFO - HTTP Request: GET http://test/api/v1/products/nonexistent-product-slug-12345 "HTTP/1.1 404 Not Found"
2025-11-23 19:22:14 - httpx - INFO - HTTP Request: GET http://test/api/v1/products/ "HTTP/1.1 200 OK"
2025-11-23 19:22:14 - httpx - INFO - HTTP Request: GET http://test/api/v1/products/popular?limit=10 "HTTP/1.1 200 OK"
2025-11-23 19:22:14 - httpx - INFO - HTTP Request: GET http://test/api/v1/products?is_new=true "HTTP/1.1 307 Temporary Redirect"
2025-11-23 19:22:14 - httpx - INFO - HTTP Request: GET http://test/api/v1/products/?is_new=true "HTTP/1.1 200 OK"
2025-11-23 19:22:14 - httpx - INFO - HTTP Request: GET http://test/api/v1/products/1/recommendations?limit=4 "HTTP/1.1 200 OK"
2025-11-23 19:22:14 - httpx - INFO - HTTP Request: GET http://test/api/v1/products/99999/recommendations?limit=4 "HTTP/1.1 404 Not Found"
2025-11-23 19:22:14 - httpx - INFO - HTTP Request: GET http://test/api/v1/products?category_id=1&is_new=true&is_popular=true "HTTP/1.1 307 Temporary Redirect"
2025-11-23 19:22:14 - httpx - INFO - HTTP Request: GET http://test/api/v1/products/?category_id=1&is_new=true&is_popular=true "HTTP/1.1 200 OK"
2025-11-23 19:22:14 - httpx - INFO - HTTP Request: GET http://test/api/v1/products?limit=1000/ "HTTP/1.1 307 Temporary Redirect"
2025-11-23 19:22:14 - httpx - INFO - HTTP Request: GET http://test/api/v1/products/?limit=1000/ "HTTP/1.1 422 Unprocessable Entity"
2025-11-23 19:22:14 - httpx - INFO - HTTP Request: GET http://test/api/v1/products?skip=-1/ "HTTP/1.1 307 Temporary Redirect"
2025-11-23 19:22:14 - httpx - INFO - HTTP Request: GET http://test/api/v1/products/?skip=-1/ "HTTP/1.1 422 Unprocessable Entity"
2025-11-23 19:22:14 - httpx - INFO - HTTP Request: GET http://test/api/v1/products/test-product "HTTP/1.1 200 OK"
2025-11-23 19:22:15 - httpx - INFO - HTTP Request: GET http://test/api/v1/promotions/ "HTTP/1.1 200 OK"
2025-11-23 19:22:15 - httpx - INFO - HTTP Request: GET http://test/api/v1/promotions/special-promotion "HTTP/1.1 200 OK"
2025-11-23 19:22:15 - httpx - INFO - HTTP Request: GET http://test/api/v1/promotions/nonexistent-promotion-slug-12345 "HTTP/1.1 404 Not Found"
2025-11-23 19:22:15 - httpx - INFO - HTTP Request: GET http://test/api/v1/promotions/ "HTTP/1.1 200 OK"
2025-11-23 19:22:15 - httpx - INFO - HTTP Request: GET http://test/api/v1/promotions/ "HTTP/1.1 200 OK"
2025-11-23 19:22:15 - httpx - INFO - HTTP Request: GET http://test/api/v1/promotions/limited-promotion "HTTP/1.1 200 OK"
2025-11-23 19:22:15 - httpx - INFO - HTTP Request: GET http://test/api/v1/promotions/?category_id=1 "HTTP/1.1 200 OK"
2025-11-23 19:22:15 - httpx - INFO - HTTP Request: GET http://test/api/v1/promotions/?product_id=1 "HTTP/1.1 200 OK"
2025-11-23 19:22:15 - httpx - INFO - HTTP Request: GET http://test/api/v1/promotions/?skip=0&limit=2 "HTTP/1.1 200 OK"
2025-11-23 19:22:15 - httpx - INFO - HTTP Request: GET http://test/api/v1/promotions/ "HTTP/1.1 200 OK"
2025-11-23 19:22:15 - passlib.handlers.bcrypt - WARNING - (trapped) error reading bcrypt version
Traceback (most recent call last):
  File "/usr/local/lib/python3.12/site-packages/passlib/handlers/bcrypt.py", line 620, in _load_backend_mixin
    version = _bcrypt.__about__.__version__
              ^^^^^^^^^^^^^^^^^
AttributeError: module 'bcrypt' has no attribute '__about__'
2025-11-23 19:22:15 - passlib.handlers.bcrypt - WARNING - (trapped) error reading bcrypt version
Traceback (most recent call last):
  File "/usr/local/lib/python3.12/site-packages/passlib/handlers/bcrypt.py", line 620, in _load_backend_mixin
    version = _bcrypt.__about__.__version__
              ^^^^^^^^^^^^^^^^^
AttributeError: module 'bcrypt' has no attribute '__about__'
2025-11-23 19:22:15 - passlib.handlers.bcrypt - WARNING - (trapped) error reading bcrypt version
Traceback (most recent call last):
  File "/usr/local/lib/python3.12/site-packages/passlib/handlers/bcrypt.py", line 620, in _load_backend_mixin
    version = _bcrypt.__about__.__version__
              ^^^^^^^^^^^^^^^^^
AttributeError: module 'bcrypt' has no attribute '__about__'
2025-11-23 19:22:16 - passlib.handlers.bcrypt - WARNING - (trapped) error reading bcrypt version
Traceback (most recent call last):
  File "/usr/local/lib/python3.12/site-packages/passlib/handlers/bcrypt.py", line 620, in _load_backend_mixin
    version = _bcrypt.__about__.__version__
              ^^^^^^^^^^^^^^^^^
AttributeError: module 'bcrypt' has no attribute '__about__'
2025-11-23 19:22:16 - passlib.handlers.bcrypt - WARNING - (trapped) error reading bcrypt version
Traceback (most recent call last):
  File "/usr/local/lib/python3.12/site-packages/passlib/handlers/bcrypt.py", line 620, in _load_backend_mixin
    version = _bcrypt.__about__.__version__
              ^^^^^^^^^^^^^^^^^
AttributeError: module 'bcrypt' has no attribute '__about__'
2025-11-23 19:22:16 - passlib.handlers.bcrypt - WARNING - (trapped) error reading bcrypt version
Traceback (most recent call last):
  File "/usr/local/lib/python3.12/site-packages/passlib/handlers/bcrypt.py", line 620, in _load_backend_mixin
    version = _bcrypt.__about__.__version__
              ^^^^^^^^^^^^^^^^^
AttributeError: module 'bcrypt' has no attribute '__about__'
2025-11-23 19:22:16 - passlib.handlers.bcrypt - WARNING - (trapped) error reading bcrypt version
Traceback (most recent call last):
  File "/usr/local/lib/python3.12/site-packages/passlib/handlers/bcrypt.py", line 620, in _load_backend_mixin
    version = _bcrypt.__about__.__version__
              ^^^^^^^^^^^^^^^^^
AttributeError: module 'bcrypt' has no attribute '__about__'
2025-11-23 19:22:16 - passlib.handlers.bcrypt - WARNING - (trapped) error reading bcrypt version
Traceback (most recent call last):
  File "/usr/local/lib/python3.12/site-packages/passlib/handlers/bcrypt.py", line 620, in _load_backend_mixin
    version = _bcrypt.__about__.__version__
              ^^^^^^^^^^^^^^^^^
AttributeError: module 'bcrypt' has no attribute '__about__'
2025-11-23 19:22:16 - passlib.handlers.bcrypt - WARNING - (trapped) error reading bcrypt version
Traceback (most recent call last):
  File "/usr/local/lib/python3.12/site-packages/passlib/handlers/bcrypt.py", line 620, in _load_backend_mixin
    version = _bcrypt.__about__.__version__
              ^^^^^^^^^^^^^^^^^
AttributeError: module 'bcrypt' has no attribute '__about__'
2025-11-23 19:22:16 - passlib.handlers.bcrypt - WARNING - (trapped) error reading bcrypt version
Traceback (most recent call last):
  File "/usr/local/lib/python3.12/site-packages/passlib/handlers/bcrypt.py", line 620, in _load_backend_mixin
    version = _bcrypt.__about__.__version__
              ^^^^^^^^^^^^^^^^^
AttributeError: module 'bcrypt' has no attribute '__about__'
2025-11-23 19:22:16 - passlib.handlers.bcrypt - WARNING - (trapped) error reading bcrypt version
Traceback (most recent call last):
  File "/usr/local/lib/python3.12/site-packages/passlib/handlers/bcrypt.py", line 620, in _load_backend_mixin
    version = _bcrypt.__about__.__version__
              ^^^^^^^^^^^^^^^^^
AttributeError: module 'bcrypt' has no attribute '__about__'
2025-11-23 19:22:16 - passlib.handlers.bcrypt - WARNING - (trapped) error reading bcrypt version
Traceback (most recent call last):
  File "/usr/local/lib/python3.12/site-packages/passlib/handlers/bcrypt.py", line 620, in _load_backend_mixin
    version = _bcrypt.__about__.__version__
              ^^^^^^^^^^^^^^^^^
AttributeError: module 'bcrypt' has no attribute '__about__'
2025-11-23 19:22:16 - passlib.handlers.bcrypt - WARNING - (trapped) error reading bcrypt version
Traceback (most recent call last):
  File "/usr/local/lib/python3.12/site-packages/passlib/handlers/bcrypt.py", line 620, in _load_backend_mixin
    version = _bcrypt.__about__.__version__
              ^^^^^^^^^^^^^^^^^
AttributeError: module 'bcrypt' has no attribute '__about__'
2025-11-23 19:24:18 - passlib.handlers.bcrypt - WARNING - (trapped) error reading bcrypt version
Traceback (most recent call last):
  File "/usr/local/lib/python3.12/site-packages/passlib/handlers/bcrypt.py", line 620, in _load_backend_mixin
    version = _bcrypt.__about__.__version__
              ^^^^^^^^^^^^^^^^^
AttributeError: module 'bcrypt' has no attribute '__about__'
2025-11-23 19:24:18 - passlib.handlers.bcrypt - WARNING - (trapped) error reading bcrypt version
Traceback (most recent call last):
  File "/usr/local/lib/python3.12/site-packages/passlib/handlers/bcrypt.py", line 620, in _load_backend_mixin
    version = _bcrypt.__about__.__version__
              ^^^^^^^^^^^^^^^^^
AttributeError: module 'bcrypt' has no attribute '__about__'
2025-11-23 19:27:20 - httpx - INFO - HTTP Request: GET http://test/api/v1/admin/users "HTTP/1.1 403 Forbidden"
2025-11-23 19:27:20 - httpx - INFO - HTTP Request: GET http://test/api/v1/admin/users "HTTP/1.1 403 Forbidden"
2025-11-23 19:27:21 - httpx - INFO - HTTP Request: GET http://test/api/v1/admin/users "HTTP/1.1 200 OK"
2025-11-23 19:27:21 - httpx - INFO - HTTP Request: GET http://test/api/v1/admin/users/2 "HTTP/1.1 200 OK"
2025-11-23 19:27:22 - httpx - INFO - HTTP Request: POST http://test/api/v1/admin/products "HTTP/1.1 201 Created"
2025-11-23 19:27:22 - httpx - INFO - HTTP Request: PUT http://test/api/v1/admin/products/1 "HTTP/1.1 200 OK"
2025-11-23 19:27:22 - httpx - INFO - HTTP Request: DELETE http://test/api/v1/admin/products/1 "HTTP/1.1 204 No Content"
2025-11-23 19:27:23 - httpx - INFO - HTTP Request: POST http://test/api/v1/admin/users/2/add-bonus "HTTP/1.1 200 OK"
2025-11-23 19:27:23 - httpx - INFO - HTTP Request: POST http://test/api/v1/auth/register "HTTP/1.1 201 Created"
2025-11-23 19:27:24 - httpx - INFO - HTTP Request: POST http://test/api/v1/auth/register "HTTP/1.1 409 Conflict"
2025-11-23 19:27:24 - httpx - INFO - HTTP Request: POST http://test/api/v1/auth/register "HTTP/1.1 409 Conflict"
2025-11-23 19:27:24 - httpx - INFO - HTTP Request: POST http://test/api/v1/auth/register "HTTP/1.1 422 Unprocessable Entity"
2025-11-23 19:27:24 - httpx - INFO - HTTP Request: POST http://test/api/v1/auth/register "HTTP/1.1 422 Unprocessable Entity"
2025-11-23 19:27:25 - httpx - INFO - HTTP Request: POST http://test/api/v1/auth/login "HTTP/1.1 200 OK"
2025-11-23 19:27:25 - httpx - INFO - HTTP Request: POST http://test/api/v1/auth/login "HTTP/1.1 401 Unauthorized"
2025-11-23 19:27:25 - httpx - INFO - HTTP Request: POST http://test/api/v1/auth/login "HTTP/1.1 401 Unauthorized"
2025-11-23 19:27:26 - httpx - INFO - HTTP Request: POST http://test/api/v1/auth/login "HTTP/1.1 403 Forbidden"
2025-11-23 19:27:26 - httpx - INFO - HTTP Request: POST http://test/api/v1/auth/login "HTTP/1.1 200 OK"
2025-11-23 19:27:26 - httpx - INFO - HTTP Request: POST http://test/api/v1/auth/refresh "HTTP/1.1 401 Unauthorized"
2025-11-23 19:27:26 - httpx - INFO - HTTP Request: POST http://test/api/v1/auth/refresh "HTTP/1.1 401 Unauthorized"
2025-11-23 19:27:29 - httpx - INFO - HTTP Request: POST http://test/api/v1/auth/refresh "HTTP/1.1 200 OK"
2025-11-23 19:27:29 - httpx - INFO - HTTP Request: GET http://test/api/v1/users/me "HTTP/1.1 403 Forbidden"
2025-11-23 19:27:29 - httpx - INFO - HTTP Request: GET http://test/api/v1/users/me "HTTP/1.1 200 OK"
2025-11-23 19:27:30 - httpx - INFO - HTTP Request: POST http://test/api/v1/auth/change-password "HTTP/1.1 422 Unprocessable Entity"
2025-11-23 19:27:30 - httpx - INFO - HTTP Request: POST http://test/api/v1/auth/change-password "HTTP/1.1 422 Unprocessable Entity"
2025-11-23 19:27:30 - httpx - INFO - HTTP Request: POST http://test/api/v1/auth/change-password "HTTP/1.1 422 Unprocessable Entity"
2025-11-23 19:27:30 - httpx - INFO - HTTP Request: POST http://test/api/v1/auth/send-sms "HTTP/1.1 400 Bad Request"
2025-11-23 19:27:30 - httpx - INFO - HTTP Request: POST http://test/api/v1/auth/verify-sms "HTTP/1.1 401 Unauthorized"
2025-11-23 19:27:31 - httpx - INFO - HTTP Request: POST http://test/api/v1/auth/reset-password "HTTP/1.1 404 Not Found"
2025-11-23 19:27:31 - httpx - INFO - HTTP Request: POST http://test/api/v1/auth/reset-password "HTTP/1.1 404 Not Found"
2025-11-23 19:27:31 - httpx - INFO - HTTP Request: GET http://test/api/v1/categories/ "HTTP/1.1 200 OK"
2025-11-23 19:27:31 - httpx - INFO - HTTP Request: GET http://test/api/v1/categories/test-category "HTTP/1.1 200 OK"
2025-11-23 19:27:31 - httpx - INFO - HTTP Request: GET http://test/api/v1/categories/nonexistent-category-slug-12345 "HTTP/1.1 404 Not Found"
2025-11-23 19:27:31 - httpx - INFO - HTTP Request: GET http://test/api/v1/categories/ "HTTP/1.1 200 OK"
2025-11-23 19:27:31 - httpx - INFO - HTTP Request: GET http://test/api/v1/categories/test-category "HTTP/1.1 200 OK"
2025-11-23 19:27:31 - httpx - INFO - HTTP Request: GET http://test/api/v1/categories/ "HTTP/1.1 200 OK"
2025-11-23 19:27:31 - httpx - INFO - HTTP Request: GET http://test/api/v1/categories?skip=0&limit=2 "HTTP/1.1 307 Temporary Redirect"
2025-11-23 19:27:31 - httpx - INFO - HTTP Request: GET http://test/api/v1/categories/?skip=0&limit=2 "HTTP/1.1 200 OK"
2025-11-23 19:27:31 - httpx - INFO - HTTP Request: GET http://test/api/v1/categories/category-with-image "HTTP/1.1 200 OK"
2025-11-23 19:27:31 - httpx - INFO - HTTP Request: GET http://test/api/v1/categories/test-category "HTTP/1.1 200 OK"
2025-11-23 19:27:32 - httpx - INFO - HTTP Request: POST http://test/api/v1/orders/ "HTTP/1.1 422 Unprocessable Entity"
2025-11-23 19:27:32 - httpx - INFO - HTTP Request: POST http://test/api/v1/orders/ "HTTP/1.1 422 Unprocessable Entity"
2025-11-23 19:27:32 - httpx - INFO - HTTP Request: POST http://test/api/v1/orders/ "HTTP/1.1 422 Unprocessable Entity"
2025-11-23 19:27:33 - httpx - INFO - HTTP Request: POST http://test/api/v1/orders/ "HTTP/1.1 422 Unprocessable Entity"
2025-11-23 19:27:33 - httpx - INFO - HTTP Request: POST http://test/api/v1/orders/ "HTTP/1.1 422 Unprocessable Entity"
2025-11-23 19:27:33 - httpx - INFO - HTTP Request: POST http://test/api/v1/orders/ "HTTP/1.1 422 Unprocessable Entity"
2025-11-23 19:27:34 - httpx - INFO - HTTP Request: GET http://test/api/v1/users/me/orders "HTTP/1.1 200 OK"
2025-11-23 19:27:34 - httpx - INFO - HTTP Request: GET http://test/api/v1/users/me/orders/1 "HTTP/1.1 200 OK"
2025-11-23 19:27:34 - httpx - INFO - HTTP Request: GET http://test/api/v1/users/me/orders/99999 "HTTP/1.1 404 Not Found"
2025-11-23 19:27:35 - httpx - INFO - HTTP Request: GET http://test/api/v1/users/me/orders/1 "HTTP/1.1 404 Not Found"
2025-11-23 19:27:35 - httpx - INFO - HTTP Request: PUT http://test/api/v1/users/me/orders/1/cancel "HTTP/1.1 200 OK"
2025-11-23 19:27:36 - httpx - INFO - HTTP Request: PUT http://test/api/v1/users/me/orders/1/cancel "HTTP/1.1 400 Bad Request"
2025-11-23 19:27:36 - httpx - INFO - HTTP Request: POST http://test/api/v1/users/me/orders/1/reorder "HTTP/1.1 201 Created"
2025-11-23 19:27:36 - httpx - INFO - HTTP Request: POST http://test/api/v1/orders/ "HTTP/1.1 422 Unprocessable Entity"
2025-11-23 19:27:36 - httpx - INFO - HTTP Request: GET http://test/api/v1/products/ "HTTP/1.1 200 OK"
2025-11-23 19:27:36 - httpx - INFO - HTTP Request: GET http://test/api/v1/products?category_id=1 "HTTP/1.1 307 Temporary Redirect"
2025-11-23 19:27:36 - httpx - INFO - HTTP Request: GET http://test/api/v1/products/?category_id=1 "HTTP/1.1 200 OK"
2025-11-23 19:27:36 - httpx - INFO - HTTP Request: GET http://test/api/v1/products?search=Test%20 "HTTP/1.1 307 Temporary Redirect"
2025-11-23 19:27:36 - httpx - INFO - HTTP Request: GET http://test/api/v1/products/?search=Test%20 "HTTP/1.1 200 OK"
2025-11-23 19:27:36 - httpx - INFO - HTTP Request: GET http://test/api/v1/products?skip=0&limit=2 "HTTP/1.1 307 Temporary Redirect"
2025-11-23 19:27:36 - httpx - INFO - HTTP Request: GET http://test/api/v1/products/?skip=0&limit=2 "HTTP/1.1 200 OK"
2025-11-23 19:27:36 - httpx - INFO - HTTP Request: GET http://test/api/v1/products?skip=2&limit=2 "HTTP/1.1 307 Temporary Redirect"
2025-11-23 19:27:36 - httpx - INFO - HTTP Request: GET http://test/api/v1/products/?skip=2&limit=2 "HTTP/1.1 200 OK"
2025-11-23 19:27:37 - httpx - INFO - HTTP Request: GET http://test/api/v1/products/test-product "HTTP/1.1 200 OK"
2025-11-23 19:27:37 - httpx - INFO - HTTP Request: GET http://test/api/v1/products/nonexistent-product-slug-12345 "HTTP/1.1 404 Not Found"
2025-11-23 19:27:37 - httpx - INFO - HTTP Request: GET http://test/api/v1/products/ "HTTP/1.1 200 OK"
2025-11-23 19:27:37 - httpx - INFO - HTTP Request: GET http://test/api/v1/products/popular?limit=10 "HTTP/1.1 200 OK"
2025-11-23 19:27:37 - httpx - INFO - HTTP Request: GET http://test/api/v1/products?is_new=true "HTTP/1.1 307 Temporary Redirect"
2025-11-23 19:27:37 - httpx - INFO - HTTP Request: GET http://test/api/v1/products/?is_new=true "HTTP/1.1 200 OK"
2025-11-23 19:27:37 - httpx - INFO - HTTP Request: GET http://test/api/v1/products/1/recommendations?limit=4 "HTTP/1.1 200 OK"
2025-11-23 19:27:37 - httpx - INFO - HTTP Request: GET http://test/api/v1/products/99999/recommendations?limit=4 "HTTP/1.1 404 Not Found"
2025-11-23 19:27:37 - httpx - INFO - HTTP Request: GET http://test/api/v1/products?category_id=1&is_new=true&is_popular=true "HTTP/1.1 307 Temporary Redirect"
2025-11-23 19:27:37 - httpx - INFO - HTTP Request: GET http://test/api/v1/products/?category_id=1&is_new=true&is_popular=true "HTTP/1.1 200 OK"
2025-11-23 19:27:37 - httpx - INFO - HTTP Request: GET http://test/api/v1/products?limit=1000/ "HTTP/1.1 307 Temporary Redirect"
2025-11-23 19:27:37 - httpx - INFO - HTTP Request: GET http://test/api/v1/products/?limit=1000/ "HTTP/1.1 422 Unprocessable Entity"
2025-11-23 19:27:37 - httpx - INFO - HTTP Request: GET http://test/api/v1/products?skip=-1/ "HTTP/1.1 307 Temporary Redirect"
2025-11-23 19:27:37 - httpx - INFO - HTTP Request: GET http://test/api/v1/products/?skip=-1/ "HTTP/1.1 422 Unprocessable Entity"
2025-11-23 19:27:37 - httpx - INFO - HTTP Request: GET http://test/api/v1/products/test-product "HTTP/1.1 200 OK"
2025-11-23 19:27:37 - httpx - INFO - HTTP Request: GET http://test/api/v1/promotions/ "HTTP/1.1 200 OK"
2025-11-23 19:27:37 - httpx - INFO - HTTP Request: GET http://test/api/v1/promotions/special-promotion "HTTP/1.1 200 OK"
2025-11-23 19:27:38 - httpx - INFO - HTTP Request: GET http://test/api/v1/promotions/nonexistent-promotion-slug-12345 "HTTP/1.1 404 Not Found"
2025-11-23 19:27:38 - httpx - INFO - HTTP Request: GET http://test/api/v1/promotions/ "HTTP/1.1 200 OK"
2025-11-23 19:27:38 - httpx - INFO - HTTP Request: GET http://test/api/v1/promotions/ "HTTP/1.1 200 OK"
2025-11-23 19:27:38 - httpx - INFO - HTTP Request: GET http://test/api/v1/promotions/limited-promotion "HTTP/1.1 200 OK"
2025-11-23 19:27:38 - httpx - INFO - HTTP Request: GET http://test/api/v1/promotions/?category_id=1 "HTTP/1.1 200 OK"
2025-11-23 19:27:38 - httpx - INFO - HTTP Request: GET http://test/api/v1/promotions/?product_id=1 "HTTP/1.1 200 OK"
2025-11-23 19:27:38 - httpx - INFO - HTTP Request: GET http://test/api/v1/promotions/?skip=0&limit=2 "HTTP/1.1 200 OK"
2025-11-23 19:27:38 - httpx - INFO - HTTP Request: GET http://test/api/v1/promotions/ "HTTP/1.1 200 OK"
2025-11-23 19:27:38 - httpx - INFO - HTTP Request: GET http://test/api/v1/reviews/ "HTTP/1.1 200 OK"
2025-11-23 19:27:39 - httpx - INFO - HTTP Request: GET http://test/api/v1/reviews/product/1 "HTTP/1.1 200 OK"
2025-11-23 19:27:39 - httpx - INFO - HTTP Request: GET http://test/api/v1/reviews?rating=5 "HTTP/1.1 307 Temporary Redirect"
2025-11-23 19:27:39 - httpx - INFO - HTTP Request: POST http://test/api/v1/reviews/ "HTTP/1.1 422 Unprocessable Entity"
2025-11-23 19:27:39 - httpx - INFO - HTTP Request: POST http://test/api/v1/reviews/ "HTTP/1.1 422 Unprocessable Entity"
2025-11-23 19:27:40 - httpx - INFO - HTTP Request: POST http://test/api/v1/reviews/ "HTTP/1.1 422 Unprocessable Entity"
2025-11-23 19:27:40 - httpx - INFO - HTTP Request: GET http://test/api/v1/reviews/me "HTTP/1.1 200 OK"
2025-11-23 19:27:40 - httpx - INFO - HTTP Request: PUT http://test/api/v1/reviews/me/1 "HTTP/1.1 200 OK"
2025-11-23 19:27:41 - httpx - INFO - HTTP Request: PUT http://test/api/v1/reviews/me/1 "HTTP/1.1 400 Bad Request"
2025-11-23 19:27:41 - httpx - INFO - HTTP Request: DELETE http://test/api/v1/reviews/me/1 "HTTP/1.1 204 No Content"
2025-11-23 19:27:42 - httpx - INFO - HTTP Request: DELETE http://test/api/v1/reviews/me/1 "HTTP/1.1 404 Not Found"
2025-11-23 19:27:42 - httpx - INFO - HTTP Request: POST http://test/api/v1/reviews/ "HTTP/1.1 422 Unprocessable Entity"
2025-11-23 19:27:42 - httpx - INFO - HTTP Request: GET http://test/api/v1/reviews?skip=0&limit=2 "HTTP/1.1 307 Temporary Redirect"
2025-11-23 19:27:42 - httpx - INFO - HTTP Request: GET http://test/api/v1/reviews/?skip=0&limit=2 "HTTP/1.1 200 OK"
