2025-11-23 11:20:54 - httpx - INFO - HTTP Request: GET http://test/api/v1/admin/users "HTTP/1.1 403 Forbidden"
2025-11-23 11:20:54 - passlib.handlers.bcrypt - WARNING - (trapped) error reading bcrypt version
Traceback (most recent call last):
  File "C:\Users\User\AppData\Local\Programs\Python\Python313\Lib\site-packages\passlib\handlers\bcrypt.py", line 620, in _load_backend_mixin
    version = _bcrypt.__about__.__version__
              ^^^^^^^^^^^^^^^^^
AttributeError: module 'bcrypt' has no attribute '__about__'
2025-11-23 11:20:54 - httpx - INFO - HTTP Request: GET http://test/api/v1/admin/users "HTTP/1.1 403 Forbidden"
2025-11-23 11:20:54 - httpx - INFO - HTTP Request: GET http://test/api/v1/admin/users "HTTP/1.1 200 OK"
2025-11-23 11:20:55 - httpx - INFO - HTTP Request: GET http://test/api/v1/admin/users/2 "HTTP/1.1 200 OK"
2025-11-23 11:20:55 - httpx - INFO - HTTP Request: POST http://test/api/v1/admin/products "HTTP/1.1 201 Created"
2025-11-23 11:20:56 - httpx - INFO - HTTP Request: PUT http://test/api/v1/admin/products/1 "HTTP/1.1 200 OK"
2025-11-23 11:20:56 - httpx - INFO - HTTP Request: DELETE http://test/api/v1/admin/products/1 "HTTP/1.1 204 No Content"
2025-11-23 11:20:56 - httpx - INFO - HTTP Request: POST http://test/api/v1/admin/users/2/add-bonus "HTTP/1.1 200 OK"
2025-11-23 11:20:57 - httpx - INFO - HTTP Request: POST http://test/api/v1/auth/register "HTTP/1.1 400 Bad Request"
2025-11-23 11:20:57 - httpx - INFO - HTTP Request: POST http://test/api/v1/auth/register "HTTP/1.1 409 Conflict"
2025-11-23 11:20:57 - httpx - INFO - HTTP Request: POST http://test/api/v1/auth/register "HTTP/1.1 409 Conflict"
2025-11-23 11:20:57 - httpx - INFO - HTTP Request: POST http://test/api/v1/auth/register "HTTP/1.1 422 Unprocessable Entity"
2025-11-23 11:20:57 - httpx - INFO - HTTP Request: POST http://test/api/v1/auth/register "HTTP/1.1 422 Unprocessable Entity"
2025-11-23 11:20:58 - httpx - INFO - HTTP Request: POST http://test/api/v1/auth/login "HTTP/1.1 200 OK"
2025-11-23 11:20:58 - httpx - INFO - HTTP Request: POST http://test/api/v1/auth/login "HTTP/1.1 401 Unauthorized"
2025-11-23 11:20:58 - httpx - INFO - HTTP Request: POST http://test/api/v1/auth/login "HTTP/1.1 401 Unauthorized"
2025-11-23 11:20:59 - httpx - INFO - HTTP Request: POST http://test/api/v1/auth/login "HTTP/1.1 403 Forbidden"
2025-11-23 11:20:59 - httpx - INFO - HTTP Request: POST http://test/api/v1/auth/login "HTTP/1.1 200 OK"
2025-11-23 11:20:59 - httpx - INFO - HTTP Request: POST http://test/api/v1/auth/refresh "HTTP/1.1 401 Unauthorized"
2025-11-23 11:20:59 - httpx - INFO - HTTP Request: POST http://test/api/v1/auth/refresh "HTTP/1.1 401 Unauthorized"
2025-11-23 11:21:02 - httpx - INFO - HTTP Request: POST http://test/api/v1/auth/refresh "HTTP/1.1 200 OK"
2025-11-23 11:21:02 - httpx - INFO - HTTP Request: GET http://test/api/v1/users/me "HTTP/1.1 403 Forbidden"
2025-11-23 11:21:02 - httpx - INFO - HTTP Request: GET http://test/api/v1/users/me "HTTP/1.1 200 OK"
2025-11-23 11:21:02 - httpx - INFO - HTTP Request: POST http://test/api/v1/auth/change-password "HTTP/1.1 422 Unprocessable Entity"
2025-11-23 11:21:03 - httpx - INFO - HTTP Request: POST http://test/api/v1/auth/change-password "HTTP/1.1 422 Unprocessable Entity"
2025-11-23 11:21:03 - httpx - INFO - HTTP Request: POST http://test/api/v1/auth/change-password "HTTP/1.1 422 Unprocessable Entity"
2025-11-23 11:21:12 - httpx - INFO - HTTP Request: POST http://test/api/v1/auth/reset-password "HTTP/1.1 404 Not Found"
2025-11-23 11:21:12 - httpx - INFO - HTTP Request: POST http://test/api/v1/auth/reset-password "HTTP/1.1 404 Not Found"
2025-11-23 11:21:12 - httpx - INFO - HTTP Request: GET http://test/api/v1/categories "HTTP/1.1 307 Temporary Redirect"
2025-11-23 11:21:12 - httpx - INFO - HTTP Request: GET http://test/api/v1/categories/test-category "HTTP/1.1 200 OK"
2025-11-23 11:21:12 - httpx - INFO - HTTP Request: GET http://test/api/v1/categories/nonexistent-category-slug-12345 "HTTP/1.1 404 Not Found"
2025-11-23 11:21:12 - httpx - INFO - HTTP Request: GET http://test/api/v1/categories "HTTP/1.1 307 Temporary Redirect"
2025-11-23 11:21:12 - httpx - INFO - HTTP Request: GET http://test/api/v1/categories/test-category "HTTP/1.1 200 OK"
2025-11-23 11:21:12 - httpx - INFO - HTTP Request: GET http://test/api/v1/categories "HTTP/1.1 307 Temporary Redirect"
2025-11-23 11:21:13 - httpx - INFO - HTTP Request: GET http://test/api/v1/categories?skip=0&limit=2 "HTTP/1.1 307 Temporary Redirect"
2025-11-23 11:21:13 - httpx - INFO - HTTP Request: GET http://test/api/v1/categories/category-with-image "HTTP/1.1 200 OK"
2025-11-23 11:21:13 - httpx - INFO - HTTP Request: GET http://test/api/v1/categories/test-category "HTTP/1.1 200 OK"
2025-11-23 11:21:13 - httpx - INFO - HTTP Request: POST http://test/api/v1/orders "HTTP/1.1 307 Temporary Redirect"
2025-11-23 11:21:13 - httpx - INFO - HTTP Request: POST http://test/api/v1/orders "HTTP/1.1 307 Temporary Redirect"
2025-11-23 11:21:13 - httpx - INFO - HTTP Request: POST http://test/api/v1/orders "HTTP/1.1 307 Temporary Redirect"
2025-11-23 11:21:14 - httpx - INFO - HTTP Request: POST http://test/api/v1/orders "HTTP/1.1 307 Temporary Redirect"
2025-11-23 11:21:14 - httpx - INFO - HTTP Request: POST http://test/api/v1/orders "HTTP/1.1 307 Temporary Redirect"
2025-11-23 11:21:14 - httpx - INFO - HTTP Request: POST http://test/api/v1/orders "HTTP/1.1 307 Temporary Redirect"
2025-11-23 11:21:15 - httpx - INFO - HTTP Request: GET http://test/api/v1/users/me/orders "HTTP/1.1 200 OK"
2025-11-23 11:21:15 - httpx - INFO - HTTP Request: GET http://test/api/v1/users/me/orders/1 "HTTP/1.1 200 OK"
2025-11-23 11:21:15 - httpx - INFO - HTTP Request: GET http://test/api/v1/users/me/orders/99999 "HTTP/1.1 404 Not Found"
2025-11-23 11:21:16 - httpx - INFO - HTTP Request: GET http://test/api/v1/users/me/orders/1 "HTTP/1.1 404 Not Found"
2025-11-23 11:21:16 - httpx - INFO - HTTP Request: PUT http://test/api/v1/users/me/orders/1/cancel "HTTP/1.1 200 OK"
2025-11-23 11:21:16 - httpx - INFO - HTTP Request: PUT http://test/api/v1/users/me/orders/1/cancel "HTTP/1.1 400 Bad Request"
2025-11-23 11:21:17 - httpx - INFO - HTTP Request: POST http://test/api/v1/users/me/orders/1/reorder "HTTP/1.1 201 Created"
2025-11-23 11:21:17 - httpx - INFO - HTTP Request: POST http://test/api/v1/orders "HTTP/1.1 307 Temporary Redirect"
2025-11-23 11:21:17 - httpx - INFO - HTTP Request: GET http://test/api/v1/products "HTTP/1.1 307 Temporary Redirect"
2025-11-23 11:21:17 - httpx - INFO - HTTP Request: GET http://test/api/v1/products?category_id=1 "HTTP/1.1 307 Temporary Redirect"
2025-11-23 11:21:17 - httpx - INFO - HTTP Request: GET http://test/api/v1/products?search=Test%20 "HTTP/1.1 307 Temporary Redirect"
2025-11-23 11:21:17 - httpx - INFO - HTTP Request: GET http://test/api/v1/products?skip=0&limit=2 "HTTP/1.1 307 Temporary Redirect"
2025-11-23 11:21:17 - httpx - INFO - HTTP Request: GET http://test/api/v1/products/test-product "HTTP/1.1 200 OK"
2025-11-23 11:21:17 - httpx - INFO - HTTP Request: GET http://test/api/v1/products/nonexistent-product-slug-12345 "HTTP/1.1 404 Not Found"
2025-11-23 11:21:17 - httpx - INFO - HTTP Request: GET http://test/api/v1/products "HTTP/1.1 307 Temporary Redirect"
2025-11-23 11:21:17 - httpx - INFO - HTTP Request: GET http://test/api/v1/products/popular?limit=10 "HTTP/1.1 200 OK"
2025-11-23 11:21:18 - httpx - INFO - HTTP Request: GET http://test/api/v1/products?is_new=true "HTTP/1.1 307 Temporary Redirect"
2025-11-23 11:21:18 - httpx - INFO - HTTP Request: GET http://test/api/v1/products/1/recommendations?limit=4 "HTTP/1.1 200 OK"
2025-11-23 11:21:18 - httpx - INFO - HTTP Request: GET http://test/api/v1/products/99999/recommendations?limit=4 "HTTP/1.1 404 Not Found"
2025-11-23 11:21:18 - httpx - INFO - HTTP Request: GET http://test/api/v1/products?category_id=1&is_new=true&is_popular=true "HTTP/1.1 307 Temporary Redirect"
2025-11-23 11:21:18 - httpx - INFO - HTTP Request: GET http://test/api/v1/products?limit=1000 "HTTP/1.1 307 Temporary Redirect"
2025-11-23 11:21:18 - httpx - INFO - HTTP Request: GET http://test/api/v1/products?skip=-1 "HTTP/1.1 307 Temporary Redirect"
2025-11-23 11:21:18 - httpx - INFO - HTTP Request: GET http://test/api/v1/products/test-product "HTTP/1.1 200 OK"
2025-11-23 11:21:18 - httpx - INFO - HTTP Request: GET http://test/api/v1/promotions/nonexistent-promotion-slug-12345 "HTTP/1.1 404 Not Found"
2025-11-23 11:21:19 - httpx - INFO - HTTP Request: GET http://test/api/v1/reviews "HTTP/1.1 307 Temporary Redirect"
2025-11-23 11:21:20 - httpx - INFO - HTTP Request: GET http://test/api/v1/reviews?rating=5 "HTTP/1.1 307 Temporary Redirect"
2025-11-23 11:21:21 - httpx - INFO - HTTP Request: POST http://test/api/v1/reviews "HTTP/1.1 307 Temporary Redirect"
2025-11-23 11:21:21 - httpx - INFO - HTTP Request: POST http://test/api/v1/reviews "HTTP/1.1 307 Temporary Redirect"
2025-11-23 11:21:21 - httpx - INFO - HTTP Request: POST http://test/api/v1/reviews "HTTP/1.1 307 Temporary Redirect"
2025-11-23 11:21:21 - httpx - INFO - HTTP Request: GET http://test/api/v1/reviews/me "HTTP/1.1 200 OK"
2025-11-23 11:21:22 - httpx - INFO - HTTP Request: PUT http://test/api/v1/reviews/me/1 "HTTP/1.1 200 OK"
2025-11-23 11:21:22 - httpx - INFO - HTTP Request: PUT http://test/api/v1/reviews/me/1 "HTTP/1.1 400 Bad Request"
2025-11-23 11:21:22 - httpx - INFO - HTTP Request: DELETE http://test/api/v1/reviews/me/1 "HTTP/1.1 204 No Content"
2025-11-23 11:21:23 - httpx - INFO - HTTP Request: DELETE http://test/api/v1/reviews/me/1 "HTTP/1.1 404 Not Found"
2025-11-23 11:21:23 - httpx - INFO - HTTP Request: POST http://test/api/v1/reviews "HTTP/1.1 307 Temporary Redirect"
2025-11-23 11:21:23 - httpx - INFO - HTTP Request: GET http://test/api/v1/reviews?skip=0&limit=2 "HTTP/1.1 307 Temporary Redirect"
2025-11-23 11:52:05 - httpx - INFO - HTTP Request: GET http://test/api/v1/admin/users "HTTP/1.1 403 Forbidden"
2025-11-23 11:52:05 - passlib.handlers.bcrypt - WARNING - (trapped) error reading bcrypt version
Traceback (most recent call last):
  File "C:\Users\User\AppData\Local\Programs\Python\Python313\Lib\site-packages\passlib\handlers\bcrypt.py", line 620, in _load_backend_mixin
    version = _bcrypt.__about__.__version__
              ^^^^^^^^^^^^^^^^^
AttributeError: module 'bcrypt' has no attribute '__about__'
2025-11-23 11:52:05 - httpx - INFO - HTTP Request: GET http://test/api/v1/admin/users "HTTP/1.1 403 Forbidden"
2025-11-23 11:52:06 - httpx - INFO - HTTP Request: GET http://test/api/v1/admin/users "HTTP/1.1 200 OK"
2025-11-23 11:52:06 - httpx - INFO - HTTP Request: GET http://test/api/v1/admin/users/2 "HTTP/1.1 200 OK"
2025-11-23 11:52:06 - httpx - INFO - HTTP Request: POST http://test/api/v1/admin/products "HTTP/1.1 201 Created"
2025-11-23 11:52:07 - httpx - INFO - HTTP Request: PUT http://test/api/v1/admin/products/1 "HTTP/1.1 200 OK"
2025-11-23 11:52:07 - httpx - INFO - HTTP Request: DELETE http://test/api/v1/admin/products/1 "HTTP/1.1 204 No Content"
2025-11-23 11:52:08 - httpx - INFO - HTTP Request: POST http://test/api/v1/admin/users/2/add-bonus "HTTP/1.1 200 OK"
2025-11-23 11:52:08 - httpx - INFO - HTTP Request: POST http://test/api/v1/auth/register "HTTP/1.1 400 Bad Request"
2025-11-23 11:52:08 - httpx - INFO - HTTP Request: POST http://test/api/v1/auth/register "HTTP/1.1 409 Conflict"
2025-11-23 11:52:08 - httpx - INFO - HTTP Request: POST http://test/api/v1/auth/register "HTTP/1.1 409 Conflict"
2025-11-23 11:52:08 - httpx - INFO - HTTP Request: POST http://test/api/v1/auth/register "HTTP/1.1 422 Unprocessable Entity"
2025-11-23 11:52:08 - httpx - INFO - HTTP Request: POST http://test/api/v1/auth/register "HTTP/1.1 422 Unprocessable Entity"
2025-11-23 11:52:09 - httpx - INFO - HTTP Request: POST http://test/api/v1/auth/login "HTTP/1.1 200 OK"
2025-11-23 11:52:09 - httpx - INFO - HTTP Request: POST http://test/api/v1/auth/login "HTTP/1.1 401 Unauthorized"
2025-11-23 11:52:09 - httpx - INFO - HTTP Request: POST http://test/api/v1/auth/login "HTTP/1.1 401 Unauthorized"
2025-11-23 11:52:10 - httpx - INFO - HTTP Request: POST http://test/api/v1/auth/login "HTTP/1.1 403 Forbidden"
2025-11-23 11:52:10 - httpx - INFO - HTTP Request: POST http://test/api/v1/auth/login "HTTP/1.1 200 OK"
2025-11-23 11:52:10 - httpx - INFO - HTTP Request: POST http://test/api/v1/auth/refresh "HTTP/1.1 401 Unauthorized"
2025-11-23 11:52:10 - httpx - INFO - HTTP Request: POST http://test/api/v1/auth/refresh "HTTP/1.1 401 Unauthorized"
2025-11-23 11:52:13 - httpx - INFO - HTTP Request: POST http://test/api/v1/auth/refresh "HTTP/1.1 200 OK"
2025-11-23 11:52:13 - httpx - INFO - HTTP Request: GET http://test/api/v1/users/me "HTTP/1.1 403 Forbidden"
2025-11-23 11:52:13 - httpx - INFO - HTTP Request: GET http://test/api/v1/users/me "HTTP/1.1 200 OK"
2025-11-23 11:52:14 - httpx - INFO - HTTP Request: POST http://test/api/v1/auth/change-password "HTTP/1.1 422 Unprocessable Entity"
2025-11-23 11:52:14 - httpx - INFO - HTTP Request: POST http://test/api/v1/auth/change-password "HTTP/1.1 422 Unprocessable Entity"
2025-11-23 11:52:14 - httpx - INFO - HTTP Request: POST http://test/api/v1/auth/change-password "HTTP/1.1 422 Unprocessable Entity"
2025-11-23 11:52:14 - httpx - INFO - HTTP Request: POST http://test/api/v1/auth/send-sms "HTTP/1.1 200 OK"
2025-11-23 11:52:14 - httpx - INFO - HTTP Request: POST http://test/api/v1/auth/verify-sms "HTTP/1.1 401 Unauthorized"
2025-11-23 11:52:15 - httpx - INFO - HTTP Request: POST http://test/api/v1/auth/reset-password "HTTP/1.1 404 Not Found"
2025-11-23 11:52:15 - httpx - INFO - HTTP Request: POST http://test/api/v1/auth/reset-password "HTTP/1.1 404 Not Found"
2025-11-23 11:52:15 - httpx - INFO - HTTP Request: GET http://test/api/v1/categories "HTTP/1.1 307 Temporary Redirect"
2025-11-23 11:52:15 - httpx - INFO - HTTP Request: GET http://test/api/v1/categories/test-category "HTTP/1.1 200 OK"
2025-11-23 11:52:15 - httpx - INFO - HTTP Request: GET http://test/api/v1/categories/nonexistent-category-slug-12345 "HTTP/1.1 404 Not Found"
2025-11-23 11:52:15 - httpx - INFO - HTTP Request: GET http://test/api/v1/categories "HTTP/1.1 307 Temporary Redirect"
2025-11-23 11:52:15 - httpx - INFO - HTTP Request: GET http://test/api/v1/categories/test-category "HTTP/1.1 200 OK"
2025-11-23 11:52:15 - httpx - INFO - HTTP Request: GET http://test/api/v1/categories "HTTP/1.1 307 Temporary Redirect"
2025-11-23 11:52:15 - httpx - INFO - HTTP Request: GET http://test/api/v1/categories?skip=0&limit=2 "HTTP/1.1 307 Temporary Redirect"
2025-11-23 11:52:15 - httpx - INFO - HTTP Request: GET http://test/api/v1/categories/category-with-image "HTTP/1.1 200 OK"
2025-11-23 11:52:15 - httpx - INFO - HTTP Request: GET http://test/api/v1/categories/test-category "HTTP/1.1 200 OK"
2025-11-23 11:52:16 - httpx - INFO - HTTP Request: POST http://test/api/v1/orders "HTTP/1.1 307 Temporary Redirect"
2025-11-23 11:52:16 - httpx - INFO - HTTP Request: POST http://test/api/v1/orders "HTTP/1.1 307 Temporary Redirect"
2025-11-23 11:52:16 - httpx - INFO - HTTP Request: POST http://test/api/v1/orders "HTTP/1.1 307 Temporary Redirect"
2025-11-23 11:52:17 - httpx - INFO - HTTP Request: POST http://test/api/v1/orders "HTTP/1.1 307 Temporary Redirect"
2025-11-23 11:52:17 - httpx - INFO - HTTP Request: POST http://test/api/v1/orders "HTTP/1.1 307 Temporary Redirect"
2025-11-23 11:52:17 - httpx - INFO - HTTP Request: POST http://test/api/v1/orders "HTTP/1.1 307 Temporary Redirect"
2025-11-23 11:52:17 - httpx - INFO - HTTP Request: GET http://test/api/v1/users/me/orders "HTTP/1.1 200 OK"
2025-11-23 11:52:18 - httpx - INFO - HTTP Request: GET http://test/api/v1/users/me/orders/1 "HTTP/1.1 200 OK"
2025-11-23 11:52:18 - httpx - INFO - HTTP Request: GET http://test/api/v1/users/me/orders/99999 "HTTP/1.1 404 Not Found"
2025-11-23 11:52:19 - httpx - INFO - HTTP Request: GET http://test/api/v1/users/me/orders/1 "HTTP/1.1 404 Not Found"
2025-11-23 11:52:19 - httpx - INFO - HTTP Request: PUT http://test/api/v1/users/me/orders/1/cancel "HTTP/1.1 200 OK"
2025-11-23 11:52:19 - httpx - INFO - HTTP Request: PUT http://test/api/v1/users/me/orders/1/cancel "HTTP/1.1 400 Bad Request"
2025-11-23 11:52:20 - httpx - INFO - HTTP Request: POST http://test/api/v1/users/me/orders/1/reorder "HTTP/1.1 201 Created"
2025-11-23 11:52:20 - httpx - INFO - HTTP Request: POST http://test/api/v1/orders "HTTP/1.1 307 Temporary Redirect"
2025-11-23 11:52:20 - httpx - INFO - HTTP Request: GET http://test/api/v1/products "HTTP/1.1 307 Temporary Redirect"
2025-11-23 11:52:20 - httpx - INFO - HTTP Request: GET http://test/api/v1/products?category_id=1 "HTTP/1.1 307 Temporary Redirect"
2025-11-23 11:52:20 - httpx - INFO - HTTP Request: GET http://test/api/v1/products?search=Test%20 "HTTP/1.1 307 Temporary Redirect"
2025-11-23 11:52:20 - httpx - INFO - HTTP Request: GET http://test/api/v1/products?skip=0&limit=2 "HTTP/1.1 307 Temporary Redirect"
2025-11-23 11:52:20 - httpx - INFO - HTTP Request: GET http://test/api/v1/products/test-product "HTTP/1.1 200 OK"
2025-11-23 11:52:20 - httpx - INFO - HTTP Request: GET http://test/api/v1/products/nonexistent-product-slug-12345 "HTTP/1.1 404 Not Found"
2025-11-23 11:52:20 - httpx - INFO - HTTP Request: GET http://test/api/v1/products "HTTP/1.1 307 Temporary Redirect"
2025-11-23 11:52:20 - httpx - INFO - HTTP Request: GET http://test/api/v1/products/popular?limit=10 "HTTP/1.1 200 OK"
2025-11-23 11:52:20 - httpx - INFO - HTTP Request: GET http://test/api/v1/products?is_new=true "HTTP/1.1 307 Temporary Redirect"
2025-11-23 11:52:20 - httpx - INFO - HTTP Request: GET http://test/api/v1/products/1/recommendations?limit=4 "HTTP/1.1 200 OK"
2025-11-23 11:52:21 - httpx - INFO - HTTP Request: GET http://test/api/v1/products/99999/recommendations?limit=4 "HTTP/1.1 404 Not Found"
2025-11-23 11:52:21 - httpx - INFO - HTTP Request: GET http://test/api/v1/products?category_id=1&is_new=true&is_popular=true "HTTP/1.1 307 Temporary Redirect"
2025-11-23 11:52:21 - httpx - INFO - HTTP Request: GET http://test/api/v1/products?limit=1000 "HTTP/1.1 307 Temporary Redirect"
2025-11-23 11:52:21 - httpx - INFO - HTTP Request: GET http://test/api/v1/products?skip=-1 "HTTP/1.1 307 Temporary Redirect"
2025-11-23 11:52:21 - httpx - INFO - HTTP Request: GET http://test/api/v1/products/test-product "HTTP/1.1 200 OK"
2025-11-23 11:52:21 - httpx - INFO - HTTP Request: GET http://test/api/v1/promotions/ "HTTP/1.1 200 OK"
2025-11-23 11:52:21 - httpx - INFO - HTTP Request: GET http://test/api/v1/promotions/special-promotion "HTTP/1.1 200 OK"
2025-11-23 11:52:21 - httpx - INFO - HTTP Request: GET http://test/api/v1/promotions/nonexistent-promotion-slug-12345 "HTTP/1.1 404 Not Found"
2025-11-23 11:52:21 - httpx - INFO - HTTP Request: GET http://test/api/v1/promotions/ "HTTP/1.1 200 OK"
2025-11-23 11:52:21 - httpx - INFO - HTTP Request: GET http://test/api/v1/promotions/ "HTTP/1.1 200 OK"
2025-11-23 11:52:21 - httpx - INFO - HTTP Request: GET http://test/api/v1/promotions/limited-promotion "HTTP/1.1 200 OK"
2025-11-23 11:52:21 - httpx - INFO - HTTP Request: GET http://test/api/v1/promotions/?category_id=1 "HTTP/1.1 200 OK"
2025-11-23 11:52:21 - httpx - INFO - HTTP Request: GET http://test/api/v1/promotions/?product_id=1 "HTTP/1.1 200 OK"
2025-11-23 11:52:21 - httpx - INFO - HTTP Request: GET http://test/api/v1/promotions/?skip=0&limit=2 "HTTP/1.1 200 OK"
2025-11-23 11:52:21 - httpx - INFO - HTTP Request: GET http://test/api/v1/promotions/ "HTTP/1.1 200 OK"
2025-11-23 11:52:22 - httpx - INFO - HTTP Request: GET http://test/api/v1/reviews "HTTP/1.1 307 Temporary Redirect"
2025-11-23 11:52:22 - httpx - INFO - HTTP Request: GET http://test/api/v1/reviews/product/1 "HTTP/1.1 200 OK"
2025-11-23 11:52:22 - httpx - INFO - HTTP Request: GET http://test/api/v1/reviews?rating=5 "HTTP/1.1 307 Temporary Redirect"
2025-11-23 11:52:23 - httpx - INFO - HTTP Request: POST http://test/api/v1/reviews "HTTP/1.1 307 Temporary Redirect"
2025-11-23 11:52:23 - httpx - INFO - HTTP Request: POST http://test/api/v1/reviews "HTTP/1.1 307 Temporary Redirect"
2025-11-23 11:52:23 - httpx - INFO - HTTP Request: POST http://test/api/v1/reviews "HTTP/1.1 307 Temporary Redirect"
2025-11-23 11:52:23 - httpx - INFO - HTTP Request: GET http://test/api/v1/reviews/me "HTTP/1.1 200 OK"
2025-11-23 11:52:24 - httpx - INFO - HTTP Request: PUT http://test/api/v1/reviews/me/1 "HTTP/1.1 200 OK"
2025-11-23 11:52:24 - httpx - INFO - HTTP Request: PUT http://test/api/v1/reviews/me/1 "HTTP/1.1 400 Bad Request"
2025-11-23 11:52:24 - httpx - INFO - HTTP Request: DELETE http://test/api/v1/reviews/me/1 "HTTP/1.1 204 No Content"
2025-11-23 11:52:25 - httpx - INFO - HTTP Request: DELETE http://test/api/v1/reviews/me/1 "HTTP/1.1 404 Not Found"
2025-11-23 11:52:25 - httpx - INFO - HTTP Request: POST http://test/api/v1/reviews "HTTP/1.1 307 Temporary Redirect"
2025-11-23 11:52:25 - httpx - INFO - HTTP Request: GET http://test/api/v1/reviews?skip=0&limit=2 "HTTP/1.1 307 Temporary Redirect"
2025-11-23 20:33:58 - httpx - INFO - HTTP Request: GET http://test/api/v1/admin/users "HTTP/1.1 403 Forbidden"
2025-11-23 20:33:58 - passlib.handlers.bcrypt - WARNING - (trapped) error reading bcrypt version
Traceback (most recent call last):
  File "C:\Users\User\AppData\Local\Programs\Python\Python313\Lib\site-packages\passlib\handlers\bcrypt.py", line 620, in _load_backend_mixin
    version = _bcrypt.__about__.__version__
              ^^^^^^^^^^^^^^^^^
AttributeError: module 'bcrypt' has no attribute '__about__'
2025-11-23 20:33:58 - httpx - INFO - HTTP Request: GET http://test/api/v1/admin/users "HTTP/1.1 403 Forbidden"
2025-11-23 20:33:59 - httpx - INFO - HTTP Request: GET http://test/api/v1/admin/users "HTTP/1.1 200 OK"
2025-11-23 20:33:59 - httpx - INFO - HTTP Request: GET http://test/api/v1/admin/users/2 "HTTP/1.1 200 OK"
2025-11-23 20:33:59 - httpx - INFO - HTTP Request: POST http://test/api/v1/admin/products "HTTP/1.1 201 Created"
2025-11-23 20:34:00 - httpx - INFO - HTTP Request: PUT http://test/api/v1/admin/products/1 "HTTP/1.1 200 OK"
2025-11-23 20:34:00 - httpx - INFO - HTTP Request: DELETE http://test/api/v1/admin/products/1 "HTTP/1.1 204 No Content"
2025-11-23 20:34:01 - httpx - INFO - HTTP Request: POST http://test/api/v1/admin/users/2/add-bonus "HTTP/1.1 200 OK"
2025-11-23 20:34:01 - httpx - INFO - HTTP Request: POST http://test/api/v1/auth/register "HTTP/1.1 400 Bad Request"
2025-11-23 20:34:01 - httpx - INFO - HTTP Request: POST http://test/api/v1/auth/register "HTTP/1.1 409 Conflict"
2025-11-23 20:34:01 - httpx - INFO - HTTP Request: POST http://test/api/v1/auth/register "HTTP/1.1 409 Conflict"
2025-11-23 20:34:02 - httpx - INFO - HTTP Request: POST http://test/api/v1/auth/register "HTTP/1.1 422 Unprocessable Entity"
2025-11-23 20:34:02 - httpx - INFO - HTTP Request: POST http://test/api/v1/auth/register "HTTP/1.1 422 Unprocessable Entity"
2025-11-23 20:34:02 - httpx - INFO - HTTP Request: POST http://test/api/v1/auth/login "HTTP/1.1 200 OK"
2025-11-23 20:34:03 - httpx - INFO - HTTP Request: POST http://test/api/v1/auth/login "HTTP/1.1 401 Unauthorized"
2025-11-23 20:34:03 - httpx - INFO - HTTP Request: POST http://test/api/v1/auth/login "HTTP/1.1 401 Unauthorized"
2025-11-23 20:34:03 - httpx - INFO - HTTP Request: POST http://test/api/v1/auth/login "HTTP/1.1 403 Forbidden"
2025-11-23 20:34:03 - httpx - INFO - HTTP Request: POST http://test/api/v1/auth/login "HTTP/1.1 200 OK"
2025-11-23 20:34:03 - httpx - INFO - HTTP Request: POST http://test/api/v1/auth/refresh "HTTP/1.1 401 Unauthorized"
2025-11-23 20:34:04 - httpx - INFO - HTTP Request: POST http://test/api/v1/auth/refresh "HTTP/1.1 401 Unauthorized"
2025-11-23 20:34:06 - httpx - INFO - HTTP Request: POST http://test/api/v1/auth/refresh "HTTP/1.1 200 OK"
2025-11-23 20:34:06 - httpx - INFO - HTTP Request: GET http://test/api/v1/users/me "HTTP/1.1 403 Forbidden"
2025-11-23 20:34:06 - httpx - INFO - HTTP Request: GET http://test/api/v1/users/me "HTTP/1.1 200 OK"
2025-11-23 20:34:23 - httpx - INFO - HTTP Request: GET http://test/api/v1/admin/users "HTTP/1.1 403 Forbidden"
2025-11-23 20:34:23 - passlib.handlers.bcrypt - WARNING - (trapped) error reading bcrypt version
Traceback (most recent call last):
  File "C:\Users\User\AppData\Local\Programs\Python\Python313\Lib\site-packages\passlib\handlers\bcrypt.py", line 620, in _load_backend_mixin
    version = _bcrypt.__about__.__version__
              ^^^^^^^^^^^^^^^^^
AttributeError: module 'bcrypt' has no attribute '__about__'
2025-11-23 20:34:24 - httpx - INFO - HTTP Request: GET http://test/api/v1/admin/users "HTTP/1.1 403 Forbidden"
2025-11-23 20:34:24 - httpx - INFO - HTTP Request: GET http://test/api/v1/admin/users "HTTP/1.1 200 OK"
2025-11-23 20:34:25 - httpx - INFO - HTTP Request: GET http://test/api/v1/admin/users/2 "HTTP/1.1 200 OK"
2025-11-23 20:34:25 - httpx - INFO - HTTP Request: POST http://test/api/v1/admin/products "HTTP/1.1 201 Created"
2025-11-23 20:34:25 - httpx - INFO - HTTP Request: PUT http://test/api/v1/admin/products/1 "HTTP/1.1 200 OK"
2025-11-23 20:34:26 - httpx - INFO - HTTP Request: DELETE http://test/api/v1/admin/products/1 "HTTP/1.1 204 No Content"
2025-11-23 20:34:26 - httpx - INFO - HTTP Request: POST http://test/api/v1/admin/users/2/add-bonus "HTTP/1.1 200 OK"
2025-11-23 20:34:26 - httpx - INFO - HTTP Request: POST http://test/api/v1/auth/register "HTTP/1.1 400 Bad Request"
2025-11-23 20:34:26 - httpx - INFO - HTTP Request: POST http://test/api/v1/auth/register "HTTP/1.1 409 Conflict"
2025-11-23 20:34:27 - httpx - INFO - HTTP Request: POST http://test/api/v1/auth/register "HTTP/1.1 409 Conflict"
2025-11-23 20:34:27 - httpx - INFO - HTTP Request: POST http://test/api/v1/auth/register "HTTP/1.1 422 Unprocessable Entity"
2025-11-23 20:34:27 - httpx - INFO - HTTP Request: POST http://test/api/v1/auth/register "HTTP/1.1 422 Unprocessable Entity"
2025-11-23 20:34:28 - httpx - INFO - HTTP Request: POST http://test/api/v1/auth/login "HTTP/1.1 200 OK"
2025-11-23 20:34:28 - httpx - INFO - HTTP Request: POST http://test/api/v1/auth/login "HTTP/1.1 401 Unauthorized"
2025-11-23 20:34:28 - httpx - INFO - HTTP Request: POST http://test/api/v1/auth/login "HTTP/1.1 401 Unauthorized"
2025-11-23 20:34:28 - httpx - INFO - HTTP Request: POST http://test/api/v1/auth/login "HTTP/1.1 403 Forbidden"
2025-11-23 20:34:29 - httpx - INFO - HTTP Request: POST http://test/api/v1/auth/login "HTTP/1.1 200 OK"
2025-11-23 20:34:29 - httpx - INFO - HTTP Request: POST http://test/api/v1/auth/refresh "HTTP/1.1 401 Unauthorized"
2025-11-23 20:34:29 - httpx - INFO - HTTP Request: POST http://test/api/v1/auth/refresh "HTTP/1.1 401 Unauthorized"
2025-11-23 20:34:31 - httpx - INFO - HTTP Request: POST http://test/api/v1/auth/refresh "HTTP/1.1 200 OK"
2025-11-23 20:34:31 - httpx - INFO - HTTP Request: GET http://test/api/v1/users/me "HTTP/1.1 403 Forbidden"
2025-11-23 20:34:32 - httpx - INFO - HTTP Request: GET http://test/api/v1/users/me "HTTP/1.1 200 OK"
2025-11-23 20:34:32 - httpx - INFO - HTTP Request: POST http://test/api/v1/auth/change-password "HTTP/1.1 422 Unprocessable Entity"
2025-11-23 20:34:32 - httpx - INFO - HTTP Request: POST http://test/api/v1/auth/change-password "HTTP/1.1 422 Unprocessable Entity"
2025-11-23 20:34:33 - httpx - INFO - HTTP Request: POST http://test/api/v1/auth/change-password "HTTP/1.1 422 Unprocessable Entity"
2025-11-23 20:34:33 - httpx - INFO - HTTP Request: POST http://test/api/v1/auth/send-sms "HTTP/1.1 200 OK"
2025-11-23 20:34:33 - httpx - INFO - HTTP Request: POST http://test/api/v1/auth/verify-sms "HTTP/1.1 401 Unauthorized"
2025-11-23 20:34:33 - httpx - INFO - HTTP Request: POST http://test/api/v1/auth/reset-password "HTTP/1.1 404 Not Found"
2025-11-23 20:34:33 - httpx - INFO - HTTP Request: POST http://test/api/v1/auth/reset-password "HTTP/1.1 404 Not Found"
2025-11-23 20:34:33 - httpx - INFO - HTTP Request: GET http://test/api/v1/categories "HTTP/1.1 307 Temporary Redirect"
2025-11-23 20:34:33 - httpx - INFO - HTTP Request: GET http://test/api/v1/categories/test-category "HTTP/1.1 200 OK"
2025-11-23 20:34:34 - httpx - INFO - HTTP Request: GET http://test/api/v1/categories/nonexistent-category-slug-12345 "HTTP/1.1 404 Not Found"
2025-11-23 20:34:34 - httpx - INFO - HTTP Request: GET http://test/api/v1/categories "HTTP/1.1 307 Temporary Redirect"
2025-11-23 20:34:34 - httpx - INFO - HTTP Request: GET http://test/api/v1/categories/test-category "HTTP/1.1 200 OK"
2025-11-23 20:34:34 - httpx - INFO - HTTP Request: GET http://test/api/v1/categories "HTTP/1.1 307 Temporary Redirect"
2025-11-23 20:34:34 - httpx - INFO - HTTP Request: GET http://test/api/v1/categories?skip=0&limit=2 "HTTP/1.1 307 Temporary Redirect"
2025-11-23 20:34:34 - httpx - INFO - HTTP Request: GET http://test/api/v1/categories/category-with-image "HTTP/1.1 200 OK"
2025-11-23 20:34:34 - httpx - INFO - HTTP Request: GET http://test/api/v1/categories/test-category "HTTP/1.1 200 OK"
2025-11-23 20:34:34 - httpx - INFO - HTTP Request: POST http://test/api/v1/orders "HTTP/1.1 307 Temporary Redirect"
2025-11-23 20:34:34 - httpx - INFO - HTTP Request: POST http://test/api/v1/orders "HTTP/1.1 307 Temporary Redirect"
2025-11-23 20:34:35 - httpx - INFO - HTTP Request: POST http://test/api/v1/orders "HTTP/1.1 307 Temporary Redirect"
2025-11-23 20:34:35 - httpx - INFO - HTTP Request: POST http://test/api/v1/orders "HTTP/1.1 307 Temporary Redirect"
2025-11-23 20:34:35 - httpx - INFO - HTTP Request: POST http://test/api/v1/orders "HTTP/1.1 307 Temporary Redirect"
2025-11-23 20:34:36 - httpx - INFO - HTTP Request: POST http://test/api/v1/orders "HTTP/1.1 307 Temporary Redirect"
2025-11-23 20:34:36 - httpx - INFO - HTTP Request: GET http://test/api/v1/users/me/orders "HTTP/1.1 200 OK"
2025-11-23 20:34:36 - httpx - INFO - HTTP Request: GET http://test/api/v1/users/me/orders/1 "HTTP/1.1 200 OK"
2025-11-23 20:34:36 - httpx - INFO - HTTP Request: GET http://test/api/v1/users/me/orders/99999 "HTTP/1.1 404 Not Found"
2025-11-23 20:34:37 - httpx - INFO - HTTP Request: GET http://test/api/v1/users/me/orders/1 "HTTP/1.1 404 Not Found"
2025-11-23 20:34:37 - httpx - INFO - HTTP Request: PUT http://test/api/v1/users/me/orders/1/cancel "HTTP/1.1 200 OK"
2025-11-23 20:34:38 - httpx - INFO - HTTP Request: PUT http://test/api/v1/users/me/orders/1/cancel "HTTP/1.1 400 Bad Request"
2025-11-23 20:34:38 - httpx - INFO - HTTP Request: POST http://test/api/v1/users/me/orders/1/reorder "HTTP/1.1 201 Created"
2025-11-23 20:34:38 - httpx - INFO - HTTP Request: POST http://test/api/v1/orders "HTTP/1.1 307 Temporary Redirect"
2025-11-23 20:34:38 - httpx - INFO - HTTP Request: GET http://test/api/v1/products "HTTP/1.1 307 Temporary Redirect"
2025-11-23 20:34:38 - httpx - INFO - HTTP Request: GET http://test/api/v1/products?category_id=1 "HTTP/1.1 307 Temporary Redirect"
2025-11-23 20:34:38 - httpx - INFO - HTTP Request: GET http://test/api/v1/products?search=Test%20 "HTTP/1.1 307 Temporary Redirect"
2025-11-23 20:34:38 - httpx - INFO - HTTP Request: GET http://test/api/v1/products?skip=0&limit=2 "HTTP/1.1 307 Temporary Redirect"
2025-11-23 20:34:39 - httpx - INFO - HTTP Request: GET http://test/api/v1/products/test-product "HTTP/1.1 200 OK"
2025-11-23 20:34:39 - httpx - INFO - HTTP Request: GET http://test/api/v1/products/nonexistent-product-slug-12345 "HTTP/1.1 404 Not Found"
2025-11-23 20:34:39 - httpx - INFO - HTTP Request: GET http://test/api/v1/products "HTTP/1.1 307 Temporary Redirect"
2025-11-23 20:34:39 - httpx - INFO - HTTP Request: GET http://test/api/v1/products/popular?limit=10 "HTTP/1.1 200 OK"
2025-11-23 20:34:39 - httpx - INFO - HTTP Request: GET http://test/api/v1/products?is_new=true "HTTP/1.1 307 Temporary Redirect"
2025-11-23 20:34:39 - httpx - INFO - HTTP Request: GET http://test/api/v1/products/1/recommendations?limit=4 "HTTP/1.1 200 OK"
2025-11-23 20:34:39 - httpx - INFO - HTTP Request: GET http://test/api/v1/products/99999/recommendations?limit=4 "HTTP/1.1 404 Not Found"
2025-11-23 20:34:39 - httpx - INFO - HTTP Request: GET http://test/api/v1/products?category_id=1&is_new=true&is_popular=true "HTTP/1.1 307 Temporary Redirect"
2025-11-23 20:34:39 - httpx - INFO - HTTP Request: GET http://test/api/v1/products?limit=1000 "HTTP/1.1 307 Temporary Redirect"
2025-11-23 20:34:39 - httpx - INFO - HTTP Request: GET http://test/api/v1/products?skip=-1 "HTTP/1.1 307 Temporary Redirect"
2025-11-23 20:34:39 - httpx - INFO - HTTP Request: GET http://test/api/v1/products/test-product "HTTP/1.1 200 OK"
2025-11-23 20:34:39 - httpx - INFO - HTTP Request: GET http://test/api/v1/promotions/ "HTTP/1.1 200 OK"
2025-11-23 20:34:39 - httpx - INFO - HTTP Request: GET http://test/api/v1/promotions/special-promotion "HTTP/1.1 200 OK"
2025-11-23 20:34:39 - httpx - INFO - HTTP Request: GET http://test/api/v1/promotions/nonexistent-promotion-slug-12345 "HTTP/1.1 404 Not Found"
2025-11-23 20:34:39 - httpx - INFO - HTTP Request: GET http://test/api/v1/promotions/ "HTTP/1.1 200 OK"
2025-11-23 20:34:39 - httpx - INFO - HTTP Request: GET http://test/api/v1/promotions/ "HTTP/1.1 200 OK"
2025-11-23 20:34:39 - httpx - INFO - HTTP Request: GET http://test/api/v1/promotions/limited-promotion "HTTP/1.1 200 OK"
2025-11-23 20:34:39 - httpx - INFO - HTTP Request: GET http://test/api/v1/promotions/?category_id=1 "HTTP/1.1 200 OK"
2025-11-23 20:34:40 - httpx - INFO - HTTP Request: GET http://test/api/v1/promotions/?product_id=1 "HTTP/1.1 200 OK"
2025-11-23 20:34:40 - httpx - INFO - HTTP Request: GET http://test/api/v1/promotions/?skip=0&limit=2 "HTTP/1.1 200 OK"
2025-11-23 20:34:40 - httpx - INFO - HTTP Request: GET http://test/api/v1/promotions/ "HTTP/1.1 200 OK"
2025-11-23 20:34:40 - httpx - INFO - HTTP Request: GET http://test/api/v1/reviews "HTTP/1.1 307 Temporary Redirect"
2025-11-23 20:34:40 - httpx - INFO - HTTP Request: GET http://test/api/v1/reviews/product/1 "HTTP/1.1 200 OK"
2025-11-23 20:34:41 - httpx - INFO - HTTP Request: GET http://test/api/v1/reviews?rating=5 "HTTP/1.1 307 Temporary Redirect"
2025-11-23 20:34:41 - httpx - INFO - HTTP Request: POST http://test/api/v1/reviews "HTTP/1.1 307 Temporary Redirect"
2025-11-23 20:34:41 - httpx - INFO - HTTP Request: POST http://test/api/v1/reviews "HTTP/1.1 307 Temporary Redirect"
2025-11-23 20:34:41 - httpx - INFO - HTTP Request: POST http://test/api/v1/reviews "HTTP/1.1 307 Temporary Redirect"
2025-11-23 20:34:42 - httpx - INFO - HTTP Request: GET http://test/api/v1/reviews/me "HTTP/1.1 200 OK"
2025-11-23 20:34:42 - httpx - INFO - HTTP Request: PUT http://test/api/v1/reviews/me/1 "HTTP/1.1 200 OK"
2025-11-23 20:34:42 - httpx - INFO - HTTP Request: PUT http://test/api/v1/reviews/me/1 "HTTP/1.1 400 Bad Request"
2025-11-23 20:34:43 - httpx - INFO - HTTP Request: DELETE http://test/api/v1/reviews/me/1 "HTTP/1.1 204 No Content"
2025-11-23 20:34:43 - httpx - INFO - HTTP Request: DELETE http://test/api/v1/reviews/me/1 "HTTP/1.1 404 Not Found"
2025-11-23 20:34:43 - httpx - INFO - HTTP Request: POST http://test/api/v1/reviews "HTTP/1.1 307 Temporary Redirect"
2025-11-23 20:34:44 - httpx - INFO - HTTP Request: GET http://test/api/v1/reviews?skip=0&limit=2 "HTTP/1.1 307 Temporary Redirect"
2025-11-23 20:36:19 - passlib.handlers.bcrypt - WARNING - (trapped) error reading bcrypt version
Traceback (most recent call last):
  File "C:\Users\User\AppData\Local\Programs\Python\Python313\Lib\site-packages\passlib\handlers\bcrypt.py", line 620, in _load_backend_mixin
    version = _bcrypt.__about__.__version__
              ^^^^^^^^^^^^^^^^^
AttributeError: module 'bcrypt' has no attribute '__about__'
2025-11-23 20:36:19 - httpx - INFO - HTTP Request: POST http://test/api/v1/orders "HTTP/1.1 307 Temporary Redirect"
2025-11-23 20:42:56 - httpx - INFO - HTTP Request: GET http://test/api/v1/admin/users "HTTP/1.1 403 Forbidden"
2025-11-23 20:42:56 - passlib.handlers.bcrypt - WARNING - (trapped) error reading bcrypt version
Traceback (most recent call last):
  File "C:\Users\User\AppData\Local\Programs\Python\Python313\Lib\site-packages\passlib\handlers\bcrypt.py", line 620, in _load_backend_mixin
    version = _bcrypt.__about__.__version__
              ^^^^^^^^^^^^^^^^^
AttributeError: module 'bcrypt' has no attribute '__about__'
2025-11-23 20:42:56 - httpx - INFO - HTTP Request: GET http://test/api/v1/admin/users "HTTP/1.1 403 Forbidden"
2025-11-23 20:42:56 - httpx - INFO - HTTP Request: GET http://test/api/v1/admin/users "HTTP/1.1 200 OK"
2025-11-23 20:42:57 - httpx - INFO - HTTP Request: GET http://test/api/v1/admin/users/2 "HTTP/1.1 200 OK"
2025-11-23 20:42:57 - httpx - INFO - HTTP Request: POST http://test/api/v1/admin/products "HTTP/1.1 201 Created"
2025-11-23 20:42:58 - httpx - INFO - HTTP Request: PUT http://test/api/v1/admin/products/1 "HTTP/1.1 200 OK"
2025-11-23 20:42:58 - httpx - INFO - HTTP Request: DELETE http://test/api/v1/admin/products/1 "HTTP/1.1 204 No Content"
2025-11-23 20:42:58 - httpx - INFO - HTTP Request: POST http://test/api/v1/admin/users/2/add-bonus "HTTP/1.1 200 OK"
2025-11-23 20:42:58 - httpx - INFO - HTTP Request: POST http://test/api/v1/auth/register "HTTP/1.1 400 Bad Request"
2025-11-23 20:42:59 - httpx - INFO - HTTP Request: POST http://test/api/v1/auth/register "HTTP/1.1 409 Conflict"
2025-11-23 20:42:59 - httpx - INFO - HTTP Request: POST http://test/api/v1/auth/register "HTTP/1.1 409 Conflict"
2025-11-23 20:42:59 - httpx - INFO - HTTP Request: POST http://test/api/v1/auth/register "HTTP/1.1 422 Unprocessable Entity"
2025-11-23 20:42:59 - httpx - INFO - HTTP Request: POST http://test/api/v1/auth/register "HTTP/1.1 422 Unprocessable Entity"
2025-11-23 20:43:00 - httpx - INFO - HTTP Request: POST http://test/api/v1/auth/login "HTTP/1.1 200 OK"
2025-11-23 20:43:00 - httpx - INFO - HTTP Request: POST http://test/api/v1/auth/login "HTTP/1.1 401 Unauthorized"
2025-11-23 20:43:00 - httpx - INFO - HTTP Request: POST http://test/api/v1/auth/login "HTTP/1.1 401 Unauthorized"
2025-11-23 20:43:00 - httpx - INFO - HTTP Request: POST http://test/api/v1/auth/login "HTTP/1.1 403 Forbidden"
2025-11-23 20:43:01 - httpx - INFO - HTTP Request: POST http://test/api/v1/auth/login "HTTP/1.1 200 OK"
2025-11-23 20:43:01 - httpx - INFO - HTTP Request: POST http://test/api/v1/auth/refresh "HTTP/1.1 401 Unauthorized"
2025-11-23 20:43:01 - httpx - INFO - HTTP Request: POST http://test/api/v1/auth/refresh "HTTP/1.1 401 Unauthorized"
2025-11-23 20:43:03 - httpx - INFO - HTTP Request: POST http://test/api/v1/auth/refresh "HTTP/1.1 200 OK"
2025-11-23 20:43:03 - httpx - INFO - HTTP Request: GET http://test/api/v1/users/me "HTTP/1.1 403 Forbidden"
2025-11-23 20:43:04 - httpx - INFO - HTTP Request: GET http://test/api/v1/users/me "HTTP/1.1 200 OK"
2025-11-23 20:43:04 - httpx - INFO - HTTP Request: POST http://test/api/v1/auth/change-password "HTTP/1.1 422 Unprocessable Entity"
2025-11-23 20:43:04 - httpx - INFO - HTTP Request: POST http://test/api/v1/auth/change-password "HTTP/1.1 422 Unprocessable Entity"
2025-11-23 20:43:05 - httpx - INFO - HTTP Request: POST http://test/api/v1/auth/change-password "HTTP/1.1 422 Unprocessable Entity"
2025-11-23 20:43:05 - httpx - INFO - HTTP Request: POST http://test/api/v1/auth/send-sms "HTTP/1.1 200 OK"
2025-11-23 20:43:05 - httpx - INFO - HTTP Request: POST http://test/api/v1/auth/verify-sms "HTTP/1.1 401 Unauthorized"
2025-11-23 20:43:05 - httpx - INFO - HTTP Request: POST http://test/api/v1/auth/reset-password "HTTP/1.1 404 Not Found"
2025-11-23 20:43:05 - httpx - INFO - HTTP Request: POST http://test/api/v1/auth/reset-password "HTTP/1.1 404 Not Found"
2025-11-23 20:43:05 - httpx - INFO - HTTP Request: GET http://test/api/v1/categories/ "HTTP/1.1 200 OK"
2025-11-23 20:43:05 - httpx - INFO - HTTP Request: GET http://test/api/v1/categories/test-category "HTTP/1.1 200 OK"
2025-11-23 20:43:05 - httpx - INFO - HTTP Request: GET http://test/api/v1/categories/nonexistent-category-slug-12345 "HTTP/1.1 404 Not Found"
2025-11-23 20:43:05 - httpx - INFO - HTTP Request: GET http://test/api/v1/categories/ "HTTP/1.1 200 OK"
2025-11-23 20:43:06 - httpx - INFO - HTTP Request: GET http://test/api/v1/categories/test-category "HTTP/1.1 200 OK"
2025-11-23 20:43:06 - httpx - INFO - HTTP Request: GET http://test/api/v1/categories/ "HTTP/1.1 200 OK"
2025-11-23 20:43:06 - httpx - INFO - HTTP Request: GET http://test/api/v1/categories?skip=0&limit=2/ "HTTP/1.1 307 Temporary Redirect"
2025-11-23 20:43:06 - httpx - INFO - HTTP Request: GET http://test/api/v1/categories/?skip=0&limit=2/ "HTTP/1.1 422 Unprocessable Entity"
2025-11-23 20:43:06 - httpx - INFO - HTTP Request: GET http://test/api/v1/categories/category-with-image "HTTP/1.1 200 OK"
2025-11-23 20:43:06 - httpx - INFO - HTTP Request: GET http://test/api/v1/categories/test-category "HTTP/1.1 200 OK"
2025-11-23 20:43:06 - httpx - INFO - HTTP Request: POST http://test/api/v1/orders/ "HTTP/1.1 422 Unprocessable Entity"
2025-11-23 20:43:06 - httpx - INFO - HTTP Request: POST http://test/api/v1/orders/ "HTTP/1.1 422 Unprocessable Entity"
2025-11-23 20:43:07 - httpx - INFO - HTTP Request: POST http://test/api/v1/orders/ "HTTP/1.1 422 Unprocessable Entity"
2025-11-23 20:43:07 - httpx - INFO - HTTP Request: POST http://test/api/v1/orders/ "HTTP/1.1 422 Unprocessable Entity"
2025-11-23 20:43:07 - httpx - INFO - HTTP Request: POST http://test/api/v1/orders/ "HTTP/1.1 422 Unprocessable Entity"
2025-11-23 20:43:07 - httpx - INFO - HTTP Request: POST http://test/api/v1/orders/ "HTTP/1.1 422 Unprocessable Entity"
2025-11-23 20:43:08 - httpx - INFO - HTTP Request: GET http://test/api/v1/users/me/orders "HTTP/1.1 200 OK"
2025-11-23 20:43:08 - httpx - INFO - HTTP Request: GET http://test/api/v1/users/me/orders/1 "HTTP/1.1 200 OK"
2025-11-23 20:43:08 - httpx - INFO - HTTP Request: GET http://test/api/v1/users/me/orders/99999 "HTTP/1.1 404 Not Found"
2025-11-23 20:43:09 - httpx - INFO - HTTP Request: GET http://test/api/v1/users/me/orders/1 "HTTP/1.1 404 Not Found"
2025-11-23 20:43:09 - httpx - INFO - HTTP Request: PUT http://test/api/v1/users/me/orders/1/cancel "HTTP/1.1 200 OK"
2025-11-23 20:43:10 - httpx - INFO - HTTP Request: PUT http://test/api/v1/users/me/orders/1/cancel "HTTP/1.1 400 Bad Request"
2025-11-23 20:43:10 - httpx - INFO - HTTP Request: POST http://test/api/v1/users/me/orders/1/reorder "HTTP/1.1 201 Created"
2025-11-23 20:43:10 - httpx - INFO - HTTP Request: POST http://test/api/v1/orders/ "HTTP/1.1 422 Unprocessable Entity"
2025-11-23 20:43:10 - httpx - INFO - HTTP Request: GET http://test/api/v1/products/ "HTTP/1.1 200 OK"
2025-11-23 20:43:10 - httpx - INFO - HTTP Request: GET http://test/api/v1/products?category_id=1 "HTTP/1.1 307 Temporary Redirect"
2025-11-23 20:43:10 - httpx - INFO - HTTP Request: GET http://test/api/v1/products?search=Test%20 "HTTP/1.1 307 Temporary Redirect"
2025-11-23 20:43:10 - httpx - INFO - HTTP Request: GET http://test/api/v1/products?skip=0&limit=2/ "HTTP/1.1 307 Temporary Redirect"
2025-11-23 20:43:10 - httpx - INFO - HTTP Request: GET http://test/api/v1/products/?skip=0&limit=2/ "HTTP/1.1 422 Unprocessable Entity"
2025-11-23 20:43:10 - httpx - INFO - HTTP Request: GET http://test/api/v1/products/test-product "HTTP/1.1 200 OK"
2025-11-23 20:43:10 - httpx - INFO - HTTP Request: GET http://test/api/v1/products/nonexistent-product-slug-12345 "HTTP/1.1 404 Not Found"
2025-11-23 20:43:11 - httpx - INFO - HTTP Request: GET http://test/api/v1/products/ "HTTP/1.1 200 OK"
2025-11-23 20:43:11 - httpx - INFO - HTTP Request: GET http://test/api/v1/products/popular?limit=10 "HTTP/1.1 200 OK"
2025-11-23 20:43:11 - httpx - INFO - HTTP Request: GET http://test/api/v1/products?is_new=true/ "HTTP/1.1 307 Temporary Redirect"
2025-11-23 20:43:11 - httpx - INFO - HTTP Request: GET http://test/api/v1/products/?is_new=true/ "HTTP/1.1 422 Unprocessable Entity"
2025-11-23 20:43:11 - httpx - INFO - HTTP Request: GET http://test/api/v1/products/1/recommendations?limit=4 "HTTP/1.1 200 OK"
2025-11-23 20:43:11 - httpx - INFO - HTTP Request: GET http://test/api/v1/products/99999/recommendations?limit=4 "HTTP/1.1 404 Not Found"
2025-11-23 20:43:11 - httpx - INFO - HTTP Request: GET http://test/api/v1/products?category_id=1&is_new=true&is_popular=true "HTTP/1.1 307 Temporary Redirect"
2025-11-23 20:43:11 - httpx - INFO - HTTP Request: GET http://test/api/v1/products?limit=1000/ "HTTP/1.1 307 Temporary Redirect"
2025-11-23 20:43:11 - httpx - INFO - HTTP Request: GET http://test/api/v1/products/?limit=1000/ "HTTP/1.1 422 Unprocessable Entity"
2025-11-23 20:43:11 - httpx - INFO - HTTP Request: GET http://test/api/v1/products?skip=-1/ "HTTP/1.1 307 Temporary Redirect"
2025-11-23 20:43:11 - httpx - INFO - HTTP Request: GET http://test/api/v1/products/?skip=-1/ "HTTP/1.1 422 Unprocessable Entity"
2025-11-23 20:43:11 - httpx - INFO - HTTP Request: GET http://test/api/v1/products/test-product "HTTP/1.1 200 OK"
2025-11-23 20:43:11 - httpx - INFO - HTTP Request: GET http://test/api/v1/promotions/ "HTTP/1.1 200 OK"
2025-11-23 20:43:11 - httpx - INFO - HTTP Request: GET http://test/api/v1/promotions/special-promotion "HTTP/1.1 200 OK"
2025-11-23 20:43:11 - httpx - INFO - HTTP Request: GET http://test/api/v1/promotions/nonexistent-promotion-slug-12345 "HTTP/1.1 404 Not Found"
2025-11-23 20:43:11 - httpx - INFO - HTTP Request: GET http://test/api/v1/promotions/ "HTTP/1.1 200 OK"
2025-11-23 20:43:11 - httpx - INFO - HTTP Request: GET http://test/api/v1/promotions/ "HTTP/1.1 200 OK"
2025-11-23 20:43:11 - httpx - INFO - HTTP Request: GET http://test/api/v1/promotions/limited-promotion "HTTP/1.1 200 OK"
2025-11-23 20:43:11 - httpx - INFO - HTTP Request: GET http://test/api/v1/promotions/?category_id=1 "HTTP/1.1 200 OK"
2025-11-23 20:43:11 - httpx - INFO - HTTP Request: GET http://test/api/v1/promotions/?product_id=1 "HTTP/1.1 200 OK"
2025-11-23 20:43:11 - httpx - INFO - HTTP Request: GET http://test/api/v1/promotions/?skip=0&limit=2 "HTTP/1.1 200 OK"
2025-11-23 20:43:11 - httpx - INFO - HTTP Request: GET http://test/api/v1/promotions/ "HTTP/1.1 200 OK"
2025-11-23 20:43:12 - httpx - INFO - HTTP Request: GET http://test/api/v1/reviews/ "HTTP/1.1 200 OK"
2025-11-23 20:43:12 - httpx - INFO - HTTP Request: GET http://test/api/v1/reviews/product/1 "HTTP/1.1 200 OK"
2025-11-23 20:43:12 - httpx - INFO - HTTP Request: GET http://test/api/v1/reviews?rating=5 "HTTP/1.1 307 Temporary Redirect"
2025-11-23 20:43:13 - httpx - INFO - HTTP Request: POST http://test/api/v1/reviews/ "HTTP/1.1 422 Unprocessable Entity"
2025-11-23 20:43:13 - httpx - INFO - HTTP Request: POST http://test/api/v1/reviews/ "HTTP/1.1 422 Unprocessable Entity"
2025-11-23 20:43:13 - httpx - INFO - HTTP Request: POST http://test/api/v1/reviews/ "HTTP/1.1 422 Unprocessable Entity"
2025-11-23 20:43:14 - httpx - INFO - HTTP Request: GET http://test/api/v1/reviews/me "HTTP/1.1 200 OK"
2025-11-23 20:43:14 - httpx - INFO - HTTP Request: PUT http://test/api/v1/reviews/me/1 "HTTP/1.1 200 OK"
2025-11-23 20:43:14 - httpx - INFO - HTTP Request: PUT http://test/api/v1/reviews/me/1 "HTTP/1.1 400 Bad Request"
2025-11-23 20:43:14 - httpx - INFO - HTTP Request: DELETE http://test/api/v1/reviews/me/1 "HTTP/1.1 204 No Content"
2025-11-23 20:43:15 - httpx - INFO - HTTP Request: DELETE http://test/api/v1/reviews/me/1 "HTTP/1.1 404 Not Found"
2025-11-23 20:43:15 - httpx - INFO - HTTP Request: POST http://test/api/v1/reviews/ "HTTP/1.1 422 Unprocessable Entity"
2025-11-23 20:43:16 - httpx - INFO - HTTP Request: GET http://test/api/v1/reviews?skip=0&limit=2/ "HTTP/1.1 307 Temporary Redirect"
2025-11-23 20:43:16 - httpx - INFO - HTTP Request: GET http://test/api/v1/reviews/?skip=0&limit=2/ "HTTP/1.1 422 Unprocessable Entity"
2025-11-23 20:43:36 - httpx - INFO - HTTP Request: GET http://test/api/v1/admin/users "HTTP/1.1 403 Forbidden"
2025-11-23 20:43:36 - passlib.handlers.bcrypt - WARNING - (trapped) error reading bcrypt version
Traceback (most recent call last):
  File "C:\Users\User\AppData\Local\Programs\Python\Python313\Lib\site-packages\passlib\handlers\bcrypt.py", line 620, in _load_backend_mixin
    version = _bcrypt.__about__.__version__
              ^^^^^^^^^^^^^^^^^
AttributeError: module 'bcrypt' has no attribute '__about__'
2025-11-23 20:43:36 - httpx - INFO - HTTP Request: GET http://test/api/v1/admin/users "HTTP/1.1 403 Forbidden"
2025-11-23 20:43:37 - httpx - INFO - HTTP Request: GET http://test/api/v1/admin/users "HTTP/1.1 200 OK"
2025-11-23 20:43:37 - httpx - INFO - HTTP Request: GET http://test/api/v1/admin/users/2 "HTTP/1.1 200 OK"
2025-11-23 20:43:38 - httpx - INFO - HTTP Request: POST http://test/api/v1/admin/products "HTTP/1.1 201 Created"
2025-11-23 20:43:38 - httpx - INFO - HTTP Request: PUT http://test/api/v1/admin/products/1 "HTTP/1.1 200 OK"
2025-11-23 20:43:38 - httpx - INFO - HTTP Request: DELETE http://test/api/v1/admin/products/1 "HTTP/1.1 204 No Content"
2025-11-23 20:43:39 - httpx - INFO - HTTP Request: POST http://test/api/v1/admin/users/2/add-bonus "HTTP/1.1 200 OK"
2025-11-23 20:43:39 - httpx - INFO - HTTP Request: POST http://test/api/v1/auth/register "HTTP/1.1 400 Bad Request"
2025-11-23 20:43:39 - httpx - INFO - HTTP Request: POST http://test/api/v1/auth/register "HTTP/1.1 409 Conflict"
2025-11-23 20:43:39 - httpx - INFO - HTTP Request: POST http://test/api/v1/auth/register "HTTP/1.1 409 Conflict"
2025-11-23 20:43:39 - httpx - INFO - HTTP Request: POST http://test/api/v1/auth/register "HTTP/1.1 422 Unprocessable Entity"
2025-11-23 20:43:39 - httpx - INFO - HTTP Request: POST http://test/api/v1/auth/register "HTTP/1.1 422 Unprocessable Entity"
2025-11-23 20:43:40 - httpx - INFO - HTTP Request: POST http://test/api/v1/auth/login "HTTP/1.1 200 OK"
2025-11-23 20:43:40 - httpx - INFO - HTTP Request: POST http://test/api/v1/auth/login "HTTP/1.1 401 Unauthorized"
2025-11-23 20:43:41 - httpx - INFO - HTTP Request: POST http://test/api/v1/auth/login "HTTP/1.1 401 Unauthorized"
2025-11-23 20:43:41 - httpx - INFO - HTTP Request: POST http://test/api/v1/auth/login "HTTP/1.1 403 Forbidden"
2025-11-23 20:43:41 - httpx - INFO - HTTP Request: POST http://test/api/v1/auth/login "HTTP/1.1 200 OK"
2025-11-23 20:43:41 - httpx - INFO - HTTP Request: POST http://test/api/v1/auth/refresh "HTTP/1.1 401 Unauthorized"
2025-11-23 20:43:41 - httpx - INFO - HTTP Request: POST http://test/api/v1/auth/refresh "HTTP/1.1 401 Unauthorized"
2025-11-23 20:43:44 - httpx - INFO - HTTP Request: POST http://test/api/v1/auth/refresh "HTTP/1.1 200 OK"
2025-11-23 20:43:44 - httpx - INFO - HTTP Request: GET http://test/api/v1/users/me "HTTP/1.1 403 Forbidden"
2025-11-23 20:43:44 - httpx - INFO - HTTP Request: GET http://test/api/v1/users/me "HTTP/1.1 200 OK"
2025-11-23 20:43:45 - httpx - INFO - HTTP Request: POST http://test/api/v1/auth/change-password "HTTP/1.1 422 Unprocessable Entity"
2025-11-23 20:43:45 - httpx - INFO - HTTP Request: POST http://test/api/v1/auth/change-password "HTTP/1.1 422 Unprocessable Entity"
2025-11-23 20:43:45 - httpx - INFO - HTTP Request: POST http://test/api/v1/auth/change-password "HTTP/1.1 422 Unprocessable Entity"
2025-11-23 20:43:45 - httpx - INFO - HTTP Request: POST http://test/api/v1/auth/send-sms "HTTP/1.1 200 OK"
2025-11-23 20:43:45 - httpx - INFO - HTTP Request: POST http://test/api/v1/auth/verify-sms "HTTP/1.1 401 Unauthorized"
2025-11-23 20:43:46 - httpx - INFO - HTTP Request: POST http://test/api/v1/auth/reset-password "HTTP/1.1 404 Not Found"
2025-11-23 20:43:46 - httpx - INFO - HTTP Request: POST http://test/api/v1/auth/reset-password "HTTP/1.1 404 Not Found"
2025-11-23 20:43:46 - httpx - INFO - HTTP Request: GET http://test/api/v1/categories/ "HTTP/1.1 200 OK"
2025-11-23 20:43:46 - httpx - INFO - HTTP Request: GET http://test/api/v1/categories/test-category "HTTP/1.1 200 OK"
2025-11-23 20:43:46 - httpx - INFO - HTTP Request: GET http://test/api/v1/categories/nonexistent-category-slug-12345 "HTTP/1.1 404 Not Found"
2025-11-23 20:43:46 - httpx - INFO - HTTP Request: GET http://test/api/v1/categories/ "HTTP/1.1 200 OK"
2025-11-23 20:43:46 - httpx - INFO - HTTP Request: GET http://test/api/v1/categories/test-category "HTTP/1.1 200 OK"
2025-11-23 20:43:46 - httpx - INFO - HTTP Request: GET http://test/api/v1/categories/ "HTTP/1.1 200 OK"
2025-11-23 20:43:46 - httpx - INFO - HTTP Request: GET http://test/api/v1/categories?skip=0&limit=2/ "HTTP/1.1 307 Temporary Redirect"
2025-11-23 20:43:46 - httpx - INFO - HTTP Request: GET http://test/api/v1/categories/?skip=0&limit=2/ "HTTP/1.1 422 Unprocessable Entity"
2025-11-23 20:43:46 - httpx - INFO - HTTP Request: GET http://test/api/v1/categories/category-with-image "HTTP/1.1 200 OK"
2025-11-23 20:43:46 - httpx - INFO - HTTP Request: GET http://test/api/v1/categories/test-category "HTTP/1.1 200 OK"
2025-11-23 20:43:47 - httpx - INFO - HTTP Request: POST http://test/api/v1/orders/ "HTTP/1.1 422 Unprocessable Entity"
2025-11-23 20:43:47 - httpx - INFO - HTTP Request: POST http://test/api/v1/orders/ "HTTP/1.1 422 Unprocessable Entity"
2025-11-23 20:43:47 - httpx - INFO - HTTP Request: POST http://test/api/v1/orders/ "HTTP/1.1 422 Unprocessable Entity"
2025-11-23 20:43:48 - httpx - INFO - HTTP Request: POST http://test/api/v1/orders/ "HTTP/1.1 422 Unprocessable Entity"
2025-11-23 20:43:48 - httpx - INFO - HTTP Request: POST http://test/api/v1/orders/ "HTTP/1.1 422 Unprocessable Entity"
2025-11-23 20:43:48 - httpx - INFO - HTTP Request: POST http://test/api/v1/orders/ "HTTP/1.1 422 Unprocessable Entity"
2025-11-23 20:43:49 - httpx - INFO - HTTP Request: GET http://test/api/v1/users/me/orders "HTTP/1.1 200 OK"
2025-11-23 20:43:49 - httpx - INFO - HTTP Request: GET http://test/api/v1/users/me/orders/1 "HTTP/1.1 200 OK"
2025-11-23 20:43:49 - httpx - INFO - HTTP Request: GET http://test/api/v1/users/me/orders/99999 "HTTP/1.1 404 Not Found"
2025-11-23 20:43:50 - httpx - INFO - HTTP Request: GET http://test/api/v1/users/me/orders/1 "HTTP/1.1 404 Not Found"
2025-11-23 20:43:50 - httpx - INFO - HTTP Request: PUT http://test/api/v1/users/me/orders/1/cancel "HTTP/1.1 200 OK"
2025-11-23 20:43:50 - httpx - INFO - HTTP Request: PUT http://test/api/v1/users/me/orders/1/cancel "HTTP/1.1 400 Bad Request"
2025-11-23 20:43:51 - httpx - INFO - HTTP Request: POST http://test/api/v1/users/me/orders/1/reorder "HTTP/1.1 201 Created"
2025-11-23 20:43:51 - httpx - INFO - HTTP Request: POST http://test/api/v1/orders/ "HTTP/1.1 422 Unprocessable Entity"
2025-11-23 20:43:51 - httpx - INFO - HTTP Request: GET http://test/api/v1/products/ "HTTP/1.1 200 OK"
2025-11-23 20:43:51 - httpx - INFO - HTTP Request: GET http://test/api/v1/products?category_id=1 "HTTP/1.1 307 Temporary Redirect"
2025-11-23 20:43:51 - httpx - INFO - HTTP Request: GET http://test/api/v1/products?search=Test%20 "HTTP/1.1 307 Temporary Redirect"
2025-11-23 20:43:51 - httpx - INFO - HTTP Request: GET http://test/api/v1/products?skip=0&limit=2/ "HTTP/1.1 307 Temporary Redirect"
2025-11-23 20:43:51 - httpx - INFO - HTTP Request: GET http://test/api/v1/products/?skip=0&limit=2/ "HTTP/1.1 422 Unprocessable Entity"
2025-11-23 20:43:51 - httpx - INFO - HTTP Request: GET http://test/api/v1/products/test-product "HTTP/1.1 200 OK"
2025-11-23 20:43:51 - httpx - INFO - HTTP Request: GET http://test/api/v1/products/nonexistent-product-slug-12345 "HTTP/1.1 404 Not Found"
2025-11-23 20:43:51 - httpx - INFO - HTTP Request: GET http://test/api/v1/products/ "HTTP/1.1 200 OK"
2025-11-23 20:43:52 - httpx - INFO - HTTP Request: GET http://test/api/v1/products/popular?limit=10 "HTTP/1.1 200 OK"
2025-11-23 20:43:52 - httpx - INFO - HTTP Request: GET http://test/api/v1/products?is_new=true/ "HTTP/1.1 307 Temporary Redirect"
2025-11-23 20:43:52 - httpx - INFO - HTTP Request: GET http://test/api/v1/products/?is_new=true/ "HTTP/1.1 422 Unprocessable Entity"
2025-11-23 20:43:52 - httpx - INFO - HTTP Request: GET http://test/api/v1/products/1/recommendations?limit=4 "HTTP/1.1 200 OK"
2025-11-23 20:43:52 - httpx - INFO - HTTP Request: GET http://test/api/v1/products/99999/recommendations?limit=4 "HTTP/1.1 404 Not Found"
2025-11-23 20:43:52 - httpx - INFO - HTTP Request: GET http://test/api/v1/products?category_id=1&is_new=true&is_popular=true "HTTP/1.1 307 Temporary Redirect"
2025-11-23 20:43:52 - httpx - INFO - HTTP Request: GET http://test/api/v1/products?limit=1000/ "HTTP/1.1 307 Temporary Redirect"
2025-11-23 20:43:52 - httpx - INFO - HTTP Request: GET http://test/api/v1/products/?limit=1000/ "HTTP/1.1 422 Unprocessable Entity"
2025-11-23 20:43:52 - httpx - INFO - HTTP Request: GET http://test/api/v1/products?skip=-1/ "HTTP/1.1 307 Temporary Redirect"
2025-11-23 20:43:52 - httpx - INFO - HTTP Request: GET http://test/api/v1/products/?skip=-1/ "HTTP/1.1 422 Unprocessable Entity"
2025-11-23 20:43:52 - httpx - INFO - HTTP Request: GET http://test/api/v1/products/test-product "HTTP/1.1 200 OK"
2025-11-23 20:43:52 - httpx - INFO - HTTP Request: GET http://test/api/v1/promotions/ "HTTP/1.1 200 OK"
2025-11-23 20:43:52 - httpx - INFO - HTTP Request: GET http://test/api/v1/promotions/special-promotion "HTTP/1.1 200 OK"
2025-11-23 20:43:52 - httpx - INFO - HTTP Request: GET http://test/api/v1/promotions/nonexistent-promotion-slug-12345 "HTTP/1.1 404 Not Found"
2025-11-23 20:43:52 - httpx - INFO - HTTP Request: GET http://test/api/v1/promotions/ "HTTP/1.1 200 OK"
2025-11-23 20:43:52 - httpx - INFO - HTTP Request: GET http://test/api/v1/promotions/ "HTTP/1.1 200 OK"
2025-11-23 20:43:52 - httpx - INFO - HTTP Request: GET http://test/api/v1/promotions/limited-promotion "HTTP/1.1 200 OK"
2025-11-23 20:43:52 - httpx - INFO - HTTP Request: GET http://test/api/v1/promotions/?category_id=1 "HTTP/1.1 200 OK"
2025-11-23 20:43:52 - httpx - INFO - HTTP Request: GET http://test/api/v1/promotions/?product_id=1 "HTTP/1.1 200 OK"
2025-11-23 20:43:52 - httpx - INFO - HTTP Request: GET http://test/api/v1/promotions/?skip=0&limit=2 "HTTP/1.1 200 OK"
2025-11-23 20:43:52 - httpx - INFO - HTTP Request: GET http://test/api/v1/promotions/ "HTTP/1.1 200 OK"
2025-11-23 20:43:53 - httpx - INFO - HTTP Request: GET http://test/api/v1/reviews/ "HTTP/1.1 200 OK"
2025-11-23 20:43:53 - httpx - INFO - HTTP Request: GET http://test/api/v1/reviews/product/1 "HTTP/1.1 200 OK"
2025-11-23 20:43:53 - httpx - INFO - HTTP Request: GET http://test/api/v1/reviews?rating=5 "HTTP/1.1 307 Temporary Redirect"
2025-11-23 20:43:54 - httpx - INFO - HTTP Request: POST http://test/api/v1/reviews/ "HTTP/1.1 422 Unprocessable Entity"
2025-11-23 20:43:54 - httpx - INFO - HTTP Request: POST http://test/api/v1/reviews/ "HTTP/1.1 422 Unprocessable Entity"
2025-11-23 20:43:54 - httpx - INFO - HTTP Request: POST http://test/api/v1/reviews/ "HTTP/1.1 422 Unprocessable Entity"
2025-11-23 20:43:55 - httpx - INFO - HTTP Request: GET http://test/api/v1/reviews/me "HTTP/1.1 200 OK"
2025-11-23 20:43:55 - httpx - INFO - HTTP Request: PUT http://test/api/v1/reviews/me/1 "HTTP/1.1 200 OK"
2025-11-23 20:43:55 - httpx - INFO - HTTP Request: PUT http://test/api/v1/reviews/me/1 "HTTP/1.1 400 Bad Request"
2025-11-23 20:43:55 - httpx - INFO - HTTP Request: DELETE http://test/api/v1/reviews/me/1 "HTTP/1.1 204 No Content"
2025-11-23 20:43:56 - httpx - INFO - HTTP Request: DELETE http://test/api/v1/reviews/me/1 "HTTP/1.1 404 Not Found"
2025-11-23 20:43:56 - httpx - INFO - HTTP Request: POST http://test/api/v1/reviews/ "HTTP/1.1 422 Unprocessable Entity"
2025-11-23 20:43:57 - httpx - INFO - HTTP Request: GET http://test/api/v1/reviews?skip=0&limit=2/ "HTTP/1.1 307 Temporary Redirect"
2025-11-23 20:43:57 - httpx - INFO - HTTP Request: GET http://test/api/v1/reviews/?skip=0&limit=2/ "HTTP/1.1 422 Unprocessable Entity"
2025-11-23 20:46:57 - httpx - INFO - HTTP Request: GET http://test/api/v1/admin/users "HTTP/1.1 403 Forbidden"
2025-11-23 20:46:57 - passlib.handlers.bcrypt - WARNING - (trapped) error reading bcrypt version
Traceback (most recent call last):
  File "C:\Users\User\Desktop\Croco Sushi\.venv\Lib\site-packages\passlib\handlers\bcrypt.py", line 620, in _load_backend_mixin
    version = _bcrypt.__about__.__version__
              ^^^^^^^^^^^^^^^^^
AttributeError: module 'bcrypt' has no attribute '__about__'
2025-11-23 20:46:57 - passlib.handlers.bcrypt - WARNING - (trapped) error reading bcrypt version
Traceback (most recent call last):
  File "C:\Users\User\Desktop\Croco Sushi\.venv\Lib\site-packages\passlib\handlers\bcrypt.py", line 620, in _load_backend_mixin
    version = _bcrypt.__about__.__version__
              ^^^^^^^^^^^^^^^^^
AttributeError: module 'bcrypt' has no attribute '__about__'
2025-11-23 20:46:57 - passlib.handlers.bcrypt - WARNING - (trapped) error reading bcrypt version
Traceback (most recent call last):
  File "C:\Users\User\Desktop\Croco Sushi\.venv\Lib\site-packages\passlib\handlers\bcrypt.py", line 620, in _load_backend_mixin
    version = _bcrypt.__about__.__version__
              ^^^^^^^^^^^^^^^^^
AttributeError: module 'bcrypt' has no attribute '__about__'
2025-11-23 20:46:57 - passlib.handlers.bcrypt - WARNING - (trapped) error reading bcrypt version
Traceback (most recent call last):
  File "C:\Users\User\Desktop\Croco Sushi\.venv\Lib\site-packages\passlib\handlers\bcrypt.py", line 620, in _load_backend_mixin
    version = _bcrypt.__about__.__version__
              ^^^^^^^^^^^^^^^^^
AttributeError: module 'bcrypt' has no attribute '__about__'
2025-11-23 20:46:57 - passlib.handlers.bcrypt - WARNING - (trapped) error reading bcrypt version
Traceback (most recent call last):
  File "C:\Users\User\Desktop\Croco Sushi\.venv\Lib\site-packages\passlib\handlers\bcrypt.py", line 620, in _load_backend_mixin
    version = _bcrypt.__about__.__version__
              ^^^^^^^^^^^^^^^^^
AttributeError: module 'bcrypt' has no attribute '__about__'
2025-11-23 20:46:57 - passlib.handlers.bcrypt - WARNING - (trapped) error reading bcrypt version
Traceback (most recent call last):
  File "C:\Users\User\Desktop\Croco Sushi\.venv\Lib\site-packages\passlib\handlers\bcrypt.py", line 620, in _load_backend_mixin
    version = _bcrypt.__about__.__version__
              ^^^^^^^^^^^^^^^^^
AttributeError: module 'bcrypt' has no attribute '__about__'
2025-11-23 20:46:57 - passlib.handlers.bcrypt - WARNING - (trapped) error reading bcrypt version
Traceback (most recent call last):
  File "C:\Users\User\Desktop\Croco Sushi\.venv\Lib\site-packages\passlib\handlers\bcrypt.py", line 620, in _load_backend_mixin
    version = _bcrypt.__about__.__version__
              ^^^^^^^^^^^^^^^^^
AttributeError: module 'bcrypt' has no attribute '__about__'
2025-11-23 20:46:57 - httpx - INFO - HTTP Request: POST http://test/api/v1/auth/register "HTTP/1.1 400 Bad Request"
2025-11-23 20:46:57 - passlib.handlers.bcrypt - WARNING - (trapped) error reading bcrypt version
Traceback (most recent call last):
  File "C:\Users\User\Desktop\Croco Sushi\.venv\Lib\site-packages\passlib\handlers\bcrypt.py", line 620, in _load_backend_mixin
    version = _bcrypt.__about__.__version__
              ^^^^^^^^^^^^^^^^^
AttributeError: module 'bcrypt' has no attribute '__about__'
2025-11-23 20:46:58 - passlib.handlers.bcrypt - WARNING - (trapped) error reading bcrypt version
Traceback (most recent call last):
  File "C:\Users\User\Desktop\Croco Sushi\.venv\Lib\site-packages\passlib\handlers\bcrypt.py", line 620, in _load_backend_mixin
    version = _bcrypt.__about__.__version__
              ^^^^^^^^^^^^^^^^^
AttributeError: module 'bcrypt' has no attribute '__about__'
2025-11-23 20:46:58 - httpx - INFO - HTTP Request: POST http://test/api/v1/auth/register "HTTP/1.1 422 Unprocessable Entity"
2025-11-23 20:46:58 - httpx - INFO - HTTP Request: POST http://test/api/v1/auth/register "HTTP/1.1 422 Unprocessable Entity"
2025-11-23 20:46:58 - passlib.handlers.bcrypt - WARNING - (trapped) error reading bcrypt version
Traceback (most recent call last):
  File "C:\Users\User\Desktop\Croco Sushi\.venv\Lib\site-packages\passlib\handlers\bcrypt.py", line 620, in _load_backend_mixin
    version = _bcrypt.__about__.__version__
              ^^^^^^^^^^^^^^^^^
AttributeError: module 'bcrypt' has no attribute '__about__'
2025-11-23 20:46:58 - passlib.handlers.bcrypt - WARNING - (trapped) error reading bcrypt version
Traceback (most recent call last):
  File "C:\Users\User\Desktop\Croco Sushi\.venv\Lib\site-packages\passlib\handlers\bcrypt.py", line 620, in _load_backend_mixin
    version = _bcrypt.__about__.__version__
              ^^^^^^^^^^^^^^^^^
AttributeError: module 'bcrypt' has no attribute '__about__'
2025-11-23 20:46:58 - httpx - INFO - HTTP Request: POST http://test/api/v1/auth/login "HTTP/1.1 401 Unauthorized"
2025-11-23 20:46:58 - passlib.handlers.bcrypt - WARNING - (trapped) error reading bcrypt version
Traceback (most recent call last):
  File "C:\Users\User\Desktop\Croco Sushi\.venv\Lib\site-packages\passlib\handlers\bcrypt.py", line 620, in _load_backend_mixin
    version = _bcrypt.__about__.__version__
              ^^^^^^^^^^^^^^^^^
AttributeError: module 'bcrypt' has no attribute '__about__'
2025-11-23 20:46:58 - passlib.handlers.bcrypt - WARNING - (trapped) error reading bcrypt version
Traceback (most recent call last):
  File "C:\Users\User\Desktop\Croco Sushi\.venv\Lib\site-packages\passlib\handlers\bcrypt.py", line 620, in _load_backend_mixin
    version = _bcrypt.__about__.__version__
              ^^^^^^^^^^^^^^^^^
AttributeError: module 'bcrypt' has no attribute '__about__'
2025-11-23 20:46:58 - httpx - INFO - HTTP Request: POST http://test/api/v1/auth/refresh "HTTP/1.1 401 Unauthorized"
2025-11-23 20:46:58 - passlib.handlers.bcrypt - WARNING - (trapped) error reading bcrypt version
Traceback (most recent call last):
  File "C:\Users\User\Desktop\Croco Sushi\.venv\Lib\site-packages\passlib\handlers\bcrypt.py", line 620, in _load_backend_mixin
    version = _bcrypt.__about__.__version__
              ^^^^^^^^^^^^^^^^^
AttributeError: module 'bcrypt' has no attribute '__about__'
2025-11-23 20:46:58 - httpx - INFO - HTTP Request: GET http://test/api/v1/users/me "HTTP/1.1 403 Forbidden"
2025-11-23 20:46:58 - passlib.handlers.bcrypt - WARNING - (trapped) error reading bcrypt version
Traceback (most recent call last):
  File "C:\Users\User\Desktop\Croco Sushi\.venv\Lib\site-packages\passlib\handlers\bcrypt.py", line 620, in _load_backend_mixin
    version = _bcrypt.__about__.__version__
              ^^^^^^^^^^^^^^^^^
AttributeError: module 'bcrypt' has no attribute '__about__'
2025-11-23 20:46:58 - passlib.handlers.bcrypt - WARNING - (trapped) error reading bcrypt version
Traceback (most recent call last):
  File "C:\Users\User\Desktop\Croco Sushi\.venv\Lib\site-packages\passlib\handlers\bcrypt.py", line 620, in _load_backend_mixin
    version = _bcrypt.__about__.__version__
              ^^^^^^^^^^^^^^^^^
AttributeError: module 'bcrypt' has no attribute '__about__'
2025-11-23 20:46:59 - passlib.handlers.bcrypt - WARNING - (trapped) error reading bcrypt version
Traceback (most recent call last):
  File "C:\Users\User\Desktop\Croco Sushi\.venv\Lib\site-packages\passlib\handlers\bcrypt.py", line 620, in _load_backend_mixin
    version = _bcrypt.__about__.__version__
              ^^^^^^^^^^^^^^^^^
AttributeError: module 'bcrypt' has no attribute '__about__'
2025-11-23 20:46:59 - passlib.handlers.bcrypt - WARNING - (trapped) error reading bcrypt version
Traceback (most recent call last):
  File "C:\Users\User\Desktop\Croco Sushi\.venv\Lib\site-packages\passlib\handlers\bcrypt.py", line 620, in _load_backend_mixin
    version = _bcrypt.__about__.__version__
              ^^^^^^^^^^^^^^^^^
AttributeError: module 'bcrypt' has no attribute '__about__'
2025-11-23 20:46:59 - passlib.handlers.bcrypt - WARNING - (trapped) error reading bcrypt version
Traceback (most recent call last):
  File "C:\Users\User\Desktop\Croco Sushi\.venv\Lib\site-packages\passlib\handlers\bcrypt.py", line 620, in _load_backend_mixin
    version = _bcrypt.__about__.__version__
              ^^^^^^^^^^^^^^^^^
AttributeError: module 'bcrypt' has no attribute '__about__'
2025-11-23 20:46:59 - httpx - INFO - HTTP Request: POST http://test/api/v1/auth/send-sms "HTTP/1.1 400 Bad Request"
2025-11-23 20:46:59 - httpx - INFO - HTTP Request: POST http://test/api/v1/auth/verify-sms "HTTP/1.1 401 Unauthorized"
2025-11-23 20:46:59 - passlib.handlers.bcrypt - WARNING - (trapped) error reading bcrypt version
Traceback (most recent call last):
  File "C:\Users\User\Desktop\Croco Sushi\.venv\Lib\site-packages\passlib\handlers\bcrypt.py", line 620, in _load_backend_mixin
    version = _bcrypt.__about__.__version__
              ^^^^^^^^^^^^^^^^^
AttributeError: module 'bcrypt' has no attribute '__about__'
2025-11-23 20:46:59 - httpx - INFO - HTTP Request: POST http://test/api/v1/auth/reset-password "HTTP/1.1 404 Not Found"
2025-11-23 20:46:59 - httpx - INFO - HTTP Request: GET http://test/api/v1/categories/ "HTTP/1.1 200 OK"
2025-11-23 20:46:59 - httpx - INFO - HTTP Request: GET http://test/api/v1/categories/test-category "HTTP/1.1 200 OK"
2025-11-23 20:46:59 - httpx - INFO - HTTP Request: GET http://test/api/v1/categories/nonexistent-category-slug-12345 "HTTP/1.1 404 Not Found"
2025-11-23 20:46:59 - httpx - INFO - HTTP Request: GET http://test/api/v1/categories/ "HTTP/1.1 200 OK"
2025-11-23 20:46:59 - httpx - INFO - HTTP Request: GET http://test/api/v1/categories/test-category "HTTP/1.1 200 OK"
2025-11-23 20:46:59 - httpx - INFO - HTTP Request: GET http://test/api/v1/categories/ "HTTP/1.1 200 OK"
2025-11-23 20:46:59 - httpx - INFO - HTTP Request: GET http://test/api/v1/categories?skip=0&limit=2/ "HTTP/1.1 307 Temporary Redirect"
2025-11-23 20:46:59 - httpx - INFO - HTTP Request: GET http://test/api/v1/categories/?skip=0&limit=2/ "HTTP/1.1 422 Unprocessable Entity"
2025-11-23 20:46:59 - httpx - INFO - HTTP Request: GET http://test/api/v1/categories/category-with-image "HTTP/1.1 200 OK"
2025-11-23 20:47:00 - httpx - INFO - HTTP Request: GET http://test/api/v1/categories/test-category "HTTP/1.1 200 OK"
2025-11-23 20:47:00 - passlib.handlers.bcrypt - WARNING - (trapped) error reading bcrypt version
Traceback (most recent call last):
  File "C:\Users\User\Desktop\Croco Sushi\.venv\Lib\site-packages\passlib\handlers\bcrypt.py", line 620, in _load_backend_mixin
    version = _bcrypt.__about__.__version__
              ^^^^^^^^^^^^^^^^^
AttributeError: module 'bcrypt' has no attribute '__about__'
2025-11-23 20:47:00 - passlib.handlers.bcrypt - WARNING - (trapped) error reading bcrypt version
Traceback (most recent call last):
  File "C:\Users\User\Desktop\Croco Sushi\.venv\Lib\site-packages\passlib\handlers\bcrypt.py", line 620, in _load_backend_mixin
    version = _bcrypt.__about__.__version__
              ^^^^^^^^^^^^^^^^^
AttributeError: module 'bcrypt' has no attribute '__about__'
2025-11-23 20:47:00 - passlib.handlers.bcrypt - WARNING - (trapped) error reading bcrypt version
Traceback (most recent call last):
  File "C:\Users\User\Desktop\Croco Sushi\.venv\Lib\site-packages\passlib\handlers\bcrypt.py", line 620, in _load_backend_mixin
    version = _bcrypt.__about__.__version__
              ^^^^^^^^^^^^^^^^^
AttributeError: module 'bcrypt' has no attribute '__about__'
2025-11-23 20:47:00 - passlib.handlers.bcrypt - WARNING - (trapped) error reading bcrypt version
Traceback (most recent call last):
  File "C:\Users\User\Desktop\Croco Sushi\.venv\Lib\site-packages\passlib\handlers\bcrypt.py", line 620, in _load_backend_mixin
    version = _bcrypt.__about__.__version__
              ^^^^^^^^^^^^^^^^^
AttributeError: module 'bcrypt' has no attribute '__about__'
2025-11-23 20:47:00 - passlib.handlers.bcrypt - WARNING - (trapped) error reading bcrypt version
Traceback (most recent call last):
  File "C:\Users\User\Desktop\Croco Sushi\.venv\Lib\site-packages\passlib\handlers\bcrypt.py", line 620, in _load_backend_mixin
    version = _bcrypt.__about__.__version__
              ^^^^^^^^^^^^^^^^^
AttributeError: module 'bcrypt' has no attribute '__about__'
2025-11-23 20:47:00 - passlib.handlers.bcrypt - WARNING - (trapped) error reading bcrypt version
Traceback (most recent call last):
  File "C:\Users\User\Desktop\Croco Sushi\.venv\Lib\site-packages\passlib\handlers\bcrypt.py", line 620, in _load_backend_mixin
    version = _bcrypt.__about__.__version__
              ^^^^^^^^^^^^^^^^^
AttributeError: module 'bcrypt' has no attribute '__about__'
2025-11-23 20:47:00 - passlib.handlers.bcrypt - WARNING - (trapped) error reading bcrypt version
Traceback (most recent call last):
  File "C:\Users\User\Desktop\Croco Sushi\.venv\Lib\site-packages\passlib\handlers\bcrypt.py", line 620, in _load_backend_mixin
    version = _bcrypt.__about__.__version__
              ^^^^^^^^^^^^^^^^^
AttributeError: module 'bcrypt' has no attribute '__about__'
2025-11-23 20:47:00 - passlib.handlers.bcrypt - WARNING - (trapped) error reading bcrypt version
Traceback (most recent call last):
  File "C:\Users\User\Desktop\Croco Sushi\.venv\Lib\site-packages\passlib\handlers\bcrypt.py", line 620, in _load_backend_mixin
    version = _bcrypt.__about__.__version__
              ^^^^^^^^^^^^^^^^^
AttributeError: module 'bcrypt' has no attribute '__about__'
2025-11-23 20:47:00 - passlib.handlers.bcrypt - WARNING - (trapped) error reading bcrypt version
Traceback (most recent call last):
  File "C:\Users\User\Desktop\Croco Sushi\.venv\Lib\site-packages\passlib\handlers\bcrypt.py", line 620, in _load_backend_mixin
    version = _bcrypt.__about__.__version__
              ^^^^^^^^^^^^^^^^^
AttributeError: module 'bcrypt' has no attribute '__about__'
2025-11-23 20:47:00 - passlib.handlers.bcrypt - WARNING - (trapped) error reading bcrypt version
Traceback (most recent call last):
  File "C:\Users\User\Desktop\Croco Sushi\.venv\Lib\site-packages\passlib\handlers\bcrypt.py", line 620, in _load_backend_mixin
    version = _bcrypt.__about__.__version__
              ^^^^^^^^^^^^^^^^^
AttributeError: module 'bcrypt' has no attribute '__about__'
2025-11-23 20:47:00 - passlib.handlers.bcrypt - WARNING - (trapped) error reading bcrypt version
Traceback (most recent call last):
  File "C:\Users\User\Desktop\Croco Sushi\.venv\Lib\site-packages\passlib\handlers\bcrypt.py", line 620, in _load_backend_mixin
    version = _bcrypt.__about__.__version__
              ^^^^^^^^^^^^^^^^^
AttributeError: module 'bcrypt' has no attribute '__about__'
2025-11-23 20:47:00 - passlib.handlers.bcrypt - WARNING - (trapped) error reading bcrypt version
Traceback (most recent call last):
  File "C:\Users\User\Desktop\Croco Sushi\.venv\Lib\site-packages\passlib\handlers\bcrypt.py", line 620, in _load_backend_mixin
    version = _bcrypt.__about__.__version__
              ^^^^^^^^^^^^^^^^^
AttributeError: module 'bcrypt' has no attribute '__about__'
2025-11-23 20:47:00 - passlib.handlers.bcrypt - WARNING - (trapped) error reading bcrypt version
Traceback (most recent call last):
  File "C:\Users\User\Desktop\Croco Sushi\.venv\Lib\site-packages\passlib\handlers\bcrypt.py", line 620, in _load_backend_mixin
    version = _bcrypt.__about__.__version__
              ^^^^^^^^^^^^^^^^^
AttributeError: module 'bcrypt' has no attribute '__about__'
2025-11-23 20:47:01 - passlib.handlers.bcrypt - WARNING - (trapped) error reading bcrypt version
Traceback (most recent call last):
  File "C:\Users\User\Desktop\Croco Sushi\.venv\Lib\site-packages\passlib\handlers\bcrypt.py", line 620, in _load_backend_mixin
    version = _bcrypt.__about__.__version__
              ^^^^^^^^^^^^^^^^^
AttributeError: module 'bcrypt' has no attribute '__about__'
2025-11-23 20:47:01 - httpx - INFO - HTTP Request: GET http://test/api/v1/products/ "HTTP/1.1 200 OK"
2025-11-23 20:47:01 - httpx - INFO - HTTP Request: GET http://test/api/v1/products?category_id=1 "HTTP/1.1 307 Temporary Redirect"
2025-11-23 20:47:01 - httpx - INFO - HTTP Request: GET http://test/api/v1/products?search=Test%20 "HTTP/1.1 307 Temporary Redirect"
2025-11-23 20:47:01 - httpx - INFO - HTTP Request: GET http://test/api/v1/products?skip=0&limit=2/ "HTTP/1.1 307 Temporary Redirect"
2025-11-23 20:47:01 - httpx - INFO - HTTP Request: GET http://test/api/v1/products/?skip=0&limit=2/ "HTTP/1.1 422 Unprocessable Entity"
2025-11-23 20:47:01 - httpx - INFO - HTTP Request: GET http://test/api/v1/products/test-product "HTTP/1.1 200 OK"
2025-11-23 20:47:01 - httpx - INFO - HTTP Request: GET http://test/api/v1/products/nonexistent-product-slug-12345 "HTTP/1.1 404 Not Found"
2025-11-23 20:47:01 - httpx - INFO - HTTP Request: GET http://test/api/v1/products/ "HTTP/1.1 200 OK"
2025-11-23 20:47:01 - httpx - INFO - HTTP Request: GET http://test/api/v1/products/popular?limit=10 "HTTP/1.1 200 OK"
2025-11-23 20:47:01 - httpx - INFO - HTTP Request: GET http://test/api/v1/products?is_new=true/ "HTTP/1.1 307 Temporary Redirect"
2025-11-23 20:47:01 - httpx - INFO - HTTP Request: GET http://test/api/v1/products/?is_new=true/ "HTTP/1.1 422 Unprocessable Entity"
2025-11-23 20:47:01 - httpx - INFO - HTTP Request: GET http://test/api/v1/products/1/recommendations?limit=4 "HTTP/1.1 200 OK"
2025-11-23 20:47:01 - httpx - INFO - HTTP Request: GET http://test/api/v1/products/99999/recommendations?limit=4 "HTTP/1.1 404 Not Found"
2025-11-23 20:47:01 - httpx - INFO - HTTP Request: GET http://test/api/v1/products?category_id=1&is_new=true&is_popular=true "HTTP/1.1 307 Temporary Redirect"
2025-11-23 20:47:01 - httpx - INFO - HTTP Request: GET http://test/api/v1/products?limit=1000/ "HTTP/1.1 307 Temporary Redirect"
2025-11-23 20:47:01 - httpx - INFO - HTTP Request: GET http://test/api/v1/products/?limit=1000/ "HTTP/1.1 422 Unprocessable Entity"
2025-11-23 20:47:01 - httpx - INFO - HTTP Request: GET http://test/api/v1/products?skip=-1/ "HTTP/1.1 307 Temporary Redirect"
2025-11-23 20:47:01 - httpx - INFO - HTTP Request: GET http://test/api/v1/products/?skip=-1/ "HTTP/1.1 422 Unprocessable Entity"
2025-11-23 20:47:01 - httpx - INFO - HTTP Request: GET http://test/api/v1/products/test-product "HTTP/1.1 200 OK"
2025-11-23 20:47:02 - httpx - INFO - HTTP Request: GET http://test/api/v1/promotions/ "HTTP/1.1 200 OK"
2025-11-23 20:47:02 - httpx - INFO - HTTP Request: GET http://test/api/v1/promotions/special-promotion "HTTP/1.1 200 OK"
2025-11-23 20:47:02 - httpx - INFO - HTTP Request: GET http://test/api/v1/promotions/nonexistent-promotion-slug-12345 "HTTP/1.1 404 Not Found"
2025-11-23 20:47:02 - httpx - INFO - HTTP Request: GET http://test/api/v1/promotions/ "HTTP/1.1 200 OK"
2025-11-23 20:47:02 - httpx - INFO - HTTP Request: GET http://test/api/v1/promotions/ "HTTP/1.1 200 OK"
2025-11-23 20:47:02 - httpx - INFO - HTTP Request: GET http://test/api/v1/promotions/limited-promotion "HTTP/1.1 200 OK"
2025-11-23 20:47:02 - httpx - INFO - HTTP Request: GET http://test/api/v1/promotions/?category_id=1 "HTTP/1.1 200 OK"
2025-11-23 20:47:02 - httpx - INFO - HTTP Request: GET http://test/api/v1/promotions/?product_id=1 "HTTP/1.1 200 OK"
2025-11-23 20:47:02 - httpx - INFO - HTTP Request: GET http://test/api/v1/promotions/?skip=0&limit=2 "HTTP/1.1 200 OK"
2025-11-23 20:47:02 - httpx - INFO - HTTP Request: GET http://test/api/v1/promotions/ "HTTP/1.1 200 OK"
2025-11-23 20:47:02 - passlib.handlers.bcrypt - WARNING - (trapped) error reading bcrypt version
Traceback (most recent call last):
  File "C:\Users\User\Desktop\Croco Sushi\.venv\Lib\site-packages\passlib\handlers\bcrypt.py", line 620, in _load_backend_mixin
    version = _bcrypt.__about__.__version__
              ^^^^^^^^^^^^^^^^^
AttributeError: module 'bcrypt' has no attribute '__about__'
2025-11-23 20:47:02 - passlib.handlers.bcrypt - WARNING - (trapped) error reading bcrypt version
Traceback (most recent call last):
  File "C:\Users\User\Desktop\Croco Sushi\.venv\Lib\site-packages\passlib\handlers\bcrypt.py", line 620, in _load_backend_mixin
    version = _bcrypt.__about__.__version__
              ^^^^^^^^^^^^^^^^^
AttributeError: module 'bcrypt' has no attribute '__about__'
2025-11-23 20:47:02 - passlib.handlers.bcrypt - WARNING - (trapped) error reading bcrypt version
Traceback (most recent call last):
  File "C:\Users\User\Desktop\Croco Sushi\.venv\Lib\site-packages\passlib\handlers\bcrypt.py", line 620, in _load_backend_mixin
    version = _bcrypt.__about__.__version__
              ^^^^^^^^^^^^^^^^^
AttributeError: module 'bcrypt' has no attribute '__about__'
2025-11-23 20:47:03 - passlib.handlers.bcrypt - WARNING - (trapped) error reading bcrypt version
Traceback (most recent call last):
  File "C:\Users\User\Desktop\Croco Sushi\.venv\Lib\site-packages\passlib\handlers\bcrypt.py", line 620, in _load_backend_mixin
    version = _bcrypt.__about__.__version__
              ^^^^^^^^^^^^^^^^^
AttributeError: module 'bcrypt' has no attribute '__about__'
2025-11-23 20:47:03 - passlib.handlers.bcrypt - WARNING - (trapped) error reading bcrypt version
Traceback (most recent call last):
  File "C:\Users\User\Desktop\Croco Sushi\.venv\Lib\site-packages\passlib\handlers\bcrypt.py", line 620, in _load_backend_mixin
    version = _bcrypt.__about__.__version__
              ^^^^^^^^^^^^^^^^^
AttributeError: module 'bcrypt' has no attribute '__about__'
2025-11-23 20:47:03 - passlib.handlers.bcrypt - WARNING - (trapped) error reading bcrypt version
Traceback (most recent call last):
  File "C:\Users\User\Desktop\Croco Sushi\.venv\Lib\site-packages\passlib\handlers\bcrypt.py", line 620, in _load_backend_mixin
    version = _bcrypt.__about__.__version__
              ^^^^^^^^^^^^^^^^^
AttributeError: module 'bcrypt' has no attribute '__about__'
2025-11-23 20:47:03 - passlib.handlers.bcrypt - WARNING - (trapped) error reading bcrypt version
Traceback (most recent call last):
  File "C:\Users\User\Desktop\Croco Sushi\.venv\Lib\site-packages\passlib\handlers\bcrypt.py", line 620, in _load_backend_mixin
    version = _bcrypt.__about__.__version__
              ^^^^^^^^^^^^^^^^^
AttributeError: module 'bcrypt' has no attribute '__about__'
2025-11-23 20:47:03 - passlib.handlers.bcrypt - WARNING - (trapped) error reading bcrypt version
Traceback (most recent call last):
  File "C:\Users\User\Desktop\Croco Sushi\.venv\Lib\site-packages\passlib\handlers\bcrypt.py", line 620, in _load_backend_mixin
    version = _bcrypt.__about__.__version__
              ^^^^^^^^^^^^^^^^^
AttributeError: module 'bcrypt' has no attribute '__about__'
2025-11-23 20:47:03 - passlib.handlers.bcrypt - WARNING - (trapped) error reading bcrypt version
Traceback (most recent call last):
  File "C:\Users\User\Desktop\Croco Sushi\.venv\Lib\site-packages\passlib\handlers\bcrypt.py", line 620, in _load_backend_mixin
    version = _bcrypt.__about__.__version__
              ^^^^^^^^^^^^^^^^^
AttributeError: module 'bcrypt' has no attribute '__about__'
2025-11-23 20:47:03 - passlib.handlers.bcrypt - WARNING - (trapped) error reading bcrypt version
Traceback (most recent call last):
  File "C:\Users\User\Desktop\Croco Sushi\.venv\Lib\site-packages\passlib\handlers\bcrypt.py", line 620, in _load_backend_mixin
    version = _bcrypt.__about__.__version__
              ^^^^^^^^^^^^^^^^^
AttributeError: module 'bcrypt' has no attribute '__about__'
2025-11-23 20:47:03 - passlib.handlers.bcrypt - WARNING - (trapped) error reading bcrypt version
Traceback (most recent call last):
  File "C:\Users\User\Desktop\Croco Sushi\.venv\Lib\site-packages\passlib\handlers\bcrypt.py", line 620, in _load_backend_mixin
    version = _bcrypt.__about__.__version__
              ^^^^^^^^^^^^^^^^^
AttributeError: module 'bcrypt' has no attribute '__about__'
2025-11-23 20:47:03 - passlib.handlers.bcrypt - WARNING - (trapped) error reading bcrypt version
Traceback (most recent call last):
  File "C:\Users\User\Desktop\Croco Sushi\.venv\Lib\site-packages\passlib\handlers\bcrypt.py", line 620, in _load_backend_mixin
    version = _bcrypt.__about__.__version__
              ^^^^^^^^^^^^^^^^^
AttributeError: module 'bcrypt' has no attribute '__about__'
2025-11-23 20:47:03 - passlib.handlers.bcrypt - WARNING - (trapped) error reading bcrypt version
Traceback (most recent call last):
  File "C:\Users\User\Desktop\Croco Sushi\.venv\Lib\site-packages\passlib\handlers\bcrypt.py", line 620, in _load_backend_mixin
    version = _bcrypt.__about__.__version__
              ^^^^^^^^^^^^^^^^^
AttributeError: module 'bcrypt' has no attribute '__about__'
2025-11-23 20:47:21 - httpx - INFO - HTTP Request: GET http://test/api/v1/admin/users "HTTP/1.1 403 Forbidden"
2025-11-23 20:47:21 - passlib.handlers.bcrypt - WARNING - (trapped) error reading bcrypt version
Traceback (most recent call last):
  File "C:\Users\User\Desktop\Croco Sushi\.venv\Lib\site-packages\passlib\handlers\bcrypt.py", line 620, in _load_backend_mixin
    version = _bcrypt.__about__.__version__
              ^^^^^^^^^^^^^^^^^
AttributeError: module 'bcrypt' has no attribute '__about__'
2025-11-23 20:47:21 - passlib.handlers.bcrypt - WARNING - (trapped) error reading bcrypt version
Traceback (most recent call last):
  File "C:\Users\User\Desktop\Croco Sushi\.venv\Lib\site-packages\passlib\handlers\bcrypt.py", line 620, in _load_backend_mixin
    version = _bcrypt.__about__.__version__
              ^^^^^^^^^^^^^^^^^
AttributeError: module 'bcrypt' has no attribute '__about__'
2025-11-23 20:47:22 - passlib.handlers.bcrypt - WARNING - (trapped) error reading bcrypt version
Traceback (most recent call last):
  File "C:\Users\User\Desktop\Croco Sushi\.venv\Lib\site-packages\passlib\handlers\bcrypt.py", line 620, in _load_backend_mixin
    version = _bcrypt.__about__.__version__
              ^^^^^^^^^^^^^^^^^
AttributeError: module 'bcrypt' has no attribute '__about__'
2025-11-23 20:47:22 - passlib.handlers.bcrypt - WARNING - (trapped) error reading bcrypt version
Traceback (most recent call last):
  File "C:\Users\User\Desktop\Croco Sushi\.venv\Lib\site-packages\passlib\handlers\bcrypt.py", line 620, in _load_backend_mixin
    version = _bcrypt.__about__.__version__
              ^^^^^^^^^^^^^^^^^
AttributeError: module 'bcrypt' has no attribute '__about__'
2025-11-23 20:47:22 - passlib.handlers.bcrypt - WARNING - (trapped) error reading bcrypt version
Traceback (most recent call last):
  File "C:\Users\User\Desktop\Croco Sushi\.venv\Lib\site-packages\passlib\handlers\bcrypt.py", line 620, in _load_backend_mixin
    version = _bcrypt.__about__.__version__
              ^^^^^^^^^^^^^^^^^
AttributeError: module 'bcrypt' has no attribute '__about__'
2025-11-23 20:47:23 - passlib.handlers.bcrypt - WARNING - (trapped) error reading bcrypt version
Traceback (most recent call last):
  File "C:\Users\User\Desktop\Croco Sushi\.venv\Lib\site-packages\passlib\handlers\bcrypt.py", line 620, in _load_backend_mixin
    version = _bcrypt.__about__.__version__
              ^^^^^^^^^^^^^^^^^
AttributeError: module 'bcrypt' has no attribute '__about__'
2025-11-23 20:47:23 - passlib.handlers.bcrypt - WARNING - (trapped) error reading bcrypt version
Traceback (most recent call last):
  File "C:\Users\User\Desktop\Croco Sushi\.venv\Lib\site-packages\passlib\handlers\bcrypt.py", line 620, in _load_backend_mixin
    version = _bcrypt.__about__.__version__
              ^^^^^^^^^^^^^^^^^
AttributeError: module 'bcrypt' has no attribute '__about__'
2025-11-23 20:47:23 - httpx - INFO - HTTP Request: POST http://test/api/v1/auth/register "HTTP/1.1 400 Bad Request"
2025-11-23 20:47:23 - passlib.handlers.bcrypt - WARNING - (trapped) error reading bcrypt version
Traceback (most recent call last):
  File "C:\Users\User\Desktop\Croco Sushi\.venv\Lib\site-packages\passlib\handlers\bcrypt.py", line 620, in _load_backend_mixin
    version = _bcrypt.__about__.__version__
              ^^^^^^^^^^^^^^^^^
AttributeError: module 'bcrypt' has no attribute '__about__'
2025-11-23 20:47:23 - passlib.handlers.bcrypt - WARNING - (trapped) error reading bcrypt version
Traceback (most recent call last):
  File "C:\Users\User\Desktop\Croco Sushi\.venv\Lib\site-packages\passlib\handlers\bcrypt.py", line 620, in _load_backend_mixin
    version = _bcrypt.__about__.__version__
              ^^^^^^^^^^^^^^^^^
AttributeError: module 'bcrypt' has no attribute '__about__'
2025-11-23 20:47:24 - httpx - INFO - HTTP Request: POST http://test/api/v1/auth/register "HTTP/1.1 422 Unprocessable Entity"
2025-11-23 20:47:24 - httpx - INFO - HTTP Request: POST http://test/api/v1/auth/register "HTTP/1.1 422 Unprocessable Entity"
2025-11-23 20:47:24 - passlib.handlers.bcrypt - WARNING - (trapped) error reading bcrypt version
Traceback (most recent call last):
  File "C:\Users\User\Desktop\Croco Sushi\.venv\Lib\site-packages\passlib\handlers\bcrypt.py", line 620, in _load_backend_mixin
    version = _bcrypt.__about__.__version__
              ^^^^^^^^^^^^^^^^^
AttributeError: module 'bcrypt' has no attribute '__about__'
2025-11-23 20:47:24 - passlib.handlers.bcrypt - WARNING - (trapped) error reading bcrypt version
Traceback (most recent call last):
  File "C:\Users\User\Desktop\Croco Sushi\.venv\Lib\site-packages\passlib\handlers\bcrypt.py", line 620, in _load_backend_mixin
    version = _bcrypt.__about__.__version__
              ^^^^^^^^^^^^^^^^^
AttributeError: module 'bcrypt' has no attribute '__about__'
2025-11-23 20:47:24 - httpx - INFO - HTTP Request: POST http://test/api/v1/auth/login "HTTP/1.1 401 Unauthorized"
2025-11-23 20:47:24 - passlib.handlers.bcrypt - WARNING - (trapped) error reading bcrypt version
Traceback (most recent call last):
  File "C:\Users\User\Desktop\Croco Sushi\.venv\Lib\site-packages\passlib\handlers\bcrypt.py", line 620, in _load_backend_mixin
    version = _bcrypt.__about__.__version__
              ^^^^^^^^^^^^^^^^^
AttributeError: module 'bcrypt' has no attribute '__about__'
2025-11-23 20:47:25 - passlib.handlers.bcrypt - WARNING - (trapped) error reading bcrypt version
Traceback (most recent call last):
  File "C:\Users\User\Desktop\Croco Sushi\.venv\Lib\site-packages\passlib\handlers\bcrypt.py", line 620, in _load_backend_mixin
    version = _bcrypt.__about__.__version__
              ^^^^^^^^^^^^^^^^^
AttributeError: module 'bcrypt' has no attribute '__about__'
2025-11-23 20:47:25 - httpx - INFO - HTTP Request: POST http://test/api/v1/auth/refresh "HTTP/1.1 401 Unauthorized"
2025-11-23 20:47:25 - passlib.handlers.bcrypt - WARNING - (trapped) error reading bcrypt version
Traceback (most recent call last):
  File "C:\Users\User\Desktop\Croco Sushi\.venv\Lib\site-packages\passlib\handlers\bcrypt.py", line 620, in _load_backend_mixin
    version = _bcrypt.__about__.__version__
              ^^^^^^^^^^^^^^^^^
AttributeError: module 'bcrypt' has no attribute '__about__'
2025-11-23 20:47:25 - httpx - INFO - HTTP Request: GET http://test/api/v1/users/me "HTTP/1.1 403 Forbidden"
2025-11-23 20:47:25 - passlib.handlers.bcrypt - WARNING - (trapped) error reading bcrypt version
Traceback (most recent call last):
  File "C:\Users\User\Desktop\Croco Sushi\.venv\Lib\site-packages\passlib\handlers\bcrypt.py", line 620, in _load_backend_mixin
    version = _bcrypt.__about__.__version__
              ^^^^^^^^^^^^^^^^^
AttributeError: module 'bcrypt' has no attribute '__about__'
2025-11-23 20:47:25 - passlib.handlers.bcrypt - WARNING - (trapped) error reading bcrypt version
Traceback (most recent call last):
  File "C:\Users\User\Desktop\Croco Sushi\.venv\Lib\site-packages\passlib\handlers\bcrypt.py", line 620, in _load_backend_mixin
    version = _bcrypt.__about__.__version__
              ^^^^^^^^^^^^^^^^^
AttributeError: module 'bcrypt' has no attribute '__about__'
2025-11-23 20:47:26 - passlib.handlers.bcrypt - WARNING - (trapped) error reading bcrypt version
Traceback (most recent call last):
  File "C:\Users\User\Desktop\Croco Sushi\.venv\Lib\site-packages\passlib\handlers\bcrypt.py", line 620, in _load_backend_mixin
    version = _bcrypt.__about__.__version__
              ^^^^^^^^^^^^^^^^^
AttributeError: module 'bcrypt' has no attribute '__about__'
2025-11-23 20:47:26 - passlib.handlers.bcrypt - WARNING - (trapped) error reading bcrypt version
Traceback (most recent call last):
  File "C:\Users\User\Desktop\Croco Sushi\.venv\Lib\site-packages\passlib\handlers\bcrypt.py", line 620, in _load_backend_mixin
    version = _bcrypt.__about__.__version__
              ^^^^^^^^^^^^^^^^^
AttributeError: module 'bcrypt' has no attribute '__about__'
2025-11-23 20:47:26 - passlib.handlers.bcrypt - WARNING - (trapped) error reading bcrypt version
Traceback (most recent call last):
  File "C:\Users\User\Desktop\Croco Sushi\.venv\Lib\site-packages\passlib\handlers\bcrypt.py", line 620, in _load_backend_mixin
    version = _bcrypt.__about__.__version__
              ^^^^^^^^^^^^^^^^^
AttributeError: module 'bcrypt' has no attribute '__about__'
2025-11-23 20:47:27 - httpx - INFO - HTTP Request: POST http://test/api/v1/auth/send-sms "HTTP/1.1 400 Bad Request"
2025-11-23 20:47:27 - httpx - INFO - HTTP Request: POST http://test/api/v1/auth/verify-sms "HTTP/1.1 401 Unauthorized"
2025-11-23 20:47:27 - passlib.handlers.bcrypt - WARNING - (trapped) error reading bcrypt version
Traceback (most recent call last):
  File "C:\Users\User\Desktop\Croco Sushi\.venv\Lib\site-packages\passlib\handlers\bcrypt.py", line 620, in _load_backend_mixin
    version = _bcrypt.__about__.__version__
              ^^^^^^^^^^^^^^^^^
AttributeError: module 'bcrypt' has no attribute '__about__'
2025-11-23 20:47:27 - httpx - INFO - HTTP Request: POST http://test/api/v1/auth/reset-password "HTTP/1.1 404 Not Found"
2025-11-23 20:47:27 - httpx - INFO - HTTP Request: GET http://test/api/v1/categories/ "HTTP/1.1 200 OK"
2025-11-23 20:47:27 - httpx - INFO - HTTP Request: GET http://test/api/v1/categories/test-category "HTTP/1.1 200 OK"
2025-11-23 20:47:27 - httpx - INFO - HTTP Request: GET http://test/api/v1/categories/nonexistent-category-slug-12345 "HTTP/1.1 404 Not Found"
2025-11-23 20:47:27 - httpx - INFO - HTTP Request: GET http://test/api/v1/categories/ "HTTP/1.1 200 OK"
2025-11-23 20:47:27 - httpx - INFO - HTTP Request: GET http://test/api/v1/categories/test-category "HTTP/1.1 200 OK"
2025-11-23 20:47:27 - httpx - INFO - HTTP Request: GET http://test/api/v1/categories/ "HTTP/1.1 200 OK"
2025-11-23 20:47:27 - httpx - INFO - HTTP Request: GET http://test/api/v1/categories?skip=0&limit=2/ "HTTP/1.1 307 Temporary Redirect"
2025-11-23 20:47:27 - httpx - INFO - HTTP Request: GET http://test/api/v1/categories/?skip=0&limit=2/ "HTTP/1.1 422 Unprocessable Entity"
2025-11-23 20:47:28 - httpx - INFO - HTTP Request: GET http://test/api/v1/categories/category-with-image "HTTP/1.1 200 OK"
2025-11-23 20:47:28 - httpx - INFO - HTTP Request: GET http://test/api/v1/categories/test-category "HTTP/1.1 200 OK"
2025-11-23 20:47:28 - passlib.handlers.bcrypt - WARNING - (trapped) error reading bcrypt version
Traceback (most recent call last):
  File "C:\Users\User\Desktop\Croco Sushi\.venv\Lib\site-packages\passlib\handlers\bcrypt.py", line 620, in _load_backend_mixin
    version = _bcrypt.__about__.__version__
              ^^^^^^^^^^^^^^^^^
AttributeError: module 'bcrypt' has no attribute '__about__'
2025-11-23 20:47:28 - passlib.handlers.bcrypt - WARNING - (trapped) error reading bcrypt version
Traceback (most recent call last):
  File "C:\Users\User\Desktop\Croco Sushi\.venv\Lib\site-packages\passlib\handlers\bcrypt.py", line 620, in _load_backend_mixin
    version = _bcrypt.__about__.__version__
              ^^^^^^^^^^^^^^^^^
AttributeError: module 'bcrypt' has no attribute '__about__'
2025-11-23 20:47:28 - passlib.handlers.bcrypt - WARNING - (trapped) error reading bcrypt version
Traceback (most recent call last):
  File "C:\Users\User\Desktop\Croco Sushi\.venv\Lib\site-packages\passlib\handlers\bcrypt.py", line 620, in _load_backend_mixin
    version = _bcrypt.__about__.__version__
              ^^^^^^^^^^^^^^^^^
AttributeError: module 'bcrypt' has no attribute '__about__'
2025-11-23 20:47:28 - passlib.handlers.bcrypt - WARNING - (trapped) error reading bcrypt version
Traceback (most recent call last):
  File "C:\Users\User\Desktop\Croco Sushi\.venv\Lib\site-packages\passlib\handlers\bcrypt.py", line 620, in _load_backend_mixin
    version = _bcrypt.__about__.__version__
              ^^^^^^^^^^^^^^^^^
AttributeError: module 'bcrypt' has no attribute '__about__'
2025-11-23 20:47:29 - passlib.handlers.bcrypt - WARNING - (trapped) error reading bcrypt version
Traceback (most recent call last):
  File "C:\Users\User\Desktop\Croco Sushi\.venv\Lib\site-packages\passlib\handlers\bcrypt.py", line 620, in _load_backend_mixin
    version = _bcrypt.__about__.__version__
              ^^^^^^^^^^^^^^^^^
AttributeError: module 'bcrypt' has no attribute '__about__'
2025-11-23 20:47:29 - passlib.handlers.bcrypt - WARNING - (trapped) error reading bcrypt version
Traceback (most recent call last):
  File "C:\Users\User\Desktop\Croco Sushi\.venv\Lib\site-packages\passlib\handlers\bcrypt.py", line 620, in _load_backend_mixin
    version = _bcrypt.__about__.__version__
              ^^^^^^^^^^^^^^^^^
AttributeError: module 'bcrypt' has no attribute '__about__'
2025-11-23 20:47:29 - passlib.handlers.bcrypt - WARNING - (trapped) error reading bcrypt version
Traceback (most recent call last):
  File "C:\Users\User\Desktop\Croco Sushi\.venv\Lib\site-packages\passlib\handlers\bcrypt.py", line 620, in _load_backend_mixin
    version = _bcrypt.__about__.__version__
              ^^^^^^^^^^^^^^^^^
AttributeError: module 'bcrypt' has no attribute '__about__'
2025-11-23 20:47:29 - passlib.handlers.bcrypt - WARNING - (trapped) error reading bcrypt version
Traceback (most recent call last):
  File "C:\Users\User\Desktop\Croco Sushi\.venv\Lib\site-packages\passlib\handlers\bcrypt.py", line 620, in _load_backend_mixin
    version = _bcrypt.__about__.__version__
              ^^^^^^^^^^^^^^^^^
AttributeError: module 'bcrypt' has no attribute '__about__'
2025-11-23 20:47:30 - passlib.handlers.bcrypt - WARNING - (trapped) error reading bcrypt version
Traceback (most recent call last):
  File "C:\Users\User\Desktop\Croco Sushi\.venv\Lib\site-packages\passlib\handlers\bcrypt.py", line 620, in _load_backend_mixin
    version = _bcrypt.__about__.__version__
              ^^^^^^^^^^^^^^^^^
AttributeError: module 'bcrypt' has no attribute '__about__'
2025-11-23 20:47:30 - passlib.handlers.bcrypt - WARNING - (trapped) error reading bcrypt version
Traceback (most recent call last):
  File "C:\Users\User\Desktop\Croco Sushi\.venv\Lib\site-packages\passlib\handlers\bcrypt.py", line 620, in _load_backend_mixin
    version = _bcrypt.__about__.__version__
              ^^^^^^^^^^^^^^^^^
AttributeError: module 'bcrypt' has no attribute '__about__'
2025-11-23 20:47:30 - passlib.handlers.bcrypt - WARNING - (trapped) error reading bcrypt version
Traceback (most recent call last):
  File "C:\Users\User\Desktop\Croco Sushi\.venv\Lib\site-packages\passlib\handlers\bcrypt.py", line 620, in _load_backend_mixin
    version = _bcrypt.__about__.__version__
              ^^^^^^^^^^^^^^^^^
AttributeError: module 'bcrypt' has no attribute '__about__'
2025-11-23 20:47:30 - passlib.handlers.bcrypt - WARNING - (trapped) error reading bcrypt version
Traceback (most recent call last):
  File "C:\Users\User\Desktop\Croco Sushi\.venv\Lib\site-packages\passlib\handlers\bcrypt.py", line 620, in _load_backend_mixin
    version = _bcrypt.__about__.__version__
              ^^^^^^^^^^^^^^^^^
AttributeError: module 'bcrypt' has no attribute '__about__'
2025-11-23 20:47:31 - passlib.handlers.bcrypt - WARNING - (trapped) error reading bcrypt version
Traceback (most recent call last):
  File "C:\Users\User\Desktop\Croco Sushi\.venv\Lib\site-packages\passlib\handlers\bcrypt.py", line 620, in _load_backend_mixin
    version = _bcrypt.__about__.__version__
              ^^^^^^^^^^^^^^^^^
AttributeError: module 'bcrypt' has no attribute '__about__'
2025-11-23 20:47:31 - passlib.handlers.bcrypt - WARNING - (trapped) error reading bcrypt version
Traceback (most recent call last):
  File "C:\Users\User\Desktop\Croco Sushi\.venv\Lib\site-packages\passlib\handlers\bcrypt.py", line 620, in _load_backend_mixin
    version = _bcrypt.__about__.__version__
              ^^^^^^^^^^^^^^^^^
AttributeError: module 'bcrypt' has no attribute '__about__'
2025-11-23 20:47:31 - httpx - INFO - HTTP Request: GET http://test/api/v1/products/ "HTTP/1.1 200 OK"
2025-11-23 20:47:31 - httpx - INFO - HTTP Request: GET http://test/api/v1/products?category_id=1 "HTTP/1.1 307 Temporary Redirect"
2025-11-23 20:47:31 - httpx - INFO - HTTP Request: GET http://test/api/v1/products?search=Test%20 "HTTP/1.1 307 Temporary Redirect"
2025-11-23 20:47:31 - httpx - INFO - HTTP Request: GET http://test/api/v1/products?skip=0&limit=2/ "HTTP/1.1 307 Temporary Redirect"
2025-11-23 20:47:31 - httpx - INFO - HTTP Request: GET http://test/api/v1/products/?skip=0&limit=2/ "HTTP/1.1 422 Unprocessable Entity"
2025-11-23 20:47:31 - httpx - INFO - HTTP Request: GET http://test/api/v1/products/test-product "HTTP/1.1 200 OK"
2025-11-23 20:47:31 - httpx - INFO - HTTP Request: GET http://test/api/v1/products/nonexistent-product-slug-12345 "HTTP/1.1 404 Not Found"
2025-11-23 20:47:32 - httpx - INFO - HTTP Request: GET http://test/api/v1/products/ "HTTP/1.1 200 OK"
2025-11-23 20:47:32 - httpx - INFO - HTTP Request: GET http://test/api/v1/products/popular?limit=10 "HTTP/1.1 200 OK"
2025-11-23 20:47:32 - httpx - INFO - HTTP Request: GET http://test/api/v1/products?is_new=true/ "HTTP/1.1 307 Temporary Redirect"
2025-11-23 20:47:32 - httpx - INFO - HTTP Request: GET http://test/api/v1/products/?is_new=true/ "HTTP/1.1 422 Unprocessable Entity"
2025-11-23 20:47:32 - httpx - INFO - HTTP Request: GET http://test/api/v1/products/1/recommendations?limit=4 "HTTP/1.1 200 OK"
2025-11-23 20:47:32 - httpx - INFO - HTTP Request: GET http://test/api/v1/products/99999/recommendations?limit=4 "HTTP/1.1 404 Not Found"
2025-11-23 20:47:32 - httpx - INFO - HTTP Request: GET http://test/api/v1/products?category_id=1&is_new=true&is_popular=true "HTTP/1.1 307 Temporary Redirect"
2025-11-23 20:47:32 - httpx - INFO - HTTP Request: GET http://test/api/v1/products?limit=1000/ "HTTP/1.1 307 Temporary Redirect"
2025-11-23 20:47:32 - httpx - INFO - HTTP Request: GET http://test/api/v1/products/?limit=1000/ "HTTP/1.1 422 Unprocessable Entity"
2025-11-23 20:47:32 - httpx - INFO - HTTP Request: GET http://test/api/v1/products?skip=-1/ "HTTP/1.1 307 Temporary Redirect"
2025-11-23 20:47:32 - httpx - INFO - HTTP Request: GET http://test/api/v1/products/?skip=-1/ "HTTP/1.1 422 Unprocessable Entity"
2025-11-23 20:47:32 - httpx - INFO - HTTP Request: GET http://test/api/v1/products/test-product "HTTP/1.1 200 OK"
2025-11-23 20:47:32 - httpx - INFO - HTTP Request: GET http://test/api/v1/promotions/ "HTTP/1.1 200 OK"
2025-11-23 20:47:32 - httpx - INFO - HTTP Request: GET http://test/api/v1/promotions/special-promotion "HTTP/1.1 200 OK"
2025-11-23 20:47:32 - httpx - INFO - HTTP Request: GET http://test/api/v1/promotions/nonexistent-promotion-slug-12345 "HTTP/1.1 404 Not Found"
2025-11-23 20:47:32 - httpx - INFO - HTTP Request: GET http://test/api/v1/promotions/ "HTTP/1.1 200 OK"
2025-11-23 20:47:32 - httpx - INFO - HTTP Request: GET http://test/api/v1/promotions/ "HTTP/1.1 200 OK"
2025-11-23 20:47:32 - httpx - INFO - HTTP Request: GET http://test/api/v1/promotions/limited-promotion "HTTP/1.1 200 OK"
2025-11-23 20:47:32 - httpx - INFO - HTTP Request: GET http://test/api/v1/promotions/?category_id=1 "HTTP/1.1 200 OK"
2025-11-23 20:47:33 - httpx - INFO - HTTP Request: GET http://test/api/v1/promotions/?product_id=1 "HTTP/1.1 200 OK"
2025-11-23 20:47:33 - httpx - INFO - HTTP Request: GET http://test/api/v1/promotions/?skip=0&limit=2 "HTTP/1.1 200 OK"
2025-11-23 20:47:33 - httpx - INFO - HTTP Request: GET http://test/api/v1/promotions/ "HTTP/1.1 200 OK"
2025-11-23 20:47:33 - passlib.handlers.bcrypt - WARNING - (trapped) error reading bcrypt version
Traceback (most recent call last):
  File "C:\Users\User\Desktop\Croco Sushi\.venv\Lib\site-packages\passlib\handlers\bcrypt.py", line 620, in _load_backend_mixin
    version = _bcrypt.__about__.__version__
              ^^^^^^^^^^^^^^^^^
AttributeError: module 'bcrypt' has no attribute '__about__'
2025-11-23 20:47:33 - passlib.handlers.bcrypt - WARNING - (trapped) error reading bcrypt version
Traceback (most recent call last):
  File "C:\Users\User\Desktop\Croco Sushi\.venv\Lib\site-packages\passlib\handlers\bcrypt.py", line 620, in _load_backend_mixin
    version = _bcrypt.__about__.__version__
              ^^^^^^^^^^^^^^^^^
AttributeError: module 'bcrypt' has no attribute '__about__'
2025-11-23 20:47:33 - passlib.handlers.bcrypt - WARNING - (trapped) error reading bcrypt version
Traceback (most recent call last):
  File "C:\Users\User\Desktop\Croco Sushi\.venv\Lib\site-packages\passlib\handlers\bcrypt.py", line 620, in _load_backend_mixin
    version = _bcrypt.__about__.__version__
              ^^^^^^^^^^^^^^^^^
AttributeError: module 'bcrypt' has no attribute '__about__'
2025-11-23 20:47:33 - passlib.handlers.bcrypt - WARNING - (trapped) error reading bcrypt version
Traceback (most recent call last):
  File "C:\Users\User\Desktop\Croco Sushi\.venv\Lib\site-packages\passlib\handlers\bcrypt.py", line 620, in _load_backend_mixin
    version = _bcrypt.__about__.__version__
              ^^^^^^^^^^^^^^^^^
AttributeError: module 'bcrypt' has no attribute '__about__'
2025-11-23 20:47:34 - passlib.handlers.bcrypt - WARNING - (trapped) error reading bcrypt version
Traceback (most recent call last):
  File "C:\Users\User\Desktop\Croco Sushi\.venv\Lib\site-packages\passlib\handlers\bcrypt.py", line 620, in _load_backend_mixin
    version = _bcrypt.__about__.__version__
              ^^^^^^^^^^^^^^^^^
AttributeError: module 'bcrypt' has no attribute '__about__'
2025-11-23 20:47:34 - passlib.handlers.bcrypt - WARNING - (trapped) error reading bcrypt version
Traceback (most recent call last):
  File "C:\Users\User\Desktop\Croco Sushi\.venv\Lib\site-packages\passlib\handlers\bcrypt.py", line 620, in _load_backend_mixin
    version = _bcrypt.__about__.__version__
              ^^^^^^^^^^^^^^^^^
AttributeError: module 'bcrypt' has no attribute '__about__'
2025-11-23 20:47:34 - passlib.handlers.bcrypt - WARNING - (trapped) error reading bcrypt version
Traceback (most recent call last):
  File "C:\Users\User\Desktop\Croco Sushi\.venv\Lib\site-packages\passlib\handlers\bcrypt.py", line 620, in _load_backend_mixin
    version = _bcrypt.__about__.__version__
              ^^^^^^^^^^^^^^^^^
AttributeError: module 'bcrypt' has no attribute '__about__'
2025-11-23 20:47:35 - passlib.handlers.bcrypt - WARNING - (trapped) error reading bcrypt version
Traceback (most recent call last):
  File "C:\Users\User\Desktop\Croco Sushi\.venv\Lib\site-packages\passlib\handlers\bcrypt.py", line 620, in _load_backend_mixin
    version = _bcrypt.__about__.__version__
              ^^^^^^^^^^^^^^^^^
AttributeError: module 'bcrypt' has no attribute '__about__'
2025-11-23 20:47:35 - passlib.handlers.bcrypt - WARNING - (trapped) error reading bcrypt version
Traceback (most recent call last):
  File "C:\Users\User\Desktop\Croco Sushi\.venv\Lib\site-packages\passlib\handlers\bcrypt.py", line 620, in _load_backend_mixin
    version = _bcrypt.__about__.__version__
              ^^^^^^^^^^^^^^^^^
AttributeError: module 'bcrypt' has no attribute '__about__'
2025-11-23 20:47:35 - passlib.handlers.bcrypt - WARNING - (trapped) error reading bcrypt version
Traceback (most recent call last):
  File "C:\Users\User\Desktop\Croco Sushi\.venv\Lib\site-packages\passlib\handlers\bcrypt.py", line 620, in _load_backend_mixin
    version = _bcrypt.__about__.__version__
              ^^^^^^^^^^^^^^^^^
AttributeError: module 'bcrypt' has no attribute '__about__'
2025-11-23 20:47:36 - passlib.handlers.bcrypt - WARNING - (trapped) error reading bcrypt version
Traceback (most recent call last):
  File "C:\Users\User\Desktop\Croco Sushi\.venv\Lib\site-packages\passlib\handlers\bcrypt.py", line 620, in _load_backend_mixin
    version = _bcrypt.__about__.__version__
              ^^^^^^^^^^^^^^^^^
AttributeError: module 'bcrypt' has no attribute '__about__'
2025-11-23 20:47:36 - passlib.handlers.bcrypt - WARNING - (trapped) error reading bcrypt version
Traceback (most recent call last):
  File "C:\Users\User\Desktop\Croco Sushi\.venv\Lib\site-packages\passlib\handlers\bcrypt.py", line 620, in _load_backend_mixin
    version = _bcrypt.__about__.__version__
              ^^^^^^^^^^^^^^^^^
AttributeError: module 'bcrypt' has no attribute '__about__'
2025-11-23 20:47:36 - passlib.handlers.bcrypt - WARNING - (trapped) error reading bcrypt version
Traceback (most recent call last):
  File "C:\Users\User\Desktop\Croco Sushi\.venv\Lib\site-packages\passlib\handlers\bcrypt.py", line 620, in _load_backend_mixin
    version = _bcrypt.__about__.__version__
              ^^^^^^^^^^^^^^^^^
AttributeError: module 'bcrypt' has no attribute '__about__'
2025-11-25 17:31:10 - httpx - INFO - HTTP Request: GET http://test/api/v1/admin/users "HTTP/1.1 403 Forbidden"
2025-11-25 17:31:10 - httpx - INFO - HTTP Request: GET http://test/api/v1/admin/users "HTTP/1.1 403 Forbidden"
2025-11-25 17:31:11 - httpx - INFO - HTTP Request: GET http://test/api/v1/admin/users "HTTP/1.1 200 OK"
2025-11-25 17:31:11 - httpx - INFO - HTTP Request: GET http://test/api/v1/admin/users/2 "HTTP/1.1 200 OK"
2025-11-25 17:31:12 - httpx - INFO - HTTP Request: POST http://test/api/v1/admin/products "HTTP/1.1 201 Created"
2025-11-25 17:31:12 - httpx - INFO - HTTP Request: PUT http://test/api/v1/admin/products/1 "HTTP/1.1 200 OK"
2025-11-25 17:31:13 - httpx - INFO - HTTP Request: DELETE http://test/api/v1/admin/products/1 "HTTP/1.1 204 No Content"
2025-11-25 17:31:13 - httpx - INFO - HTTP Request: POST http://test/api/v1/admin/users/2/add-bonus "HTTP/1.1 200 OK"
2025-11-25 17:31:13 - httpx - INFO - HTTP Request: POST http://test/api/v1/auth/register "HTTP/1.1 201 Created"
2025-11-25 17:31:14 - httpx - INFO - HTTP Request: POST http://test/api/v1/auth/register "HTTP/1.1 409 Conflict"
2025-11-25 17:31:14 - httpx - INFO - HTTP Request: POST http://test/api/v1/auth/register "HTTP/1.1 409 Conflict"
2025-11-25 17:31:15 - httpx - INFO - HTTP Request: POST http://test/api/v1/auth/register "HTTP/1.1 422 Unprocessable Entity"
2025-11-25 17:31:15 - httpx - INFO - HTTP Request: POST http://test/api/v1/auth/register "HTTP/1.1 422 Unprocessable Entity"
2025-11-25 17:31:15 - httpx - INFO - HTTP Request: POST http://test/api/v1/auth/login "HTTP/1.1 200 OK"
2025-11-25 17:31:16 - httpx - INFO - HTTP Request: POST http://test/api/v1/auth/login "HTTP/1.1 401 Unauthorized"
2025-11-25 17:31:16 - httpx - INFO - HTTP Request: POST http://test/api/v1/auth/login "HTTP/1.1 401 Unauthorized"
2025-11-25 17:31:16 - httpx - INFO - HTTP Request: POST http://test/api/v1/auth/login "HTTP/1.1 403 Forbidden"
2025-11-25 17:31:17 - httpx - INFO - HTTP Request: POST http://test/api/v1/auth/login "HTTP/1.1 200 OK"
2025-11-25 17:31:17 - httpx - INFO - HTTP Request: POST http://test/api/v1/auth/refresh "HTTP/1.1 401 Unauthorized"
2025-11-25 17:32:39 - httpx - INFO - HTTP Request: POST http://test/api/v1/auth/login "HTTP/1.1 200 OK"
2025-11-25 17:32:39 - httpx - INFO - HTTP Request: POST http://test/api/v1/auth/refresh "HTTP/1.1 200 OK"
2025-11-25 17:33:16 - httpx - INFO - HTTP Request: GET http://test/api/v1/admin/users "HTTP/1.1 403 Forbidden"
2025-11-25 17:33:17 - httpx - INFO - HTTP Request: GET http://test/api/v1/admin/users "HTTP/1.1 403 Forbidden"
2025-11-25 17:33:18 - httpx - INFO - HTTP Request: GET http://test/api/v1/admin/users "HTTP/1.1 200 OK"
2025-11-25 17:33:18 - httpx - INFO - HTTP Request: GET http://test/api/v1/admin/users/2 "HTTP/1.1 200 OK"
2025-11-25 17:33:19 - httpx - INFO - HTTP Request: POST http://test/api/v1/admin/products "HTTP/1.1 201 Created"
2025-11-25 17:33:19 - httpx - INFO - HTTP Request: PUT http://test/api/v1/admin/products/1 "HTTP/1.1 200 OK"
2025-11-25 17:33:19 - httpx - INFO - HTTP Request: DELETE http://test/api/v1/admin/products/1 "HTTP/1.1 204 No Content"
2025-11-25 17:33:20 - httpx - INFO - HTTP Request: POST http://test/api/v1/admin/users/2/add-bonus "HTTP/1.1 200 OK"
2025-11-25 17:33:20 - httpx - INFO - HTTP Request: POST http://test/api/v1/auth/register "HTTP/1.1 201 Created"
2025-11-25 17:33:21 - httpx - INFO - HTTP Request: POST http://test/api/v1/auth/register "HTTP/1.1 409 Conflict"
2025-11-25 17:33:21 - httpx - INFO - HTTP Request: POST http://test/api/v1/auth/register "HTTP/1.1 409 Conflict"
2025-11-25 17:33:21 - httpx - INFO - HTTP Request: POST http://test/api/v1/auth/register "HTTP/1.1 422 Unprocessable Entity"
2025-11-25 17:33:21 - httpx - INFO - HTTP Request: POST http://test/api/v1/auth/register "HTTP/1.1 422 Unprocessable Entity"
2025-11-25 17:33:22 - httpx - INFO - HTTP Request: POST http://test/api/v1/auth/login "HTTP/1.1 200 OK"
2025-11-25 17:33:22 - httpx - INFO - HTTP Request: POST http://test/api/v1/auth/login "HTTP/1.1 401 Unauthorized"
2025-11-25 17:33:23 - httpx - INFO - HTTP Request: POST http://test/api/v1/auth/login "HTTP/1.1 401 Unauthorized"
2025-11-25 17:33:23 - httpx - INFO - HTTP Request: POST http://test/api/v1/auth/login "HTTP/1.1 403 Forbidden"
2025-11-25 17:33:24 - httpx - INFO - HTTP Request: POST http://test/api/v1/auth/login "HTTP/1.1 200 OK"
2025-11-25 17:33:24 - httpx - INFO - HTTP Request: POST http://test/api/v1/auth/refresh "HTTP/1.1 200 OK"
2025-11-25 17:33:24 - httpx - INFO - HTTP Request: POST http://test/api/v1/auth/refresh "HTTP/1.1 401 Unauthorized"
2025-11-25 17:33:26 - httpx - INFO - HTTP Request: POST http://test/api/v1/auth/refresh "HTTP/1.1 200 OK"
2025-11-25 17:33:26 - httpx - INFO - HTTP Request: GET http://test/api/v1/users/me "HTTP/1.1 403 Forbidden"
2025-11-25 17:33:27 - httpx - INFO - HTTP Request: GET http://test/api/v1/users/me "HTTP/1.1 200 OK"
2025-11-25 17:33:27 - httpx - INFO - HTTP Request: POST http://test/api/v1/auth/change-password "HTTP/1.1 422 Unprocessable Entity"
2025-11-25 17:33:28 - httpx - INFO - HTTP Request: POST http://test/api/v1/auth/change-password "HTTP/1.1 422 Unprocessable Entity"
2025-11-25 17:33:28 - httpx - INFO - HTTP Request: POST http://test/api/v1/auth/change-password "HTTP/1.1 422 Unprocessable Entity"
2025-11-25 17:33:31 - httpx - INFO - HTTP Request: POST http://test/api/v1/auth/send-sms "HTTP/1.1 200 OK"
2025-11-25 17:33:31 - httpx - INFO - HTTP Request: POST http://test/api/v1/auth/verify-sms "HTTP/1.1 401 Unauthorized"
2025-11-25 17:33:32 - httpx - INFO - HTTP Request: POST http://test/api/v1/auth/reset-password "HTTP/1.1 404 Not Found"
2025-11-25 17:33:32 - httpx - INFO - HTTP Request: POST http://test/api/v1/auth/reset-password "HTTP/1.1 404 Not Found"
2025-11-25 17:33:32 - httpx - INFO - HTTP Request: GET http://test/api/v1/categories/ "HTTP/1.1 200 OK"
2025-11-25 17:33:32 - httpx - INFO - HTTP Request: GET http://test/api/v1/categories/test-category "HTTP/1.1 200 OK"
2025-11-25 17:33:32 - httpx - INFO - HTTP Request: GET http://test/api/v1/categories/nonexistent-category-slug-12345 "HTTP/1.1 404 Not Found"
2025-11-25 17:33:32 - httpx - INFO - HTTP Request: GET http://test/api/v1/categories/ "HTTP/1.1 200 OK"
2025-11-25 17:33:32 - httpx - INFO - HTTP Request: GET http://test/api/v1/categories/test-category "HTTP/1.1 200 OK"
2025-11-25 17:33:32 - httpx - INFO - HTTP Request: GET http://test/api/v1/categories/ "HTTP/1.1 200 OK"
2025-11-25 17:33:32 - httpx - INFO - HTTP Request: GET http://test/api/v1/categories?skip=0&limit=2 "HTTP/1.1 307 Temporary Redirect"
2025-11-25 17:33:32 - httpx - INFO - HTTP Request: GET http://test/api/v1/categories/?skip=0&limit=2 "HTTP/1.1 200 OK"
2025-11-25 17:33:32 - httpx - INFO - HTTP Request: GET http://test/api/v1/categories/category-with-image "HTTP/1.1 200 OK"
2025-11-25 17:33:32 - httpx - INFO - HTTP Request: GET http://test/api/v1/categories/test-category "HTTP/1.1 200 OK"
2025-11-25 17:33:33 - httpx - INFO - HTTP Request: POST http://test/api/v1/orders/ "HTTP/1.1 422 Unprocessable Entity"
2025-11-25 17:33:33 - httpx - INFO - HTTP Request: POST http://test/api/v1/orders/ "HTTP/1.1 422 Unprocessable Entity"
2025-11-25 17:33:34 - httpx - INFO - HTTP Request: POST http://test/api/v1/orders/ "HTTP/1.1 422 Unprocessable Entity"
2025-11-25 17:33:34 - httpx - INFO - HTTP Request: POST http://test/api/v1/orders/ "HTTP/1.1 422 Unprocessable Entity"
2025-11-25 17:33:34 - httpx - INFO - HTTP Request: POST http://test/api/v1/orders/ "HTTP/1.1 422 Unprocessable Entity"
2025-11-25 17:33:35 - httpx - INFO - HTTP Request: POST http://test/api/v1/orders/ "HTTP/1.1 422 Unprocessable Entity"
2025-11-25 17:33:35 - httpx - INFO - HTTP Request: GET http://test/api/v1/users/me/orders "HTTP/1.1 200 OK"
2025-11-25 17:33:35 - httpx - INFO - HTTP Request: GET http://test/api/v1/users/me/orders/1 "HTTP/1.1 200 OK"
2025-11-25 17:33:36 - httpx - INFO - HTTP Request: GET http://test/api/v1/users/me/orders/99999 "HTTP/1.1 404 Not Found"
2025-11-25 17:33:36 - httpx - INFO - HTTP Request: GET http://test/api/v1/users/me/orders/1 "HTTP/1.1 404 Not Found"
2025-11-25 17:33:37 - httpx - INFO - HTTP Request: PUT http://test/api/v1/users/me/orders/1/cancel "HTTP/1.1 200 OK"
2025-11-25 17:33:37 - httpx - INFO - HTTP Request: PUT http://test/api/v1/users/me/orders/1/cancel "HTTP/1.1 400 Bad Request"
2025-11-25 17:33:38 - httpx - INFO - HTTP Request: POST http://test/api/v1/users/me/orders/1/reorder "HTTP/1.1 201 Created"
2025-11-25 17:33:38 - httpx - INFO - HTTP Request: POST http://test/api/v1/orders/ "HTTP/1.1 422 Unprocessable Entity"
2025-11-25 17:33:38 - httpx - INFO - HTTP Request: GET http://test/api/v1/products/ "HTTP/1.1 200 OK"
2025-11-25 17:33:38 - httpx - INFO - HTTP Request: GET http://test/api/v1/products?category_id=1 "HTTP/1.1 307 Temporary Redirect"
2025-11-25 17:33:38 - httpx - INFO - HTTP Request: GET http://test/api/v1/products/?category_id=1 "HTTP/1.1 200 OK"
2025-11-25 17:33:38 - httpx - INFO - HTTP Request: GET http://test/api/v1/products?search=Test%20 "HTTP/1.1 307 Temporary Redirect"
2025-11-25 17:33:38 - httpx - INFO - HTTP Request: GET http://test/api/v1/products/?search=Test%20 "HTTP/1.1 200 OK"
2025-11-25 17:33:38 - httpx - INFO - HTTP Request: GET http://test/api/v1/products?skip=0&limit=2 "HTTP/1.1 307 Temporary Redirect"
2025-11-25 17:33:38 - httpx - INFO - HTTP Request: GET http://test/api/v1/products/?skip=0&limit=2 "HTTP/1.1 200 OK"
2025-11-25 17:33:38 - httpx - INFO - HTTP Request: GET http://test/api/v1/products?skip=2&limit=2 "HTTP/1.1 307 Temporary Redirect"
2025-11-25 17:33:38 - httpx - INFO - HTTP Request: GET http://test/api/v1/products/?skip=2&limit=2 "HTTP/1.1 200 OK"
2025-11-25 17:33:38 - httpx - INFO - HTTP Request: GET http://test/api/v1/products/test-product "HTTP/1.1 200 OK"
2025-11-25 17:33:39 - httpx - INFO - HTTP Request: GET http://test/api/v1/products/nonexistent-product-slug-12345 "HTTP/1.1 404 Not Found"
2025-11-25 17:33:39 - httpx - INFO - HTTP Request: GET http://test/api/v1/products/ "HTTP/1.1 200 OK"
2025-11-25 17:33:39 - httpx - INFO - HTTP Request: GET http://test/api/v1/products/popular?limit=10 "HTTP/1.1 200 OK"
2025-11-25 17:33:39 - httpx - INFO - HTTP Request: GET http://test/api/v1/products?is_new=true "HTTP/1.1 307 Temporary Redirect"
2025-11-25 17:33:39 - httpx - INFO - HTTP Request: GET http://test/api/v1/products/?is_new=true "HTTP/1.1 200 OK"
2025-11-25 17:33:39 - httpx - INFO - HTTP Request: GET http://test/api/v1/products/1/recommendations?limit=4 "HTTP/1.1 200 OK"
2025-11-25 17:33:39 - httpx - INFO - HTTP Request: GET http://test/api/v1/products/99999/recommendations?limit=4 "HTTP/1.1 404 Not Found"
2025-11-25 17:33:39 - httpx - INFO - HTTP Request: GET http://test/api/v1/products?category_id=1&is_new=true&is_popular=true "HTTP/1.1 307 Temporary Redirect"
2025-11-25 17:33:39 - httpx - INFO - HTTP Request: GET http://test/api/v1/products/?category_id=1&is_new=true&is_popular=true "HTTP/1.1 200 OK"
2025-11-25 17:33:39 - httpx - INFO - HTTP Request: GET http://test/api/v1/products?limit=1000/ "HTTP/1.1 307 Temporary Redirect"
2025-11-25 17:33:39 - httpx - INFO - HTTP Request: GET http://test/api/v1/products/?limit=1000/ "HTTP/1.1 422 Unprocessable Entity"
2025-11-25 17:33:39 - httpx - INFO - HTTP Request: GET http://test/api/v1/products?skip=-1/ "HTTP/1.1 307 Temporary Redirect"
2025-11-25 17:33:39 - httpx - INFO - HTTP Request: GET http://test/api/v1/products/?skip=-1/ "HTTP/1.1 422 Unprocessable Entity"
2025-11-25 17:33:39 - httpx - INFO - HTTP Request: GET http://test/api/v1/products/test-product "HTTP/1.1 200 OK"
2025-11-25 17:33:39 - httpx - INFO - HTTP Request: GET http://test/api/v1/promotions/ "HTTP/1.1 200 OK"
2025-11-25 17:33:39 - httpx - INFO - HTTP Request: GET http://test/api/v1/promotions/special-promotion "HTTP/1.1 200 OK"
2025-11-25 17:33:40 - httpx - INFO - HTTP Request: GET http://test/api/v1/promotions/nonexistent-promotion-slug-12345 "HTTP/1.1 404 Not Found"
2025-11-25 17:33:40 - httpx - INFO - HTTP Request: GET http://test/api/v1/promotions/ "HTTP/1.1 200 OK"
2025-11-25 17:33:40 - httpx - INFO - HTTP Request: GET http://test/api/v1/promotions/ "HTTP/1.1 200 OK"
2025-11-25 17:33:40 - httpx - INFO - HTTP Request: GET http://test/api/v1/promotions/limited-promotion "HTTP/1.1 200 OK"
2025-11-25 17:33:40 - httpx - INFO - HTTP Request: GET http://test/api/v1/promotions/?category_id=1 "HTTP/1.1 200 OK"
2025-11-25 17:33:40 - httpx - INFO - HTTP Request: GET http://test/api/v1/promotions/?product_id=1 "HTTP/1.1 200 OK"
2025-11-25 17:33:40 - httpx - INFO - HTTP Request: GET http://test/api/v1/promotions/?skip=0&limit=2 "HTTP/1.1 200 OK"
2025-11-25 17:33:40 - httpx - INFO - HTTP Request: GET http://test/api/v1/promotions/ "HTTP/1.1 200 OK"
2025-11-25 17:33:41 - httpx - INFO - HTTP Request: GET http://test/api/v1/reviews/ "HTTP/1.1 200 OK"
2025-11-25 17:33:41 - httpx - INFO - HTTP Request: GET http://test/api/v1/reviews/product/1 "HTTP/1.1 200 OK"
2025-11-25 17:33:41 - httpx - INFO - HTTP Request: GET http://test/api/v1/reviews?rating=5 "HTTP/1.1 307 Temporary Redirect"
2025-11-25 17:33:41 - httpx - INFO - HTTP Request: GET http://test/api/v1/reviews/?rating=5 "HTTP/1.1 200 OK"
2025-11-25 17:33:42 - httpx - INFO - HTTP Request: POST http://test/api/v1/reviews/ "HTTP/1.1 422 Unprocessable Entity"
2025-11-25 17:33:42 - httpx - INFO - HTTP Request: POST http://test/api/v1/reviews/ "HTTP/1.1 422 Unprocessable Entity"
2025-11-25 17:33:42 - httpx - INFO - HTTP Request: POST http://test/api/v1/reviews/ "HTTP/1.1 422 Unprocessable Entity"
2025-11-25 17:33:43 - httpx - INFO - HTTP Request: GET http://test/api/v1/reviews/me "HTTP/1.1 200 OK"
2025-11-25 17:33:43 - httpx - INFO - HTTP Request: PUT http://test/api/v1/reviews/me/1 "HTTP/1.1 200 OK"
2025-11-25 17:33:43 - httpx - INFO - HTTP Request: PUT http://test/api/v1/reviews/me/1 "HTTP/1.1 400 Bad Request"
2025-11-25 17:33:44 - httpx - INFO - HTTP Request: DELETE http://test/api/v1/reviews/me/1 "HTTP/1.1 204 No Content"
2025-11-25 17:33:44 - httpx - INFO - HTTP Request: DELETE http://test/api/v1/reviews/me/1 "HTTP/1.1 404 Not Found"
2025-11-25 17:33:45 - httpx - INFO - HTTP Request: POST http://test/api/v1/reviews/ "HTTP/1.1 422 Unprocessable Entity"
2025-11-25 17:33:45 - httpx - INFO - HTTP Request: GET http://test/api/v1/reviews?skip=0&limit=2 "HTTP/1.1 307 Temporary Redirect"
2025-11-25 17:33:45 - httpx - INFO - HTTP Request: GET http://test/api/v1/reviews/?skip=0&limit=2 "HTTP/1.1 200 OK"
2025-11-25 18:09:54 - httpx - INFO - HTTP Request: POST http://test/api/v1/auth/register "HTTP/1.1 201 Created"
2025-11-25 18:09:54 - httpx - INFO - HTTP Request: POST http://test/api/v1/auth/register "HTTP/1.1 409 Conflict"
2025-11-25 18:09:55 - httpx - INFO - HTTP Request: POST http://test/api/v1/auth/register "HTTP/1.1 409 Conflict"
2025-11-25 18:09:55 - httpx - INFO - HTTP Request: POST http://test/api/v1/auth/register "HTTP/1.1 422 Unprocessable Entity"
2025-11-25 18:09:55 - httpx - INFO - HTTP Request: POST http://test/api/v1/auth/register "HTTP/1.1 422 Unprocessable Entity"
2025-11-25 18:09:55 - httpx - INFO - HTTP Request: POST http://test/api/v1/auth/login "HTTP/1.1 200 OK"
2025-11-25 18:09:56 - httpx - INFO - HTTP Request: POST http://test/api/v1/auth/login "HTTP/1.1 401 Unauthorized"
2025-11-25 18:09:56 - httpx - INFO - HTTP Request: POST http://test/api/v1/auth/login "HTTP/1.1 401 Unauthorized"
2025-11-25 18:09:56 - httpx - INFO - HTTP Request: POST http://test/api/v1/auth/login "HTTP/1.1 403 Forbidden"
2025-11-25 18:09:57 - httpx - INFO - HTTP Request: POST http://test/api/v1/auth/login "HTTP/1.1 200 OK"
2025-11-25 18:09:57 - httpx - INFO - HTTP Request: POST http://test/api/v1/auth/refresh "HTTP/1.1 200 OK"
2025-11-25 18:09:57 - httpx - INFO - HTTP Request: POST http://test/api/v1/auth/refresh "HTTP/1.1 401 Unauthorized"
2025-11-25 18:09:59 - httpx - INFO - HTTP Request: POST http://test/api/v1/auth/refresh "HTTP/1.1 200 OK"
2025-11-25 18:10:00 - httpx - INFO - HTTP Request: GET http://test/api/v1/users/me "HTTP/1.1 403 Forbidden"
2025-11-25 18:10:00 - httpx - INFO - HTTP Request: GET http://test/api/v1/users/me "HTTP/1.1 200 OK"
2025-11-25 18:10:01 - httpx - INFO - HTTP Request: POST http://test/api/v1/auth/change-password "HTTP/1.1 422 Unprocessable Entity"
2025-11-25 18:10:01 - httpx - INFO - HTTP Request: POST http://test/api/v1/auth/change-password "HTTP/1.1 422 Unprocessable Entity"
2025-11-25 18:10:01 - httpx - INFO - HTTP Request: POST http://test/api/v1/auth/change-password "HTTP/1.1 422 Unprocessable Entity"
2025-11-25 18:10:02 - httpx - INFO - HTTP Request: POST http://test/api/v1/auth/send-sms "HTTP/1.1 200 OK"
2025-11-25 18:10:02 - httpx - INFO - HTTP Request: POST http://test/api/v1/auth/verify-sms "HTTP/1.1 401 Unauthorized"
2025-11-25 18:10:02 - httpx - INFO - HTTP Request: POST http://test/api/v1/auth/reset-password "HTTP/1.1 404 Not Found"
2025-11-25 18:10:02 - httpx - INFO - HTTP Request: POST http://test/api/v1/auth/reset-password "HTTP/1.1 404 Not Found"
